<?xml version="1.0" encoding="UTF-8"?>
<!-- Generated by org.testng.reporters.JUnitXMLReporter -->
<testsuite ignored="12" hostname="bridgeusersMBP2.lan" failures="0" tests="75" name="Command line test" time="0.141" errors="0" timestamp="2020-07-04T11:46:40 BST">
  <testcase classname="com.natasha.applitools.traditionalTests.BaseTest" name="@BeforeMethod openBrowser" time="-1.593859599896E9">
    <failure type="org.testng.TestNGException" message="
Parameter &amp;apos;browser&amp;apos; is required by BeforeMethod on method openBrowser but has not been marked @Optional or defined
">
      <![CDATA[org.testng.TestNGException: 
Parameter 'browser' is required by BeforeMethod on method openBrowser but has not been marked @Optional or defined

at java.base/java.util.ArrayList.forEach(ArrayList.java:1510)
... Removed 38 stack frames]]>
    </failure>
  </testcase> <!-- @BeforeMethod openBrowser -->
  <testcase classname="com.natasha.applitools.traditionalTests.BaseTest" name="@AfterMethod quitDriver" time="0.001">
    <failure type="kotlin.UninitializedPropertyAccessException" message="lateinit property driver has not been initialized">
      <![CDATA[kotlin.UninitializedPropertyAccessException: lateinit property driver has not been initialized
at com.natasha.applitools.traditionalTests.BaseTest.quitDriver(BaseTest.kt:167)
at java.base/java.util.ArrayList.forEach(ArrayList.java:1510)
... Removed 42 stack frames]]>
    </failure>
  </testcase> <!-- @AfterMethod quitDriver -->
  <testcase classname="com.natasha.applitools.traditionalTests.BaseTest" name="@BeforeMethod openBrowser" time="-1.593859599905E9">
    <skipped/>
  </testcase> <!-- @BeforeMethod openBrowser -->
  <testcase classname="com.natasha.applitools.traditionalTests.BaseTest" name="@AfterMethod quitDriver" time="0.001">
    <failure type="kotlin.UninitializedPropertyAccessException" message="lateinit property driver has not been initialized">
      <![CDATA[kotlin.UninitializedPropertyAccessException: lateinit property driver has not been initialized
at com.natasha.applitools.traditionalTests.BaseTest.quitDriver(BaseTest.kt:167)
at java.base/java.util.ArrayList.forEach(ArrayList.java:1510)
... Removed 42 stack frames]]>
    </failure>
  </testcase> <!-- @AfterMethod quitDriver -->
  <testcase classname="com.natasha.applitools.traditionalTests.BaseTest" name="@BeforeMethod openBrowser" time="-1.593859599907E9">
    <skipped/>
  </testcase> <!-- @BeforeMethod openBrowser -->
  <testcase classname="com.natasha.applitools.traditionalTests.BaseTest" name="@AfterMethod quitDriver" time="0.0">
    <failure type="kotlin.UninitializedPropertyAccessException" message="lateinit property driver has not been initialized">
      <![CDATA[kotlin.UninitializedPropertyAccessException: lateinit property driver has not been initialized
at com.natasha.applitools.traditionalTests.BaseTest.quitDriver(BaseTest.kt:167)
at java.base/java.util.ArrayList.forEach(ArrayList.java:1510)
... Removed 42 stack frames]]>
    </failure>
  </testcase> <!-- @AfterMethod quitDriver -->
  <testcase classname="com.natasha.applitools.modernTests.BaseTest" name="@BeforeMethod launchBrowser" time="-1.593859599908E9">
    <failure type="org.testng.TestNGException" message="
Parameter &amp;apos;version&amp;apos; is required by BeforeMethod on method launchBrowser but has not been marked @Optional or defined
">
      <![CDATA[org.testng.TestNGException: 
Parameter 'version' is required by BeforeMethod on method launchBrowser but has not been marked @Optional or defined

at java.base/java.util.ArrayList.forEach(ArrayList.java:1510)
... Removed 38 stack frames]]>
    </failure>
  </testcase> <!-- @BeforeMethod launchBrowser -->
  <testcase classname="com.natasha.applitools.modernTests.BaseTest" name="@AfterMethod quitDriver" time="0.001">
    <failure type="kotlin.UninitializedPropertyAccessException" message="lateinit property eyes has not been initialized">
      <![CDATA[kotlin.UninitializedPropertyAccessException: lateinit property eyes has not been initialized
at com.natasha.applitools.modernTests.BaseTest.quitDriver(BaseTest.kt:69)
at java.base/java.util.ArrayList.forEach(ArrayList.java:1510)
... Removed 42 stack frames]]>
    </failure>
  </testcase> <!-- @AfterMethod quitDriver -->
  <testcase classname="com.natasha.applitools.modernTests.BaseTest" name="@BeforeMethod launchBrowser" time="-1.593859599911E9">
    <failure type="org.testng.TestNGException" message="
Parameter &amp;apos;version&amp;apos; is required by BeforeMethod on method launchBrowser but has not been marked @Optional or defined
">
      <![CDATA[org.testng.TestNGException: 
Parameter 'version' is required by BeforeMethod on method launchBrowser but has not been marked @Optional or defined

at java.base/java.util.ArrayList.forEach(ArrayList.java:1510)
... Removed 38 stack frames]]>
    </failure>
  </testcase> <!-- @BeforeMethod launchBrowser -->
  <testcase classname="com.natasha.applitools.modernTests.BaseTest" name="@AfterMethod quitDriver" time="0.0">
    <failure type="kotlin.UninitializedPropertyAccessException" message="lateinit property eyes has not been initialized">
      <![CDATA[kotlin.UninitializedPropertyAccessException: lateinit property eyes has not been initialized
at com.natasha.applitools.modernTests.BaseTest.quitDriver(BaseTest.kt:69)
at java.base/java.util.ArrayList.forEach(ArrayList.java:1510)
... Removed 42 stack frames]]>
    </failure>
  </testcase> <!-- @AfterMethod quitDriver -->
  <testcase classname="com.natasha.applitools.traditionalTests.BaseTest" name="@BeforeMethod openBrowser" time="-1.593859599913E9">
    <skipped/>
  </testcase> <!-- @BeforeMethod openBrowser -->
  <testcase classname="com.natasha.applitools.traditionalTests.BaseTest" name="@AfterMethod quitDriver" time="0.0">
    <failure type="kotlin.UninitializedPropertyAccessException" message="lateinit property driver has not been initialized">
      <![CDATA[kotlin.UninitializedPropertyAccessException: lateinit property driver has not been initialized
at com.natasha.applitools.traditionalTests.BaseTest.quitDriver(BaseTest.kt:167)
at java.base/java.util.ArrayList.forEach(ArrayList.java:1510)
... Removed 42 stack frames]]>
    </failure>
  </testcase> <!-- @AfterMethod quitDriver -->
  <testcase classname="com.natasha.applitools.traditionalTests.BaseTest" name="@BeforeMethod openBrowser" time="-1.593859599917E9">
    <failure type="org.testng.TestNGException" message="
Parameter &amp;apos;browser&amp;apos; is required by BeforeMethod on method openBrowser but has not been marked @Optional or defined
">
      <![CDATA[org.testng.TestNGException: 
Parameter 'browser' is required by BeforeMethod on method openBrowser but has not been marked @Optional or defined

at java.base/java.util.ArrayList.forEach(ArrayList.java:1510)
... Removed 38 stack frames]]>
    </failure>
  </testcase> <!-- @BeforeMethod openBrowser -->
  <testcase classname="com.natasha.applitools.traditionalTests.BaseTest" name="@AfterMethod quitDriver" time="0.0">
    <failure type="kotlin.UninitializedPropertyAccessException" message="lateinit property driver has not been initialized">
      <![CDATA[kotlin.UninitializedPropertyAccessException: lateinit property driver has not been initialized
at com.natasha.applitools.traditionalTests.BaseTest.quitDriver(BaseTest.kt:167)
at java.base/java.util.ArrayList.forEach(ArrayList.java:1510)
... Removed 42 stack frames]]>
    </failure>
  </testcase> <!-- @AfterMethod quitDriver -->
  <testcase classname="com.natasha.applitools.modernTests.BaseTest" name="@BeforeMethod launchBrowser" time="-1.593859599919E9">
    <failure type="org.testng.TestNGException" message="
Parameter &amp;apos;version&amp;apos; is required by BeforeMethod on method launchBrowser but has not been marked @Optional or defined
">
      <![CDATA[org.testng.TestNGException: 
Parameter 'version' is required by BeforeMethod on method launchBrowser but has not been marked @Optional or defined

at java.base/java.util.ArrayList.forEach(ArrayList.java:1510)
... Removed 38 stack frames]]>
    </failure>
  </testcase> <!-- @BeforeMethod launchBrowser -->
  <testcase classname="com.natasha.applitools.modernTests.BaseTest" name="@AfterMethod quitDriver" time="0.001">
    <failure type="kotlin.UninitializedPropertyAccessException" message="lateinit property eyes has not been initialized">
      <![CDATA[kotlin.UninitializedPropertyAccessException: lateinit property eyes has not been initialized
at com.natasha.applitools.modernTests.BaseTest.quitDriver(BaseTest.kt:69)
at java.base/java.util.ArrayList.forEach(ArrayList.java:1510)
... Removed 42 stack frames]]>
    </failure>
  </testcase> <!-- @AfterMethod quitDriver -->
  <testcase classname="com.natasha.applitools.modernTests.BaseTest" name="@BeforeMethod launchBrowser" time="-1.593859599921E9">
    <failure type="org.testng.TestNGException" message="
Parameter &amp;apos;version&amp;apos; is required by BeforeMethod on method launchBrowser but has not been marked @Optional or defined
">
      <![CDATA[org.testng.TestNGException: 
Parameter 'version' is required by BeforeMethod on method launchBrowser but has not been marked @Optional or defined

at java.base/java.util.ArrayList.forEach(ArrayList.java:1510)
... Removed 38 stack frames]]>
    </failure>
  </testcase> <!-- @BeforeMethod launchBrowser -->
  <testcase classname="com.natasha.applitools.modernTests.BaseTest" name="@AfterMethod quitDriver" time="0.0">
    <failure type="kotlin.UninitializedPropertyAccessException" message="lateinit property eyes has not been initialized">
      <![CDATA[kotlin.UninitializedPropertyAccessException: lateinit property eyes has not been initialized
at com.natasha.applitools.modernTests.BaseTest.quitDriver(BaseTest.kt:69)
at java.base/java.util.ArrayList.forEach(ArrayList.java:1510)
... Removed 42 stack frames]]>
    </failure>
  </testcase> <!-- @AfterMethod quitDriver -->
  <testcase classname="com.natasha.applitools.traditionalTests.BaseTest" name="@BeforeMethod openBrowser" time="-1.593859599923E9">
    <failure type="org.testng.TestNGException" message="
Parameter &amp;apos;browser&amp;apos; is required by BeforeMethod on method openBrowser but has not been marked @Optional or defined
">
      <![CDATA[org.testng.TestNGException: 
Parameter 'browser' is required by BeforeMethod on method openBrowser but has not been marked @Optional or defined

at java.base/java.util.ArrayList.forEach(ArrayList.java:1510)
... Removed 38 stack frames]]>
    </failure>
  </testcase> <!-- @BeforeMethod openBrowser -->
  <testcase classname="com.natasha.applitools.traditionalTests.BaseTest" name="@AfterMethod quitDriver" time="0.0">
    <failure type="kotlin.UninitializedPropertyAccessException" message="lateinit property driver has not been initialized">
      <![CDATA[kotlin.UninitializedPropertyAccessException: lateinit property driver has not been initialized
at com.natasha.applitools.traditionalTests.BaseTest.quitDriver(BaseTest.kt:167)
at java.base/java.util.ArrayList.forEach(ArrayList.java:1510)
... Removed 42 stack frames]]>
    </failure>
  </testcase> <!-- @AfterMethod quitDriver -->
  <testcase classname="com.natasha.applitools.traditionalTests.BaseTest" name="@BeforeMethod openBrowser" time="-1.593859599925E9">
    <skipped/>
  </testcase> <!-- @BeforeMethod openBrowser -->
  <testcase classname="com.natasha.applitools.traditionalTests.BaseTest" name="@AfterMethod quitDriver" time="0.0">
    <failure type="kotlin.UninitializedPropertyAccessException" message="lateinit property driver has not been initialized">
      <![CDATA[kotlin.UninitializedPropertyAccessException: lateinit property driver has not been initialized
at com.natasha.applitools.traditionalTests.BaseTest.quitDriver(BaseTest.kt:167)
at java.base/java.util.ArrayList.forEach(ArrayList.java:1510)
... Removed 42 stack frames]]>
    </failure>
  </testcase> <!-- @AfterMethod quitDriver -->
  <testcase classname="com.natasha.applitools.traditionalTests.BaseTest" name="@BeforeMethod openBrowser" time="-1.593859599926E9">
    <skipped/>
  </testcase> <!-- @BeforeMethod openBrowser -->
  <testcase classname="com.natasha.applitools.traditionalTests.BaseTest" name="@AfterMethod quitDriver" time="0.0">
    <failure type="kotlin.UninitializedPropertyAccessException" message="lateinit property driver has not been initialized">
      <![CDATA[kotlin.UninitializedPropertyAccessException: lateinit property driver has not been initialized
at com.natasha.applitools.traditionalTests.BaseTest.quitDriver(BaseTest.kt:167)
at java.base/java.util.ArrayList.forEach(ArrayList.java:1510)
... Removed 42 stack frames]]>
    </failure>
  </testcase> <!-- @AfterMethod quitDriver -->
  <testcase classname="com.natasha.applitools.traditionalTests.BaseTest" name="@BeforeMethod openBrowser" time="-1.593859599928E9">
    <skipped/>
  </testcase> <!-- @BeforeMethod openBrowser -->
  <testcase classname="com.natasha.applitools.traditionalTests.BaseTest" name="@AfterMethod quitDriver" time="0.001">
    <failure type="kotlin.UninitializedPropertyAccessException" message="lateinit property driver has not been initialized">
      <![CDATA[kotlin.UninitializedPropertyAccessException: lateinit property driver has not been initialized
at com.natasha.applitools.traditionalTests.BaseTest.quitDriver(BaseTest.kt:167)
at java.base/java.util.ArrayList.forEach(ArrayList.java:1510)
... Removed 42 stack frames]]>
    </failure>
  </testcase> <!-- @AfterMethod quitDriver -->
  <testcase classname="com.natasha.applitools.traditionalTests.BaseTest" name="@BeforeMethod openBrowser" time="-1.59385959993E9">
    <skipped/>
  </testcase> <!-- @BeforeMethod openBrowser -->
  <testcase classname="com.natasha.applitools.traditionalTests.BaseTest" name="@AfterMethod quitDriver" time="0.001">
    <failure type="kotlin.UninitializedPropertyAccessException" message="lateinit property driver has not been initialized">
      <![CDATA[kotlin.UninitializedPropertyAccessException: lateinit property driver has not been initialized
at com.natasha.applitools.traditionalTests.BaseTest.quitDriver(BaseTest.kt:167)
at java.base/java.util.ArrayList.forEach(ArrayList.java:1510)
... Removed 42 stack frames]]>
    </failure>
  </testcase> <!-- @AfterMethod quitDriver -->
  <testcase classname="com.natasha.applitools.traditionalTests.BaseTest" name="@BeforeMethod openBrowser" time="-1.593859599931E9">
    <skipped/>
  </testcase> <!-- @BeforeMethod openBrowser -->
  <testcase classname="com.natasha.applitools.traditionalTests.BaseTest" name="@AfterMethod quitDriver" time="0.0">
    <failure type="kotlin.UninitializedPropertyAccessException" message="lateinit property driver has not been initialized">
      <![CDATA[kotlin.UninitializedPropertyAccessException: lateinit property driver has not been initialized
at com.natasha.applitools.traditionalTests.BaseTest.quitDriver(BaseTest.kt:167)
at java.base/java.util.ArrayList.forEach(ArrayList.java:1510)
... Removed 42 stack frames]]>
    </failure>
  </testcase> <!-- @AfterMethod quitDriver -->
  <testcase classname="com.natasha.applitools.traditionalTests.BaseTest" name="@BeforeMethod openBrowser" time="-1.593859599933E9">
    <skipped/>
  </testcase> <!-- @BeforeMethod openBrowser -->
  <testcase classname="com.natasha.applitools.traditionalTests.BaseTest" name="@AfterMethod quitDriver" time="0.0">
    <failure type="kotlin.UninitializedPropertyAccessException" message="lateinit property driver has not been initialized">
      <![CDATA[kotlin.UninitializedPropertyAccessException: lateinit property driver has not been initialized
at com.natasha.applitools.traditionalTests.BaseTest.quitDriver(BaseTest.kt:167)
at java.base/java.util.ArrayList.forEach(ArrayList.java:1510)
... Removed 42 stack frames]]>
    </failure>
  </testcase> <!-- @AfterMethod quitDriver -->
  <testcase classname="com.natasha.applitools.traditionalTests.BaseTest" name="@BeforeMethod openBrowser" time="-1.593859599934E9">
    <skipped/>
  </testcase> <!-- @BeforeMethod openBrowser -->
  <testcase classname="com.natasha.applitools.traditionalTests.BaseTest" name="@AfterMethod quitDriver" time="0.001">
    <failure type="kotlin.UninitializedPropertyAccessException" message="lateinit property driver has not been initialized">
      <![CDATA[kotlin.UninitializedPropertyAccessException: lateinit property driver has not been initialized
at com.natasha.applitools.traditionalTests.BaseTest.quitDriver(BaseTest.kt:167)
at java.base/java.util.ArrayList.forEach(ArrayList.java:1510)
... Removed 42 stack frames]]>
    </failure>
  </testcase> <!-- @AfterMethod quitDriver -->
  <testcase classname="com.natasha.applitools.traditionalTests.BaseTest" name="@BeforeMethod openBrowser" time="-1.593859599936E9">
    <skipped/>
  </testcase> <!-- @BeforeMethod openBrowser -->
  <testcase classname="com.natasha.applitools.traditionalTests.BaseTest" name="@AfterMethod quitDriver" time="0.0">
    <failure type="kotlin.UninitializedPropertyAccessException" message="lateinit property driver has not been initialized">
      <![CDATA[kotlin.UninitializedPropertyAccessException: lateinit property driver has not been initialized
at com.natasha.applitools.traditionalTests.BaseTest.quitDriver(BaseTest.kt:167)
at java.base/java.util.ArrayList.forEach(ArrayList.java:1510)
... Removed 42 stack frames]]>
    </failure>
  </testcase> <!-- @AfterMethod quitDriver -->
  <testcase classname="com.natasha.applitools.traditionalTests.BaseTest" name="@BeforeMethod openBrowser" time="-1.593859599938E9">
    <skipped/>
  </testcase> <!-- @BeforeMethod openBrowser -->
  <testcase classname="com.natasha.applitools.traditionalTests.BaseTest" name="@AfterMethod quitDriver" time="0.001">
    <failure type="kotlin.UninitializedPropertyAccessException" message="lateinit property driver has not been initialized">
      <![CDATA[kotlin.UninitializedPropertyAccessException: lateinit property driver has not been initialized
at com.natasha.applitools.traditionalTests.BaseTest.quitDriver(BaseTest.kt:167)
at java.base/java.util.ArrayList.forEach(ArrayList.java:1510)
... Removed 42 stack frames]]>
    </failure>
  </testcase> <!-- @AfterMethod quitDriver -->
  <testcase classname="com.natasha.applitools.traditionalTests.BaseTest" name="@BeforeMethod openBrowser" time="-1.59385959994E9">
    <skipped/>
  </testcase> <!-- @BeforeMethod openBrowser -->
  <testcase classname="com.natasha.applitools.traditionalTests.BaseTest" name="@AfterMethod quitDriver" time="0.001">
    <failure type="kotlin.UninitializedPropertyAccessException" message="lateinit property driver has not been initialized">
      <![CDATA[kotlin.UninitializedPropertyAccessException: lateinit property driver has not been initialized
at com.natasha.applitools.traditionalTests.BaseTest.quitDriver(BaseTest.kt:167)
at java.base/java.util.ArrayList.forEach(ArrayList.java:1510)
... Removed 42 stack frames]]>
    </failure>
  </testcase> <!-- @AfterMethod quitDriver -->
  <testcase classname="com.natasha.applitools.traditionalTests.BaseTest" name="@BeforeMethod openBrowser" time="-1.593859599942E9">
    <skipped/>
  </testcase> <!-- @BeforeMethod openBrowser -->
  <testcase classname="com.natasha.applitools.traditionalTests.BaseTest" name="@AfterMethod quitDriver" time="0.0">
    <failure type="kotlin.UninitializedPropertyAccessException" message="lateinit property driver has not been initialized">
      <![CDATA[kotlin.UninitializedPropertyAccessException: lateinit property driver has not been initialized
at com.natasha.applitools.traditionalTests.BaseTest.quitDriver(BaseTest.kt:167)
at java.base/java.util.ArrayList.forEach(ArrayList.java:1510)
... Removed 41 stack frames]]>
    </failure>
  </testcase> <!-- @AfterMethod quitDriver -->
  <testcase classname="com.natasha.applitools.traditionalTests.BaseTest" name="@BeforeMethod openBrowser" time="-1.593859599944E9">
    <skipped/>
  </testcase> <!-- @BeforeMethod openBrowser -->
  <testcase classname="com.natasha.applitools.traditionalTests.BaseTest" name="@AfterMethod quitDriver" time="0.001">
    <failure type="kotlin.UninitializedPropertyAccessException" message="lateinit property driver has not been initialized">
      <![CDATA[kotlin.UninitializedPropertyAccessException: lateinit property driver has not been initialized
at com.natasha.applitools.traditionalTests.BaseTest.quitDriver(BaseTest.kt:167)
at java.base/java.util.ArrayList.forEach(ArrayList.java:1510)
... Removed 41 stack frames]]>
    </failure>
  </testcase> <!-- @AfterMethod quitDriver -->
  <testcase classname="com.natasha.applitools.traditionalTests.BaseTest" name="@BeforeMethod openBrowser" time="-1.593859599946E9">
    <skipped/>
  </testcase> <!-- @BeforeMethod openBrowser -->
  <testcase classname="com.natasha.applitools.traditionalTests.BaseTest" name="@AfterMethod quitDriver" time="0.0">
    <failure type="kotlin.UninitializedPropertyAccessException" message="lateinit property driver has not been initialized">
      <![CDATA[kotlin.UninitializedPropertyAccessException: lateinit property driver has not been initialized
at com.natasha.applitools.traditionalTests.BaseTest.quitDriver(BaseTest.kt:167)
at java.base/java.util.ArrayList.forEach(ArrayList.java:1510)
... Removed 41 stack frames]]>
    </failure>
  </testcase> <!-- @AfterMethod quitDriver -->
  <testcase classname="com.natasha.applitools.traditionalTests.BaseTest" name="@BeforeMethod openBrowser" time="-1.593859599948E9">
    <skipped/>
  </testcase> <!-- @BeforeMethod openBrowser -->
  <testcase classname="com.natasha.applitools.traditionalTests.BaseTest" name="@AfterMethod quitDriver" time="0.001">
    <failure type="kotlin.UninitializedPropertyAccessException" message="lateinit property driver has not been initialized">
      <![CDATA[kotlin.UninitializedPropertyAccessException: lateinit property driver has not been initialized
at com.natasha.applitools.traditionalTests.BaseTest.quitDriver(BaseTest.kt:167)
at java.base/java.util.ArrayList.forEach(ArrayList.java:1510)
... Removed 41 stack frames]]>
    </failure>
  </testcase> <!-- @AfterMethod quitDriver -->
  <testcase classname="com.natasha.applitools.traditionalTests.BaseTest" name="@BeforeMethod openBrowser" time="-1.59385959995E9">
    <skipped/>
  </testcase> <!-- @BeforeMethod openBrowser -->
  <testcase classname="com.natasha.applitools.traditionalTests.BaseTest" name="@AfterMethod quitDriver" time="0.0">
    <failure type="kotlin.UninitializedPropertyAccessException" message="lateinit property driver has not been initialized">
      <![CDATA[kotlin.UninitializedPropertyAccessException: lateinit property driver has not been initialized
at com.natasha.applitools.traditionalTests.BaseTest.quitDriver(BaseTest.kt:167)
at java.base/java.util.ArrayList.forEach(ArrayList.java:1510)
... Removed 41 stack frames]]>
    </failure>
  </testcase> <!-- @AfterMethod quitDriver -->
  <testcase classname="com.natasha.applitools.modernTests.BaseTest" name="@BeforeMethod launchBrowser" time="-1.593859599951E9">
    <failure type="org.testng.TestNGException" message="
Parameter &amp;apos;version&amp;apos; is required by BeforeMethod on method launchBrowser but has not been marked @Optional or defined
">
      <![CDATA[org.testng.TestNGException: 
Parameter 'version' is required by BeforeMethod on method launchBrowser but has not been marked @Optional or defined

at java.base/java.util.ArrayList.forEach(ArrayList.java:1510)
... Removed 38 stack frames]]>
    </failure>
  </testcase> <!-- @BeforeMethod launchBrowser -->
  <testcase classname="com.natasha.applitools.modernTests.BaseTest" name="@AfterMethod quitDriver" time="0.001">
    <failure type="kotlin.UninitializedPropertyAccessException" message="lateinit property eyes has not been initialized">
      <![CDATA[kotlin.UninitializedPropertyAccessException: lateinit property eyes has not been initialized
at com.natasha.applitools.modernTests.BaseTest.quitDriver(BaseTest.kt:69)
at java.base/java.util.ArrayList.forEach(ArrayList.java:1510)
... Removed 42 stack frames]]>
    </failure>
  </testcase> <!-- @AfterMethod quitDriver -->
  <testcase classname="com.natasha.applitools.modernTests.BaseTest" name="@BeforeMethod launchBrowser" time="-1.593859599954E9">
    <failure type="org.testng.TestNGException" message="
Parameter &amp;apos;version&amp;apos; is required by BeforeMethod on method launchBrowser but has not been marked @Optional or defined
">
      <![CDATA[org.testng.TestNGException: 
Parameter 'version' is required by BeforeMethod on method launchBrowser but has not been marked @Optional or defined

at java.base/java.util.ArrayList.forEach(ArrayList.java:1510)
... Removed 38 stack frames]]>
    </failure>
  </testcase> <!-- @BeforeMethod launchBrowser -->
  <testcase classname="com.natasha.applitools.modernTests.BaseTest" name="@AfterMethod quitDriver" time="0.0">
    <failure type="kotlin.UninitializedPropertyAccessException" message="lateinit property eyes has not been initialized">
      <![CDATA[kotlin.UninitializedPropertyAccessException: lateinit property eyes has not been initialized
at com.natasha.applitools.modernTests.BaseTest.quitDriver(BaseTest.kt:69)
at java.base/java.util.ArrayList.forEach(ArrayList.java:1510)
... Removed 42 stack frames]]>
    </failure>
  </testcase> <!-- @AfterMethod quitDriver -->
  <testcase classname="com.natasha.applitools.modernTests.BaseTest" name="@BeforeMethod launchBrowser" time="-1.593859599956E9">
    <failure type="org.testng.TestNGException" message="
Parameter &amp;apos;version&amp;apos; is required by BeforeMethod on method launchBrowser but has not been marked @Optional or defined
">
      <![CDATA[org.testng.TestNGException: 
Parameter 'version' is required by BeforeMethod on method launchBrowser but has not been marked @Optional or defined

at java.base/java.util.ArrayList.forEach(ArrayList.java:1510)
... Removed 38 stack frames]]>
    </failure>
  </testcase> <!-- @BeforeMethod launchBrowser -->
  <testcase classname="com.natasha.applitools.modernTests.BaseTest" name="@AfterMethod quitDriver" time="0.001">
    <failure type="kotlin.UninitializedPropertyAccessException" message="lateinit property eyes has not been initialized">
      <![CDATA[kotlin.UninitializedPropertyAccessException: lateinit property eyes has not been initialized
at com.natasha.applitools.modernTests.BaseTest.quitDriver(BaseTest.kt:69)
at java.base/java.util.ArrayList.forEach(ArrayList.java:1510)
... Removed 42 stack frames]]>
    </failure>
  </testcase> <!-- @AfterMethod quitDriver -->
  <testcase classname="com.natasha.applitools.modernTests.BaseTest" name="@BeforeMethod launchBrowser" time="-1.593859599957E9">
    <failure type="org.testng.TestNGException" message="
Parameter &amp;apos;version&amp;apos; is required by BeforeMethod on method launchBrowser but has not been marked @Optional or defined
">
      <![CDATA[org.testng.TestNGException: 
Parameter 'version' is required by BeforeMethod on method launchBrowser but has not been marked @Optional or defined

at java.base/java.util.ArrayList.forEach(ArrayList.java:1510)
... Removed 38 stack frames]]>
    </failure>
  </testcase> <!-- @BeforeMethod launchBrowser -->
  <testcase classname="com.natasha.applitools.modernTests.BaseTest" name="@AfterMethod quitDriver" time="0.0">
    <failure type="kotlin.UninitializedPropertyAccessException" message="lateinit property eyes has not been initialized">
      <![CDATA[kotlin.UninitializedPropertyAccessException: lateinit property eyes has not been initialized
at com.natasha.applitools.modernTests.BaseTest.quitDriver(BaseTest.kt:69)
at java.base/java.util.ArrayList.forEach(ArrayList.java:1510)
... Removed 42 stack frames]]>
    </failure>
  </testcase> <!-- @AfterMethod quitDriver -->
  <testcase classname="com.natasha.applitools.traditionalTests.BaseTest" name="@BeforeMethod openBrowser" time="-1.593859599959E9">
    <failure type="org.testng.TestNGException" message="
Parameter &amp;apos;browser&amp;apos; is required by BeforeMethod on method openBrowser but has not been marked @Optional or defined
">
      <![CDATA[org.testng.TestNGException: 
Parameter 'browser' is required by BeforeMethod on method openBrowser but has not been marked @Optional or defined

at java.base/java.util.ArrayList.forEach(ArrayList.java:1510)
... Removed 38 stack frames]]>
    </failure>
  </testcase> <!-- @BeforeMethod openBrowser -->
  <testcase classname="com.natasha.applitools.traditionalTests.BaseTest" name="@AfterMethod quitDriver" time="0.0">
    <failure type="kotlin.UninitializedPropertyAccessException" message="lateinit property driver has not been initialized">
      <![CDATA[kotlin.UninitializedPropertyAccessException: lateinit property driver has not been initialized
at com.natasha.applitools.traditionalTests.BaseTest.quitDriver(BaseTest.kt:167)
at java.base/java.util.ArrayList.forEach(ArrayList.java:1510)
... Removed 41 stack frames]]>
    </failure>
  </testcase> <!-- @AfterMethod quitDriver -->
  <testcase classname="com.natasha.applitools.modernTests.BaseTest" name="@BeforeMethod launchBrowser" time="-1.593859599961E9">
    <failure type="org.testng.TestNGException" message="
Parameter &amp;apos;version&amp;apos; is required by BeforeMethod on method launchBrowser but has not been marked @Optional or defined
">
      <![CDATA[org.testng.TestNGException: 
Parameter 'version' is required by BeforeMethod on method launchBrowser but has not been marked @Optional or defined

at java.base/java.util.ArrayList.forEach(ArrayList.java:1510)
... Removed 38 stack frames]]>
    </failure>
  </testcase> <!-- @BeforeMethod launchBrowser -->
  <testcase classname="com.natasha.applitools.modernTests.BaseTest" name="@AfterMethod quitDriver" time="0.0">
    <failure type="kotlin.UninitializedPropertyAccessException" message="lateinit property eyes has not been initialized">
      <![CDATA[kotlin.UninitializedPropertyAccessException: lateinit property eyes has not been initialized
at com.natasha.applitools.modernTests.BaseTest.quitDriver(BaseTest.kt:69)
at java.base/java.util.ArrayList.forEach(ArrayList.java:1510)
... Removed 42 stack frames]]>
    </failure>
  </testcase> <!-- @AfterMethod quitDriver -->
  <testcase classname="com.natasha.applitools.modernTests.BaseTest" name="@BeforeMethod launchBrowser" time="-1.593859599963E9">
    <failure type="org.testng.TestNGException" message="
Parameter &amp;apos;version&amp;apos; is required by BeforeMethod on method launchBrowser but has not been marked @Optional or defined
">
      <![CDATA[org.testng.TestNGException: 
Parameter 'version' is required by BeforeMethod on method launchBrowser but has not been marked @Optional or defined

at java.base/java.util.ArrayList.forEach(ArrayList.java:1510)
... Removed 38 stack frames]]>
    </failure>
  </testcase> <!-- @BeforeMethod launchBrowser -->
  <testcase classname="com.natasha.applitools.modernTests.BaseTest" name="@AfterMethod quitDriver" time="0.001">
    <failure type="kotlin.UninitializedPropertyAccessException" message="lateinit property eyes has not been initialized">
      <![CDATA[kotlin.UninitializedPropertyAccessException: lateinit property eyes has not been initialized
at com.natasha.applitools.modernTests.BaseTest.quitDriver(BaseTest.kt:69)
at java.base/java.util.ArrayList.forEach(ArrayList.java:1510)
... Removed 42 stack frames]]>
    </failure>
  </testcase> <!-- @AfterMethod quitDriver -->
  <testcase classname="com.natasha.applitools.traditionalTests.BaseTest" name="@BeforeMethod openBrowser" time="-1.593859599965E9">
    <failure type="org.testng.TestNGException" message="
Parameter &amp;apos;browser&amp;apos; is required by BeforeMethod on method openBrowser but has not been marked @Optional or defined
">
      <![CDATA[org.testng.TestNGException: 
Parameter 'browser' is required by BeforeMethod on method openBrowser but has not been marked @Optional or defined

at java.base/java.util.ArrayList.forEach(ArrayList.java:1510)
... Removed 38 stack frames]]>
    </failure>
  </testcase> <!-- @BeforeMethod openBrowser -->
  <testcase classname="com.natasha.applitools.traditionalTests.BaseTest" name="@AfterMethod quitDriver" time="0.0">
    <failure type="kotlin.UninitializedPropertyAccessException" message="lateinit property driver has not been initialized">
      <![CDATA[kotlin.UninitializedPropertyAccessException: lateinit property driver has not been initialized
at com.natasha.applitools.traditionalTests.BaseTest.quitDriver(BaseTest.kt:167)
at java.base/java.util.ArrayList.forEach(ArrayList.java:1510)
... Removed 41 stack frames]]>
    </failure>
  </testcase> <!-- @AfterMethod quitDriver -->
  <testcase classname="com.natasha.applitools.traditionalTests.BaseTest" name="@BeforeMethod openBrowser" time="-1.593859599966E9">
    <skipped/>
  </testcase> <!-- @BeforeMethod openBrowser -->
  <testcase classname="com.natasha.applitools.traditionalTests.BaseTest" name="@AfterMethod quitDriver" time="0.001">
    <failure type="kotlin.UninitializedPropertyAccessException" message="lateinit property driver has not been initialized">
      <![CDATA[kotlin.UninitializedPropertyAccessException: lateinit property driver has not been initialized
at com.natasha.applitools.traditionalTests.BaseTest.quitDriver(BaseTest.kt:167)
at java.base/java.util.ArrayList.forEach(ArrayList.java:1510)
... Removed 41 stack frames]]>
    </failure>
  </testcase> <!-- @AfterMethod quitDriver -->
  <testcase classname="com.natasha.applitools.traditionalTests.BaseTest" name="@BeforeMethod openBrowser" time="-1.593859599967E9">
    <skipped/>
  </testcase> <!-- @BeforeMethod openBrowser -->
  <testcase classname="com.natasha.applitools.traditionalTests.BaseTest" name="@AfterMethod quitDriver" time="0.001">
    <failure type="kotlin.UninitializedPropertyAccessException" message="lateinit property driver has not been initialized">
      <![CDATA[kotlin.UninitializedPropertyAccessException: lateinit property driver has not been initialized
at com.natasha.applitools.traditionalTests.BaseTest.quitDriver(BaseTest.kt:167)
at java.base/java.util.ArrayList.forEach(ArrayList.java:1510)
... Removed 41 stack frames]]>
    </failure>
  </testcase> <!-- @AfterMethod quitDriver -->
  <testcase classname="com.natasha.applitools.traditionalTests.BaseTest" name="@BeforeMethod openBrowser" time="-1.593859599968E9">
    <skipped/>
  </testcase> <!-- @BeforeMethod openBrowser -->
  <testcase classname="com.natasha.applitools.traditionalTests.BaseTest" name="@AfterMethod quitDriver" time="0.001">
    <failure type="kotlin.UninitializedPropertyAccessException" message="lateinit property driver has not been initialized">
      <![CDATA[kotlin.UninitializedPropertyAccessException: lateinit property driver has not been initialized
at com.natasha.applitools.traditionalTests.BaseTest.quitDriver(BaseTest.kt:167)
at java.base/java.util.ArrayList.forEach(ArrayList.java:1510)
... Removed 41 stack frames]]>
    </failure>
  </testcase> <!-- @AfterMethod quitDriver -->
  <testcase classname="com.natasha.applitools.traditionalTests.BaseTest" name="@BeforeMethod openBrowser" time="-1.593859599969E9">
    <skipped/>
  </testcase> <!-- @BeforeMethod openBrowser -->
  <testcase classname="com.natasha.applitools.traditionalTests.BaseTest" name="@AfterMethod quitDriver" time="0.0">
    <failure type="kotlin.UninitializedPropertyAccessException" message="lateinit property driver has not been initialized">
      <![CDATA[kotlin.UninitializedPropertyAccessException: lateinit property driver has not been initialized
at com.natasha.applitools.traditionalTests.BaseTest.quitDriver(BaseTest.kt:167)
at java.base/java.util.ArrayList.forEach(ArrayList.java:1510)
... Removed 41 stack frames]]>
    </failure>
  </testcase> <!-- @AfterMethod quitDriver -->
  <testcase classname="com.natasha.applitools.traditionalTests.BaseTest" name="@BeforeMethod openBrowser" time="-1.59385959997E9">
    <skipped/>
  </testcase> <!-- @BeforeMethod openBrowser -->
  <testcase classname="com.natasha.applitools.traditionalTests.BaseTest" name="@AfterMethod quitDriver" time="0.001">
    <failure type="kotlin.UninitializedPropertyAccessException" message="lateinit property driver has not been initialized">
      <![CDATA[kotlin.UninitializedPropertyAccessException: lateinit property driver has not been initialized
at com.natasha.applitools.traditionalTests.BaseTest.quitDriver(BaseTest.kt:167)
at java.base/java.util.ArrayList.forEach(ArrayList.java:1510)
... Removed 41 stack frames]]>
    </failure>
  </testcase> <!-- @AfterMethod quitDriver -->
  <testcase classname="com.natasha.applitools.traditionalTests.BaseTest" name="@BeforeMethod openBrowser" time="-1.593859599971E9">
    <skipped/>
  </testcase> <!-- @BeforeMethod openBrowser -->
  <testcase classname="com.natasha.applitools.traditionalTests.BaseTest" name="@AfterMethod quitDriver" time="0.001">
    <failure type="kotlin.UninitializedPropertyAccessException" message="lateinit property driver has not been initialized">
      <![CDATA[kotlin.UninitializedPropertyAccessException: lateinit property driver has not been initialized
at com.natasha.applitools.traditionalTests.BaseTest.quitDriver(BaseTest.kt:167)
at java.base/java.util.ArrayList.forEach(ArrayList.java:1510)
... Removed 41 stack frames]]>
    </failure>
  </testcase> <!-- @AfterMethod quitDriver -->
  <testcase classname="com.natasha.applitools.traditionalTests.BaseTest" name="@BeforeMethod openBrowser" time="-1.593859599972E9">
    <skipped/>
  </testcase> <!-- @BeforeMethod openBrowser -->
  <testcase classname="com.natasha.applitools.traditionalTests.BaseTest" name="@AfterMethod quitDriver" time="0.001">
    <failure type="kotlin.UninitializedPropertyAccessException" message="lateinit property driver has not been initialized">
      <![CDATA[kotlin.UninitializedPropertyAccessException: lateinit property driver has not been initialized
at com.natasha.applitools.traditionalTests.BaseTest.quitDriver(BaseTest.kt:167)
at java.base/java.util.ArrayList.forEach(ArrayList.java:1510)
... Removed 41 stack frames]]>
    </failure>
  </testcase> <!-- @AfterMethod quitDriver -->
  <testcase classname="com.natasha.applitools.traditionalTests.BaseTest" name="@BeforeMethod openBrowser" time="-1.593859599973E9">
    <skipped/>
  </testcase> <!-- @BeforeMethod openBrowser -->
  <testcase classname="com.natasha.applitools.traditionalTests.BaseTest" name="@AfterMethod quitDriver" time="0.001">
    <failure type="kotlin.UninitializedPropertyAccessException" message="lateinit property driver has not been initialized">
      <![CDATA[kotlin.UninitializedPropertyAccessException: lateinit property driver has not been initialized
at com.natasha.applitools.traditionalTests.BaseTest.quitDriver(BaseTest.kt:167)
at java.base/java.util.ArrayList.forEach(ArrayList.java:1510)
... Removed 41 stack frames]]>
    </failure>
  </testcase> <!-- @AfterMethod quitDriver -->
  <testcase classname="com.natasha.applitools.traditionalTests.BaseTest" name="@BeforeMethod openBrowser" time="-1.593859599974E9">
    <skipped/>
  </testcase> <!-- @BeforeMethod openBrowser -->
  <testcase classname="com.natasha.applitools.traditionalTests.BaseTest" name="@AfterMethod quitDriver" time="0.0">
    <failure type="kotlin.UninitializedPropertyAccessException" message="lateinit property driver has not been initialized">
      <![CDATA[kotlin.UninitializedPropertyAccessException: lateinit property driver has not been initialized
at com.natasha.applitools.traditionalTests.BaseTest.quitDriver(BaseTest.kt:167)
at java.base/java.util.ArrayList.forEach(ArrayList.java:1510)
... Removed 41 stack frames]]>
    </failure>
  </testcase> <!-- @AfterMethod quitDriver -->
  <testcase classname="com.natasha.applitools.traditionalTests.BaseTest" name="@BeforeMethod openBrowser" time="-1.593859599975E9">
    <skipped/>
  </testcase> <!-- @BeforeMethod openBrowser -->
  <testcase classname="com.natasha.applitools.traditionalTests.BaseTest" name="@AfterMethod quitDriver" time="0.001">
    <failure type="kotlin.UninitializedPropertyAccessException" message="lateinit property driver has not been initialized">
      <![CDATA[kotlin.UninitializedPropertyAccessException: lateinit property driver has not been initialized
at com.natasha.applitools.traditionalTests.BaseTest.quitDriver(BaseTest.kt:167)
at java.base/java.util.ArrayList.forEach(ArrayList.java:1510)
... Removed 41 stack frames]]>
    </failure>
  </testcase> <!-- @AfterMethod quitDriver -->
  <testcase classname="com.natasha.applitools.traditionalTests.BaseTest" name="@BeforeMethod openBrowser" time="-1.593859599976E9">
    <skipped/>
  </testcase> <!-- @BeforeMethod openBrowser -->
  <testcase classname="com.natasha.applitools.traditionalTests.BaseTest" name="@AfterMethod quitDriver" time="0.0">
    <failure type="kotlin.UninitializedPropertyAccessException" message="lateinit property driver has not been initialized">
      <![CDATA[kotlin.UninitializedPropertyAccessException: lateinit property driver has not been initialized
at com.natasha.applitools.traditionalTests.BaseTest.quitDriver(BaseTest.kt:167)
at java.base/java.util.ArrayList.forEach(ArrayList.java:1510)
... Removed 41 stack frames]]>
    </failure>
  </testcase> <!-- @AfterMethod quitDriver -->
  <testcase classname="com.natasha.applitools.traditionalTests.BaseTest" name="@BeforeMethod openBrowser" time="-1.593859599977E9">
    <skipped/>
  </testcase> <!-- @BeforeMethod openBrowser -->
  <testcase classname="com.natasha.applitools.traditionalTests.BaseTest" name="@AfterMethod quitDriver" time="0.0">
    <failure type="kotlin.UninitializedPropertyAccessException" message="lateinit property driver has not been initialized">
      <![CDATA[kotlin.UninitializedPropertyAccessException: lateinit property driver has not been initialized
at com.natasha.applitools.traditionalTests.BaseTest.quitDriver(BaseTest.kt:167)
at java.base/java.util.ArrayList.forEach(ArrayList.java:1510)
... Removed 41 stack frames]]>
    </failure>
  </testcase> <!-- @AfterMethod quitDriver -->
  <testcase classname="com.natasha.applitools.traditionalTests.BaseTest" name="@BeforeMethod openBrowser" time="-1.593859599978E9">
    <skipped/>
  </testcase> <!-- @BeforeMethod openBrowser -->
  <testcase classname="com.natasha.applitools.traditionalTests.BaseTest" name="@AfterMethod quitDriver" time="0.0">
    <failure type="kotlin.UninitializedPropertyAccessException" message="lateinit property driver has not been initialized">
      <![CDATA[kotlin.UninitializedPropertyAccessException: lateinit property driver has not been initialized
at com.natasha.applitools.traditionalTests.BaseTest.quitDriver(BaseTest.kt:167)
at java.base/java.util.ArrayList.forEach(ArrayList.java:1510)
... Removed 41 stack frames]]>
    </failure>
  </testcase> <!-- @AfterMethod quitDriver -->
  <testcase classname="com.natasha.applitools.traditionalTests.BaseTest" name="@BeforeMethod openBrowser" time="-1.593859599979E9">
    <skipped/>
  </testcase> <!-- @BeforeMethod openBrowser -->
  <testcase classname="com.natasha.applitools.traditionalTests.BaseTest" name="@AfterMethod quitDriver" time="0.0">
    <failure type="kotlin.UninitializedPropertyAccessException" message="lateinit property driver has not been initialized">
      <![CDATA[kotlin.UninitializedPropertyAccessException: lateinit property driver has not been initialized
at com.natasha.applitools.traditionalTests.BaseTest.quitDriver(BaseTest.kt:167)
at java.base/java.util.ArrayList.forEach(ArrayList.java:1510)
... Removed 41 stack frames]]>
    </failure>
  </testcase> <!-- @AfterMethod quitDriver -->
  <testcase classname="com.natasha.applitools.traditionalTests.BaseTest" name="@BeforeMethod openBrowser" time="-1.593859599981E9">
    <skipped/>
  </testcase> <!-- @BeforeMethod openBrowser -->
  <testcase classname="com.natasha.applitools.traditionalTests.BaseTest" name="@AfterMethod quitDriver" time="0.001">
    <failure type="kotlin.UninitializedPropertyAccessException" message="lateinit property driver has not been initialized">
      <![CDATA[kotlin.UninitializedPropertyAccessException: lateinit property driver has not been initialized
at com.natasha.applitools.traditionalTests.BaseTest.quitDriver(BaseTest.kt:167)
at java.base/java.util.ArrayList.forEach(ArrayList.java:1510)
... Removed 41 stack frames]]>
    </failure>
  </testcase> <!-- @AfterMethod quitDriver -->
  <testcase classname="com.natasha.applitools.modernTests.BaseTest" name="@BeforeMethod launchBrowser" time="-1.593859599983E9">
    <failure type="org.testng.TestNGException" message="
Parameter &amp;apos;version&amp;apos; is required by BeforeMethod on method launchBrowser but has not been marked @Optional or defined
">
      <![CDATA[org.testng.TestNGException: 
Parameter 'version' is required by BeforeMethod on method launchBrowser but has not been marked @Optional or defined

at java.base/java.util.ArrayList.forEach(ArrayList.java:1510)
... Removed 38 stack frames]]>
    </failure>
  </testcase> <!-- @BeforeMethod launchBrowser -->
  <testcase classname="com.natasha.applitools.modernTests.BaseTest" name="@AfterMethod quitDriver" time="0.0">
    <failure type="kotlin.UninitializedPropertyAccessException" message="lateinit property eyes has not been initialized">
      <![CDATA[kotlin.UninitializedPropertyAccessException: lateinit property eyes has not been initialized
at com.natasha.applitools.modernTests.BaseTest.quitDriver(BaseTest.kt:69)
at java.base/java.util.ArrayList.forEach(ArrayList.java:1510)
... Removed 42 stack frames]]>
    </failure>
  </testcase> <!-- @AfterMethod quitDriver -->
  <testcase classname="com.natasha.applitools.modernTests.BaseTest" name="@BeforeMethod launchBrowser" time="-1.593859599985E9">
    <failure type="org.testng.TestNGException" message="
Parameter &amp;apos;version&amp;apos; is required by BeforeMethod on method launchBrowser but has not been marked @Optional or defined
">
      <![CDATA[org.testng.TestNGException: 
Parameter 'version' is required by BeforeMethod on method launchBrowser but has not been marked @Optional or defined

at java.base/java.util.ArrayList.forEach(ArrayList.java:1510)
... Removed 38 stack frames]]>
    </failure>
  </testcase> <!-- @BeforeMethod launchBrowser -->
  <testcase classname="com.natasha.applitools.modernTests.BaseTest" name="@AfterMethod quitDriver" time="0.0">
    <failure type="kotlin.UninitializedPropertyAccessException" message="lateinit property eyes has not been initialized">
      <![CDATA[kotlin.UninitializedPropertyAccessException: lateinit property eyes has not been initialized
at com.natasha.applitools.modernTests.BaseTest.quitDriver(BaseTest.kt:69)
at java.base/java.util.ArrayList.forEach(ArrayList.java:1510)
... Removed 42 stack frames]]>
    </failure>
  </testcase> <!-- @AfterMethod quitDriver -->
  <testcase classname="com.natasha.applitools.traditionalTests.BaseTest" name="@BeforeMethod openBrowser" time="-1.593859599987E9">
    <failure type="org.testng.TestNGException" message="
Parameter &amp;apos;browser&amp;apos; is required by BeforeMethod on method openBrowser but has not been marked @Optional or defined
">
      <![CDATA[org.testng.TestNGException: 
Parameter 'browser' is required by BeforeMethod on method openBrowser but has not been marked @Optional or defined

at java.base/java.util.ArrayList.forEach(ArrayList.java:1510)
... Removed 38 stack frames]]>
    </failure>
  </testcase> <!-- @BeforeMethod openBrowser -->
  <testcase classname="com.natasha.applitools.traditionalTests.BaseTest" name="@AfterMethod quitDriver" time="0.001">
    <failure type="kotlin.UninitializedPropertyAccessException" message="lateinit property driver has not been initialized">
      <![CDATA[kotlin.UninitializedPropertyAccessException: lateinit property driver has not been initialized
at com.natasha.applitools.traditionalTests.BaseTest.quitDriver(BaseTest.kt:167)
at java.base/java.util.ArrayList.forEach(ArrayList.java:1510)
... Removed 41 stack frames]]>
    </failure>
  </testcase> <!-- @AfterMethod quitDriver -->
  <testcase classname="com.natasha.applitools.traditionalTests.BaseTest" name="@BeforeMethod openBrowser" time="-1.593859599989E9">
    <skipped/>
  </testcase> <!-- @BeforeMethod openBrowser -->
  <testcase classname="com.natasha.applitools.traditionalTests.BaseTest" name="@AfterMethod quitDriver" time="0.0">
    <failure type="kotlin.UninitializedPropertyAccessException" message="lateinit property driver has not been initialized">
      <![CDATA[kotlin.UninitializedPropertyAccessException: lateinit property driver has not been initialized
at com.natasha.applitools.traditionalTests.BaseTest.quitDriver(BaseTest.kt:167)
at java.base/java.util.ArrayList.forEach(ArrayList.java:1510)
... Removed 41 stack frames]]>
    </failure>
  </testcase> <!-- @AfterMethod quitDriver -->
  <testcase classname="com.natasha.applitools.traditionalTests.BaseTest" name="@BeforeMethod openBrowser" time="-1.59385959999E9">
    <skipped/>
  </testcase> <!-- @BeforeMethod openBrowser -->
  <testcase classname="com.natasha.applitools.traditionalTests.BaseTest" name="@AfterMethod quitDriver" time="0.0">
    <failure type="kotlin.UninitializedPropertyAccessException" message="lateinit property driver has not been initialized">
      <![CDATA[kotlin.UninitializedPropertyAccessException: lateinit property driver has not been initialized
at com.natasha.applitools.traditionalTests.BaseTest.quitDriver(BaseTest.kt:167)
at java.base/java.util.ArrayList.forEach(ArrayList.java:1510)
... Removed 41 stack frames]]>
    </failure>
  </testcase> <!-- @AfterMethod quitDriver -->
  <testcase classname="com.natasha.applitools.traditionalTests.BaseTest" name="@BeforeMethod openBrowser" time="-1.593859599992E9">
    <skipped/>
  </testcase> <!-- @BeforeMethod openBrowser -->
  <testcase classname="com.natasha.applitools.traditionalTests.BaseTest" name="@AfterMethod quitDriver" time="0.0">
    <failure type="kotlin.UninitializedPropertyAccessException" message="lateinit property driver has not been initialized">
      <![CDATA[kotlin.UninitializedPropertyAccessException: lateinit property driver has not been initialized
at com.natasha.applitools.traditionalTests.BaseTest.quitDriver(BaseTest.kt:167)
at java.base/java.util.ArrayList.forEach(ArrayList.java:1510)
... Removed 41 stack frames]]>
    </failure>
  </testcase> <!-- @AfterMethod quitDriver -->
  <testcase classname="com.natasha.applitools.traditionalTests.BaseTest" name="@BeforeMethod openBrowser" time="-1.593859599993E9">
    <failure type="org.testng.TestNGException" message="
Parameter &amp;apos;browser&amp;apos; is required by BeforeMethod on method openBrowser but has not been marked @Optional or defined
">
      <![CDATA[org.testng.TestNGException: 
Parameter 'browser' is required by BeforeMethod on method openBrowser but has not been marked @Optional or defined

at java.base/java.util.ArrayList.forEach(ArrayList.java:1510)
... Removed 38 stack frames]]>
    </failure>
  </testcase> <!-- @BeforeMethod openBrowser -->
  <testcase classname="com.natasha.applitools.traditionalTests.BaseTest" name="@AfterMethod quitDriver" time="0.001">
    <failure type="kotlin.UninitializedPropertyAccessException" message="lateinit property driver has not been initialized">
      <![CDATA[kotlin.UninitializedPropertyAccessException: lateinit property driver has not been initialized
at com.natasha.applitools.traditionalTests.BaseTest.quitDriver(BaseTest.kt:167)
at java.base/java.util.ArrayList.forEach(ArrayList.java:1510)
... Removed 41 stack frames]]>
    </failure>
  </testcase> <!-- @AfterMethod quitDriver -->
  <testcase classname="com.natasha.applitools.traditionalTests.BaseTest" name="@BeforeMethod openBrowser" time="-1.593859599995E9">
    <skipped/>
  </testcase> <!-- @BeforeMethod openBrowser -->
  <testcase classname="com.natasha.applitools.traditionalTests.BaseTest" name="@AfterMethod quitDriver" time="0.0">
    <failure type="kotlin.UninitializedPropertyAccessException" message="lateinit property driver has not been initialized">
      <![CDATA[kotlin.UninitializedPropertyAccessException: lateinit property driver has not been initialized
at com.natasha.applitools.traditionalTests.BaseTest.quitDriver(BaseTest.kt:167)
at java.base/java.util.ArrayList.forEach(ArrayList.java:1510)
... Removed 41 stack frames]]>
    </failure>
  </testcase> <!-- @AfterMethod quitDriver -->
  <testcase classname="com.natasha.applitools.traditionalTests.BaseTest" name="@BeforeMethod openBrowser" time="-1.593859599996E9">
    <skipped/>
  </testcase> <!-- @BeforeMethod openBrowser -->
  <testcase classname="com.natasha.applitools.traditionalTests.BaseTest" name="@AfterMethod quitDriver" time="0.0">
    <failure type="kotlin.UninitializedPropertyAccessException" message="lateinit property driver has not been initialized">
      <![CDATA[kotlin.UninitializedPropertyAccessException: lateinit property driver has not been initialized
at com.natasha.applitools.traditionalTests.BaseTest.quitDriver(BaseTest.kt:167)
at java.base/java.util.ArrayList.forEach(ArrayList.java:1510)
... Removed 41 stack frames]]>
    </failure>
  </testcase> <!-- @AfterMethod quitDriver -->
  <testcase classname="com.natasha.applitools.traditionalTests.BaseTest" name="@BeforeMethod openBrowser" time="-1.593859599997E9">
    <skipped/>
  </testcase> <!-- @BeforeMethod openBrowser -->
  <testcase classname="com.natasha.applitools.traditionalTests.BaseTest" name="@AfterMethod quitDriver" time="0.0">
    <failure type="kotlin.UninitializedPropertyAccessException" message="lateinit property driver has not been initialized">
      <![CDATA[kotlin.UninitializedPropertyAccessException: lateinit property driver has not been initialized
at com.natasha.applitools.traditionalTests.BaseTest.quitDriver(BaseTest.kt:167)
at java.base/java.util.ArrayList.forEach(ArrayList.java:1510)
... Removed 41 stack frames]]>
    </failure>
  </testcase> <!-- @AfterMethod quitDriver -->
  <testcase classname="com.natasha.applitools.traditionalTests.BaseTest" name="@BeforeMethod openBrowser" time="-1.593859599999E9">
    <failure type="org.testng.TestNGException" message="
Parameter &amp;apos;browser&amp;apos; is required by BeforeMethod on method openBrowser but has not been marked @Optional or defined
">
      <![CDATA[org.testng.TestNGException: 
Parameter 'browser' is required by BeforeMethod on method openBrowser but has not been marked @Optional or defined

at java.base/java.util.ArrayList.forEach(ArrayList.java:1510)
... Removed 38 stack frames]]>
    </failure>
  </testcase> <!-- @BeforeMethod openBrowser -->
  <testcase classname="com.natasha.applitools.traditionalTests.BaseTest" name="@AfterMethod quitDriver" time="0.0">
    <failure type="kotlin.UninitializedPropertyAccessException" message="lateinit property driver has not been initialized">
      <![CDATA[kotlin.UninitializedPropertyAccessException: lateinit property driver has not been initialized
at com.natasha.applitools.traditionalTests.BaseTest.quitDriver(BaseTest.kt:167)
at java.base/java.util.ArrayList.forEach(ArrayList.java:1510)
... Removed 41 stack frames]]>
    </failure>
  </testcase> <!-- @AfterMethod quitDriver -->
  <testcase classname="com.natasha.applitools.traditionalTests.BaseTest" name="@BeforeMethod openBrowser" time="-1.593859600001E9">
    <failure type="org.testng.TestNGException" message="
Parameter &amp;apos;browser&amp;apos; is required by BeforeMethod on method openBrowser but has not been marked @Optional or defined
">
      <![CDATA[org.testng.TestNGException: 
Parameter 'browser' is required by BeforeMethod on method openBrowser but has not been marked @Optional or defined

at java.base/java.util.ArrayList.forEach(ArrayList.java:1510)
... Removed 38 stack frames]]>
    </failure>
  </testcase> <!-- @BeforeMethod openBrowser -->
  <testcase classname="com.natasha.applitools.traditionalTests.BaseTest" name="@AfterMethod quitDriver" time="0.0">
    <failure type="kotlin.UninitializedPropertyAccessException" message="lateinit property driver has not been initialized">
      <![CDATA[kotlin.UninitializedPropertyAccessException: lateinit property driver has not been initialized
at com.natasha.applitools.traditionalTests.BaseTest.quitDriver(BaseTest.kt:167)
at java.base/java.util.ArrayList.forEach(ArrayList.java:1510)
... Removed 41 stack frames]]>
    </failure>
  </testcase> <!-- @AfterMethod quitDriver -->
  <testcase classname="com.natasha.applitools.traditionalTests.BaseTest" name="@BeforeMethod openBrowser" time="-1.593859600003E9">
    <skipped/>
  </testcase> <!-- @BeforeMethod openBrowser -->
  <testcase classname="com.natasha.applitools.traditionalTests.BaseTest" name="@AfterMethod quitDriver" time="0.0">
    <failure type="kotlin.UninitializedPropertyAccessException" message="lateinit property driver has not been initialized">
      <![CDATA[kotlin.UninitializedPropertyAccessException: lateinit property driver has not been initialized
at com.natasha.applitools.traditionalTests.BaseTest.quitDriver(BaseTest.kt:167)
at java.base/java.util.ArrayList.forEach(ArrayList.java:1510)
... Removed 41 stack frames]]>
    </failure>
  </testcase> <!-- @AfterMethod quitDriver -->
  <testcase classname="com.natasha.applitools.traditionalTests.BaseTest" name="@BeforeMethod openBrowser" time="-1.593859600004E9">
    <skipped/>
  </testcase> <!-- @BeforeMethod openBrowser -->
  <testcase classname="com.natasha.applitools.traditionalTests.BaseTest" name="@AfterMethod quitDriver" time="0.0">
    <failure type="kotlin.UninitializedPropertyAccessException" message="lateinit property driver has not been initialized">
      <![CDATA[kotlin.UninitializedPropertyAccessException: lateinit property driver has not been initialized
at com.natasha.applitools.traditionalTests.BaseTest.quitDriver(BaseTest.kt:167)
at java.base/java.util.ArrayList.forEach(ArrayList.java:1510)
... Removed 41 stack frames]]>
    </failure>
  </testcase> <!-- @AfterMethod quitDriver -->
  <testcase classname="com.natasha.applitools.traditionalTests.BaseTest" name="@BeforeMethod openBrowser" time="-1.593859600005E9">
    <skipped/>
  </testcase> <!-- @BeforeMethod openBrowser -->
  <testcase classname="com.natasha.applitools.traditionalTests.BaseTest" name="@AfterMethod quitDriver" time="0.0">
    <failure type="kotlin.UninitializedPropertyAccessException" message="lateinit property driver has not been initialized">
      <![CDATA[kotlin.UninitializedPropertyAccessException: lateinit property driver has not been initialized
at com.natasha.applitools.traditionalTests.BaseTest.quitDriver(BaseTest.kt:167)
at java.base/java.util.ArrayList.forEach(ArrayList.java:1510)
... Removed 41 stack frames]]>
    </failure>
  </testcase> <!-- @AfterMethod quitDriver -->
  <testcase classname="com.natasha.applitools.traditionalTests.BaseTest" name="@BeforeMethod openBrowser" time="-1.593859600006E9">
    <skipped/>
  </testcase> <!-- @BeforeMethod openBrowser -->
  <testcase classname="com.natasha.applitools.traditionalTests.BaseTest" name="@AfterMethod quitDriver" time="0.001">
    <failure type="kotlin.UninitializedPropertyAccessException" message="lateinit property driver has not been initialized">
      <![CDATA[kotlin.UninitializedPropertyAccessException: lateinit property driver has not been initialized
at com.natasha.applitools.traditionalTests.BaseTest.quitDriver(BaseTest.kt:167)
at java.base/java.util.ArrayList.forEach(ArrayList.java:1510)
... Removed 41 stack frames]]>
    </failure>
  </testcase> <!-- @AfterMethod quitDriver -->
  <testcase classname="com.natasha.applitools.traditionalTests.BaseTest" name="@BeforeMethod openBrowser" time="-1.593859600007E9">
    <skipped/>
  </testcase> <!-- @BeforeMethod openBrowser -->
  <testcase classname="com.natasha.applitools.traditionalTests.BaseTest" name="@AfterMethod quitDriver" time="0.001">
    <failure type="kotlin.UninitializedPropertyAccessException" message="lateinit property driver has not been initialized">
      <![CDATA[kotlin.UninitializedPropertyAccessException: lateinit property driver has not been initialized
at com.natasha.applitools.traditionalTests.BaseTest.quitDriver(BaseTest.kt:167)
at java.base/java.util.ArrayList.forEach(ArrayList.java:1510)
... Removed 41 stack frames]]>
    </failure>
  </testcase> <!-- @AfterMethod quitDriver -->
  <testcase classname="com.natasha.applitools.traditionalTests.BaseTest" name="@BeforeMethod openBrowser" time="-1.593859600008E9">
    <skipped/>
  </testcase> <!-- @BeforeMethod openBrowser -->
  <testcase classname="com.natasha.applitools.traditionalTests.BaseTest" name="@AfterMethod quitDriver" time="0.001">
    <failure type="kotlin.UninitializedPropertyAccessException" message="lateinit property driver has not been initialized">
      <![CDATA[kotlin.UninitializedPropertyAccessException: lateinit property driver has not been initialized
at com.natasha.applitools.traditionalTests.BaseTest.quitDriver(BaseTest.kt:167)
at java.base/java.util.ArrayList.forEach(ArrayList.java:1510)
... Removed 41 stack frames]]>
    </failure>
  </testcase> <!-- @AfterMethod quitDriver -->
  <testcase classname="com.natasha.applitools.traditionalTests.BaseTest" name="@BeforeMethod openBrowser" time="-1.593859600009E9">
    <skipped/>
  </testcase> <!-- @BeforeMethod openBrowser -->
  <testcase classname="com.natasha.applitools.traditionalTests.BaseTest" name="@AfterMethod quitDriver" time="0.001">
    <failure type="kotlin.UninitializedPropertyAccessException" message="lateinit property driver has not been initialized">
      <![CDATA[kotlin.UninitializedPropertyAccessException: lateinit property driver has not been initialized
at com.natasha.applitools.traditionalTests.BaseTest.quitDriver(BaseTest.kt:167)
at java.base/java.util.ArrayList.forEach(ArrayList.java:1510)
... Removed 41 stack frames]]>
    </failure>
  </testcase> <!-- @AfterMethod quitDriver -->
  <testcase classname="com.natasha.applitools.traditionalTests.BaseTest" name="@BeforeMethod openBrowser" time="-1.59385960001E9">
    <skipped/>
  </testcase> <!-- @BeforeMethod openBrowser -->
  <testcase classname="com.natasha.applitools.traditionalTests.BaseTest" name="@AfterMethod quitDriver" time="0.0">
    <failure type="kotlin.UninitializedPropertyAccessException" message="lateinit property driver has not been initialized">
      <![CDATA[kotlin.UninitializedPropertyAccessException: lateinit property driver has not been initialized
at com.natasha.applitools.traditionalTests.BaseTest.quitDriver(BaseTest.kt:167)
at java.base/java.util.ArrayList.forEach(ArrayList.java:1510)
... Removed 41 stack frames]]>
    </failure>
  </testcase> <!-- @AfterMethod quitDriver -->
  <testcase classname="com.natasha.applitools.traditionalTests.BaseTest" name="@BeforeMethod openBrowser" time="-1.593859600011E9">
    <skipped/>
  </testcase> <!-- @BeforeMethod openBrowser -->
  <testcase classname="com.natasha.applitools.traditionalTests.BaseTest" name="@AfterMethod quitDriver" time="0.001">
    <failure type="kotlin.UninitializedPropertyAccessException" message="lateinit property driver has not been initialized">
      <![CDATA[kotlin.UninitializedPropertyAccessException: lateinit property driver has not been initialized
at com.natasha.applitools.traditionalTests.BaseTest.quitDriver(BaseTest.kt:167)
at java.base/java.util.ArrayList.forEach(ArrayList.java:1510)
... Removed 41 stack frames]]>
    </failure>
  </testcase> <!-- @AfterMethod quitDriver -->
  <testcase classname="com.natasha.applitools.traditionalTests.BaseTest" name="@BeforeMethod openBrowser" time="-1.593859600013E9">
    <skipped/>
  </testcase> <!-- @BeforeMethod openBrowser -->
  <testcase classname="com.natasha.applitools.traditionalTests.BaseTest" name="@AfterMethod quitDriver" time="0.0">
    <failure type="kotlin.UninitializedPropertyAccessException" message="lateinit property driver has not been initialized">
      <![CDATA[kotlin.UninitializedPropertyAccessException: lateinit property driver has not been initialized
at com.natasha.applitools.traditionalTests.BaseTest.quitDriver(BaseTest.kt:167)
at java.base/java.util.ArrayList.forEach(ArrayList.java:1510)
... Removed 41 stack frames]]>
    </failure>
  </testcase> <!-- @AfterMethod quitDriver -->
  <testcase classname="com.natasha.applitools.traditionalTests.BaseTest" name="@BeforeMethod openBrowser" time="-1.593859600014E9">
    <skipped/>
  </testcase> <!-- @BeforeMethod openBrowser -->
  <testcase classname="com.natasha.applitools.traditionalTests.BaseTest" name="@AfterMethod quitDriver" time="0.0">
    <failure type="kotlin.UninitializedPropertyAccessException" message="lateinit property driver has not been initialized">
      <![CDATA[kotlin.UninitializedPropertyAccessException: lateinit property driver has not been initialized
at com.natasha.applitools.traditionalTests.BaseTest.quitDriver(BaseTest.kt:167)
at java.base/java.util.ArrayList.forEach(ArrayList.java:1510)
... Removed 41 stack frames]]>
    </failure>
  </testcase> <!-- @AfterMethod quitDriver -->
  <testcase classname="com.natasha.applitools.traditionalTests.BaseTest" name="@BeforeMethod openBrowser" time="-1.593859600015E9">
    <skipped/>
  </testcase> <!-- @BeforeMethod openBrowser -->
  <testcase classname="com.natasha.applitools.traditionalTests.BaseTest" name="@AfterMethod quitDriver" time="0.0">
    <failure type="kotlin.UninitializedPropertyAccessException" message="lateinit property driver has not been initialized">
      <![CDATA[kotlin.UninitializedPropertyAccessException: lateinit property driver has not been initialized
at com.natasha.applitools.traditionalTests.BaseTest.quitDriver(BaseTest.kt:167)
at java.base/java.util.ArrayList.forEach(ArrayList.java:1510)
... Removed 41 stack frames]]>
    </failure>
  </testcase> <!-- @AfterMethod quitDriver -->
  <testcase classname="com.natasha.applitools.traditionalTests.BaseTest" name="@BeforeMethod openBrowser" time="-1.593859600016E9">
    <skipped/>
  </testcase> <!-- @BeforeMethod openBrowser -->
  <testcase classname="com.natasha.applitools.traditionalTests.BaseTest" name="@AfterMethod quitDriver" time="0.001">
    <failure type="kotlin.UninitializedPropertyAccessException" message="lateinit property driver has not been initialized">
      <![CDATA[kotlin.UninitializedPropertyAccessException: lateinit property driver has not been initialized
at com.natasha.applitools.traditionalTests.BaseTest.quitDriver(BaseTest.kt:167)
at java.base/java.util.ArrayList.forEach(ArrayList.java:1510)
... Removed 41 stack frames]]>
    </failure>
  </testcase> <!-- @AfterMethod quitDriver -->
  <testcase classname="com.natasha.applitools.traditionalTests.BaseTest" name="@BeforeMethod openBrowser" time="-1.593859600017E9">
    <skipped/>
  </testcase> <!-- @BeforeMethod openBrowser -->
  <testcase classname="com.natasha.applitools.traditionalTests.BaseTest" name="@AfterMethod quitDriver" time="0.001">
    <failure type="kotlin.UninitializedPropertyAccessException" message="lateinit property driver has not been initialized">
      <![CDATA[kotlin.UninitializedPropertyAccessException: lateinit property driver has not been initialized
at com.natasha.applitools.traditionalTests.BaseTest.quitDriver(BaseTest.kt:167)
at java.base/java.util.ArrayList.forEach(ArrayList.java:1510)
... Removed 41 stack frames]]>
    </failure>
  </testcase> <!-- @AfterMethod quitDriver -->
  <testcase classname="com.natasha.applitools.traditionalTests.BaseTest" name="@BeforeMethod openBrowser" time="-1.593859600018E9">
    <skipped/>
  </testcase> <!-- @BeforeMethod openBrowser -->
  <testcase classname="com.natasha.applitools.traditionalTests.BaseTest" name="@AfterMethod quitDriver" time="0.001">
    <failure type="kotlin.UninitializedPropertyAccessException" message="lateinit property driver has not been initialized">
      <![CDATA[kotlin.UninitializedPropertyAccessException: lateinit property driver has not been initialized
at com.natasha.applitools.traditionalTests.BaseTest.quitDriver(BaseTest.kt:167)
at java.base/java.util.ArrayList.forEach(ArrayList.java:1510)
... Removed 41 stack frames]]>
    </failure>
  </testcase> <!-- @AfterMethod quitDriver -->
  <testcase classname="com.natasha.applitools.traditionalTests.traditionalTestV1.ProductDetailsTest" name="checkItemModelValueIsDisplayed" time="0.0">
    <skipped/>
  </testcase> <!-- checkItemModelValueIsDisplayed -->
  <testcase classname="com.natasha.applitools.traditionalTests.traditionalTestV1.ProductDetailsTest" name="checkNewPriceHasDecimals" time="0.0">
    <skipped/>
  </testcase> <!-- checkNewPriceHasDecimals -->
  <testcase classname="com.natasha.applitools.traditionalTests.traditionalTestV1.ProductDetailsTest" name="checkOldPriceHasCssValueLineThrough" time="0.0">
    <skipped/>
  </testcase> <!-- checkOldPriceHasCssValueLineThrough -->
  <testcase classname="com.natasha.applitools.modernTests.modernTestV1.ProductDetailsTest" name="checkProductDetails" time="0.0">
    <skipped/>
  </testcase> <!-- checkProductDetails -->
  <testcase classname="com.natasha.applitools.modernTests.modernTestV2.ProductDetailsTest" name="checkProductDetails" time="0.0">
    <skipped/>
  </testcase> <!-- checkProductDetails -->
  <testcase classname="com.natasha.applitools.traditionalTests.traditionalTestV1.ProductDetailsTest" name="checkSizeSmallValueIsEqualsSmallS" time="0.0">
    <skipped/>
  </testcase> <!-- checkSizeSmallValueIsEqualsSmallS -->
  <testcase classname="com.natasha.applitools.traditionalTests.traditionalTestV1.ShoppingExperienceTest" name="checkOnlyBlackShoesDisplayedWhenFilterByColorBlack" time="0.0">
    <skipped/>
  </testcase> <!-- checkOnlyBlackShoesDisplayedWhenFilterByColorBlack -->
  <testcase classname="com.natasha.applitools.modernTests.modernTestV1.TaskTwoShoppingExperienceTest" name="checkOnlyBlackShoesDisplayedWhenFilterByColorBlack" time="0.0">
    <skipped/>
  </testcase> <!-- checkOnlyBlackShoesDisplayedWhenFilterByColorBlack -->
  <testcase classname="com.natasha.applitools.modernTests.modernTestV2.TaskTwoShoppingExperienceTest" name="checkOnlyBlackShoesDisplayedWhenFilterByColorBlack" time="0.0">
    <skipped/>
  </testcase> <!-- checkOnlyBlackShoesDisplayedWhenFilterByColorBlack -->
  <testcase classname="com.natasha.applitools.traditionalTests.traditionalTestV1.CrossDeviceElementTest" name="checkAddToCartButtonIsDisplayedOnlyOnTabletAndMobileScreens" time="0.0">
    <skipped/>
  </testcase> <!-- checkAddToCartButtonIsDisplayedOnlyOnTabletAndMobileScreens -->
  <testcase classname="com.natasha.applitools.traditionalTests.traditionalTestV1.CrossDeviceElementTest" name="checkAddToCompareButtonIsDisplayedOnlyOnTabletAndMobileScreens" time="0.0">
    <skipped/>
  </testcase> <!-- checkAddToCompareButtonIsDisplayedOnlyOnTabletAndMobileScreens -->
  <testcase classname="com.natasha.applitools.traditionalTests.traditionalTestV1.CrossDeviceElementTest" name="checkAddToFavoriteButtonIsDisplayedOnlyOnTabletAndMobileScreens" time="0.0">
    <skipped/>
  </testcase> <!-- checkAddToFavoriteButtonIsDisplayedOnlyOnTabletAndMobileScreens -->
  <testcase classname="com.natasha.applitools.traditionalTests.traditionalTestV1.CrossDeviceElementTest" name="checkCartDisplaysTwoItemsOnlyOnDesktopAndTabletScreens" time="0.0">
    <skipped/>
  </testcase> <!-- checkCartDisplaysTwoItemsOnlyOnDesktopAndTabletScreens -->
  <testcase classname="com.natasha.applitools.traditionalTests.traditionalTestV1.CrossDeviceElementTest" name="checkContactsInFooterIsMinimisedOnlyOnMobileScreen" time="0.0">
    <skipped/>
  </testcase> <!-- checkContactsInFooterIsMinimisedOnlyOnMobileScreen -->
  <testcase classname="com.natasha.applitools.traditionalTests.traditionalTestV1.CrossDeviceElementTest" name="checkFilterButtonIsDisplayedOnlyOnTabletAndMobileScreens" time="0.0">
    <skipped/>
  </testcase> <!-- checkFilterButtonIsDisplayedOnlyOnTabletAndMobileScreens -->
  <testcase classname="com.natasha.applitools.traditionalTests.traditionalTestV1.CrossDeviceElementTest" name="checkFilterButtonLabelIsDisplayedOnlyOnTabletScreens" time="0.0">
    <skipped/>
  </testcase> <!-- checkFilterButtonLabelIsDisplayedOnlyOnTabletScreens -->
  <testcase classname="com.natasha.applitools.traditionalTests.traditionalTestV1.CrossDeviceElementTest" name="checkFilterSideBarIsDisplayedOnlyOnDesktopScreens" time="0.0">
    <skipped/>
  </testcase> <!-- checkFilterSideBarIsDisplayedOnlyOnDesktopScreens -->
  <testcase classname="com.natasha.applitools.traditionalTests.traditionalTestV1.CrossDeviceElementTest" name="checkGridViewButtonIsDisplayedOnlyOnDesktopScreens" time="0.0">
    <skipped/>
  </testcase> <!-- checkGridViewButtonIsDisplayedOnlyOnDesktopScreens -->
  <testcase classname="com.natasha.applitools.traditionalTests.traditionalTestV1.CrossDeviceElementTest" name="checkKeepInTouchInFooterIsMinimisedOnlyOnMobileScreen" time="0.0">
    <skipped/>
  </testcase> <!-- checkKeepInTouchInFooterIsMinimisedOnlyOnMobileScreen -->
  <testcase classname="com.natasha.applitools.traditionalTests.traditionalTestV1.CrossDeviceElementTest" name="checkListViewButtonIsDisplayedOnlyOnDesktopScreens" time="0.0">
    <skipped/>
  </testcase> <!-- checkListViewButtonIsDisplayedOnlyOnDesktopScreens -->
  <testcase classname="com.natasha.applitools.traditionalTests.traditionalTestV1.CrossDeviceElementTest" name="checkMainMenuIsDisplayedOnlyOnDesktopScreens" time="0.0">
    <skipped/>
  </testcase> <!-- checkMainMenuIsDisplayedOnlyOnDesktopScreens -->
  <testcase classname="com.natasha.applitools.traditionalTests.traditionalTestV1.CrossDeviceElementTest" name="checkQuickLinksInFooterIsMinimisedOnlyOnMobileScreen" time="0.001">
    <skipped/>
  </testcase> <!-- checkQuickLinksInFooterIsMinimisedOnlyOnMobileScreen -->
  <testcase classname="com.natasha.applitools.traditionalTests.traditionalTestV1.CrossDeviceElementTest" name="checkSearchBoxIsDisplayedOnlyOnDesktopAndTabletScreens" time="0.0">
    <skipped/>
  </testcase> <!-- checkSearchBoxIsDisplayedOnlyOnDesktopAndTabletScreens -->
  <testcase classname="com.natasha.applitools.traditionalTests.traditionalTestV1.CrossDeviceElementTest" name="checkSearchButtonIsDisplayedOnlyOnTabletAndMobileScreens" time="0.0">
    <skipped/>
  </testcase> <!-- checkSearchButtonIsDisplayedOnlyOnTabletAndMobileScreens -->
  <testcase classname="com.natasha.applitools.traditionalTests.traditionalTestV1.CrossDeviceElementTest" name="checkWishlistIsDisplayedOnlyOnDesktopScreens" time="0.0">
    <skipped/>
  </testcase> <!-- checkWishlistIsDisplayedOnlyOnDesktopScreens -->
  <testcase classname="com.natasha.applitools.modernTests.modernTestV1.TaskOneCrossDeviceElementTest" name="checkLandingPageIsDisplayedCorrectly" time="0.0">
    <skipped/>
  </testcase> <!-- checkLandingPageIsDisplayedCorrectly -->
  <testcase classname="com.natasha.applitools.modernTests.modernTestV2.TaskOneCrossDeviceElementTest" name="checkLandingPageIsDisplayedCorrectly" time="0.0">
    <skipped/>
  </testcase> <!-- checkLandingPageIsDisplayedCorrectly -->
  <testcase classname="com.natasha.applitools.modernTests.modernTestV1.TaskThreeProductDetailsTest" name="checkProductDetails" time="0.0">
    <skipped/>
  </testcase> <!-- checkProductDetails -->
  <testcase classname="com.natasha.applitools.modernTests.modernTestV2.TaskThreeProductDetailsTest" name="checkProductDetails" time="0.0">
    <skipped/>
  </testcase> <!-- checkProductDetails -->
  <testcase classname="com.natasha.applitools.traditionalTests.traditionalV2.TaskTwoShoppingExperienceTest" name="checkOnlyBlackShoesDisplayedWhenFilterByColorBlack" time="0.0">
    <skipped/>
  </testcase> <!-- checkOnlyBlackShoesDisplayedWhenFilterByColorBlack -->
  <testcase classname="com.natasha.applitools.modernTests.modernTestV1.ShoppingExperienceTest" name="checkOnlyBlackShoesDisplayedWhenFilterByColorBlack" time="0.0">
    <skipped/>
  </testcase> <!-- checkOnlyBlackShoesDisplayedWhenFilterByColorBlack -->
  <testcase classname="com.natasha.applitools.modernTests.modernTestV2.ShoppingExperienceTest" name="checkOnlyBlackShoesDisplayedWhenFilterByColorBlack" time="0.0">
    <skipped/>
  </testcase> <!-- checkOnlyBlackShoesDisplayedWhenFilterByColorBlack -->
  <testcase classname="com.natasha.applitools.traditionalTests.traditionalV2.TaskOneCrossDeviceElementTest" name="checkAddToCartButtonIsDisplayedOnlyOnTabletAndMobileScreens" time="0.0">
    <skipped/>
  </testcase> <!-- checkAddToCartButtonIsDisplayedOnlyOnTabletAndMobileScreens -->
  <testcase classname="com.natasha.applitools.traditionalTests.traditionalV2.TaskOneCrossDeviceElementTest" name="checkAddToCompareButtonIsDisplayedOnlyOnTabletAndMobileScreens" time="0.0">
    <skipped/>
  </testcase> <!-- checkAddToCompareButtonIsDisplayedOnlyOnTabletAndMobileScreens -->
  <testcase classname="com.natasha.applitools.traditionalTests.traditionalV2.TaskOneCrossDeviceElementTest" name="checkAddToFavoriteButtonIsDisplayedOnlyOnTabletAndMobileScreens" time="0.0">
    <skipped/>
  </testcase> <!-- checkAddToFavoriteButtonIsDisplayedOnlyOnTabletAndMobileScreens -->
  <testcase classname="com.natasha.applitools.traditionalTests.traditionalV2.TaskOneCrossDeviceElementTest" name="checkCartDisplaysTwoItemsOnlyOnMobileScreens" time="0.0">
    <skipped/>
  </testcase> <!-- checkCartDisplaysTwoItemsOnlyOnMobileScreens -->
  <testcase classname="com.natasha.applitools.traditionalTests.traditionalV2.TaskOneCrossDeviceElementTest" name="checkContactsInFooterIsMinimisedOnlyOnMobileScreen" time="0.0">
    <skipped/>
  </testcase> <!-- checkContactsInFooterIsMinimisedOnlyOnMobileScreen -->
  <testcase classname="com.natasha.applitools.traditionalTests.traditionalV2.TaskOneCrossDeviceElementTest" name="checkFilterButtonIsDisplayedOnlyOnTabletAndMobileScreens" time="0.0">
    <skipped/>
  </testcase> <!-- checkFilterButtonIsDisplayedOnlyOnTabletAndMobileScreens -->
  <testcase classname="com.natasha.applitools.traditionalTests.traditionalV2.TaskOneCrossDeviceElementTest" name="checkFilterButtonLabelIsDisplayedOnlyOnTabletScreens" time="0.0">
    <skipped/>
  </testcase> <!-- checkFilterButtonLabelIsDisplayedOnlyOnTabletScreens -->
  <testcase classname="com.natasha.applitools.traditionalTests.traditionalV2.TaskOneCrossDeviceElementTest" name="checkFilterSideBarIsDisplayedOnlyOnDesktopScreens" time="0.0">
    <skipped/>
  </testcase> <!-- checkFilterSideBarIsDisplayedOnlyOnDesktopScreens -->
  <testcase classname="com.natasha.applitools.traditionalTests.traditionalV2.TaskOneCrossDeviceElementTest" name="checkGridViewButtonIsDisplayedOnlyOnDesktopScreens" time="0.0">
    <skipped/>
  </testcase> <!-- checkGridViewButtonIsDisplayedOnlyOnDesktopScreens -->
  <testcase classname="com.natasha.applitools.traditionalTests.traditionalV2.TaskOneCrossDeviceElementTest" name="checkKeepInTouchInFooterIsMinimisedOnlyOnMobileScreen" time="0.0">
    <skipped/>
  </testcase> <!-- checkKeepInTouchInFooterIsMinimisedOnlyOnMobileScreen -->
  <testcase classname="com.natasha.applitools.traditionalTests.traditionalV2.TaskOneCrossDeviceElementTest" name="checkListViewButtonIsDisplayedOnlyOnDesktopScreens" time="0.0">
    <skipped/>
  </testcase> <!-- checkListViewButtonIsDisplayedOnlyOnDesktopScreens -->
  <testcase classname="com.natasha.applitools.traditionalTests.traditionalV2.TaskOneCrossDeviceElementTest" name="checkMainMenuIsDisplayedOnlyOnDesktopScreens" time="0.0">
    <skipped/>
  </testcase> <!-- checkMainMenuIsDisplayedOnlyOnDesktopScreens -->
  <testcase classname="com.natasha.applitools.traditionalTests.traditionalV2.TaskOneCrossDeviceElementTest" name="checkQuickLinksInFooterIsMinimisedOnlyOnMobileScreen" time="0.0">
    <skipped/>
  </testcase> <!-- checkQuickLinksInFooterIsMinimisedOnlyOnMobileScreen -->
  <testcase classname="com.natasha.applitools.traditionalTests.traditionalV2.TaskOneCrossDeviceElementTest" name="checkSearchBoxIsDisplayedOnlyOnDesktopAndTabletScreens" time="0.0">
    <skipped/>
  </testcase> <!-- checkSearchBoxIsDisplayedOnlyOnDesktopAndTabletScreens -->
  <testcase classname="com.natasha.applitools.traditionalTests.traditionalV2.TaskOneCrossDeviceElementTest" name="checkSearchButtonIsDisplayedOnlyOnTabletAndMobileScreens" time="0.0">
    <skipped/>
  </testcase> <!-- checkSearchButtonIsDisplayedOnlyOnTabletAndMobileScreens -->
  <testcase classname="com.natasha.applitools.traditionalTests.traditionalV2.TaskOneCrossDeviceElementTest" name="checkWishlistIsDisplayedOnlyOnDesktopScreens" time="0.0">
    <skipped/>
  </testcase> <!-- checkWishlistIsDisplayedOnlyOnDesktopScreens -->
  <testcase classname="com.natasha.applitools.modernTests.modernTestV1.CrossDeviceElementTest" name="checkLandingPageIsDisplayedCorrectly" time="0.0">
    <skipped/>
  </testcase> <!-- checkLandingPageIsDisplayedCorrectly -->
  <testcase classname="com.natasha.applitools.modernTests.modernTestV2.CrossDeviceElementTest" name="checkLandingPageIsDisplayedCorrectly" time="0.0">
    <skipped/>
  </testcase> <!-- checkLandingPageIsDisplayedCorrectly -->
  <testcase classname="com.natasha.applitools.traditionalTests.traditionalV2.TaskThreeProductDetailsTest" name="checkItemModelValueIsDisplayed" time="0.0">
    <skipped/>
  </testcase> <!-- checkItemModelValueIsDisplayed -->
  <testcase classname="com.natasha.applitools.traditionalTests.traditionalV2.TaskThreeProductDetailsTest" name="checkNewPriceHasDecimals" time="0.0">
    <skipped/>
  </testcase> <!-- checkNewPriceHasDecimals -->
  <testcase classname="com.natasha.applitools.traditionalTests.traditionalV2.TaskThreeProductDetailsTest" name="checkOldPriceHasCssValueLineThrough" time="0.0">
    <skipped/>
  </testcase> <!-- checkOldPriceHasCssValueLineThrough -->
  <testcase classname="com.natasha.applitools.traditionalTests.traditionalV2.TaskThreeProductDetailsTest" name="checkSizeSmallValueIsEqualsSmallS" time="0.0">
    <skipped/>
  </testcase> <!-- checkSizeSmallValueIsEqualsSmallS -->
  <testcase classname="com.natasha.applitools.traditionalTests.traditionalTestV2.ProductDetailsTest" name="checkItemModelValueIsDisplayed" time="0.0">
    <skipped/>
  </testcase> <!-- checkItemModelValueIsDisplayed -->
  <testcase classname="com.natasha.applitools.traditionalTests.traditionalTestV2.ProductDetailsTest" name="checkNewPriceHasDecimals" time="0.0">
    <skipped/>
  </testcase> <!-- checkNewPriceHasDecimals -->
  <testcase classname="com.natasha.applitools.traditionalTests.traditionalTestV2.ProductDetailsTest" name="checkOldPriceHasCssValueLineThrough" time="0.0">
    <skipped/>
  </testcase> <!-- checkOldPriceHasCssValueLineThrough -->
  <testcase classname="com.natasha.applitools.traditionalTests.traditionalTestV2.ProductDetailsTest" name="checkSizeSmallValueIsEqualsSmallS" time="0.0">
    <skipped/>
  </testcase> <!-- checkSizeSmallValueIsEqualsSmallS -->
  <testcase classname="com.natasha.applitools.traditionalTests.traditionalTestV2.ShoppingExperienceTest" name="checkOnlyBlackShoesDisplayedWhenFilterByColorBlack" time="0.0">
    <skipped/>
  </testcase> <!-- checkOnlyBlackShoesDisplayedWhenFilterByColorBlack -->
  <testcase classname="com.natasha.applitools.traditionalTests.traditionalTestV2.CrossDeviceElementTest" name="checkAddToCartButtonIsDisplayedOnlyOnTabletAndMobileScreens" time="0.0">
    <skipped/>
  </testcase> <!-- checkAddToCartButtonIsDisplayedOnlyOnTabletAndMobileScreens -->
  <testcase classname="com.natasha.applitools.traditionalTests.traditionalTestV2.CrossDeviceElementTest" name="checkAddToCompareButtonIsDisplayedOnlyOnTabletAndMobileScreens" time="0.0">
    <skipped/>
  </testcase> <!-- checkAddToCompareButtonIsDisplayedOnlyOnTabletAndMobileScreens -->
  <testcase classname="com.natasha.applitools.traditionalTests.traditionalTestV2.CrossDeviceElementTest" name="checkAddToFavoriteButtonIsDisplayedOnlyOnTabletAndMobileScreens" time="0.0">
    <skipped/>
  </testcase> <!-- checkAddToFavoriteButtonIsDisplayedOnlyOnTabletAndMobileScreens -->
  <testcase classname="com.natasha.applitools.traditionalTests.traditionalTestV2.CrossDeviceElementTest" name="checkCartDisplaysTwoItemsOnlyOnMobileScreens" time="0.0">
    <skipped/>
  </testcase> <!-- checkCartDisplaysTwoItemsOnlyOnMobileScreens -->
  <testcase classname="com.natasha.applitools.traditionalTests.traditionalTestV2.CrossDeviceElementTest" name="checkContactsInFooterIsMinimisedOnlyOnMobileScreen" time="0.0">
    <skipped/>
  </testcase> <!-- checkContactsInFooterIsMinimisedOnlyOnMobileScreen -->
  <testcase classname="com.natasha.applitools.traditionalTests.traditionalTestV2.CrossDeviceElementTest" name="checkFilterButtonIsDisplayedOnlyOnTabletAndMobileScreens" time="0.0">
    <skipped/>
  </testcase> <!-- checkFilterButtonIsDisplayedOnlyOnTabletAndMobileScreens -->
  <testcase classname="com.natasha.applitools.traditionalTests.traditionalTestV2.CrossDeviceElementTest" name="checkFilterButtonLabelIsDisplayedOnlyOnTabletScreens" time="0.0">
    <skipped/>
  </testcase> <!-- checkFilterButtonLabelIsDisplayedOnlyOnTabletScreens -->
  <testcase classname="com.natasha.applitools.traditionalTests.traditionalTestV2.CrossDeviceElementTest" name="checkFilterSideBarIsDisplayedOnlyOnDesktopScreens" time="0.0">
    <skipped/>
  </testcase> <!-- checkFilterSideBarIsDisplayedOnlyOnDesktopScreens -->
  <testcase classname="com.natasha.applitools.traditionalTests.traditionalTestV2.CrossDeviceElementTest" name="checkGridViewButtonIsDisplayedOnlyOnDesktopScreens" time="0.0">
    <skipped/>
  </testcase> <!-- checkGridViewButtonIsDisplayedOnlyOnDesktopScreens -->
  <testcase classname="com.natasha.applitools.traditionalTests.traditionalTestV2.CrossDeviceElementTest" name="checkKeepInTouchInFooterIsMinimisedOnlyOnMobileScreen" time="0.0">
    <skipped/>
  </testcase> <!-- checkKeepInTouchInFooterIsMinimisedOnlyOnMobileScreen -->
  <testcase classname="com.natasha.applitools.traditionalTests.traditionalTestV2.CrossDeviceElementTest" name="checkListViewButtonIsDisplayedOnlyOnDesktopScreens" time="0.0">
    <skipped/>
  </testcase> <!-- checkListViewButtonIsDisplayedOnlyOnDesktopScreens -->
  <testcase classname="com.natasha.applitools.traditionalTests.traditionalTestV2.CrossDeviceElementTest" name="checkMainMenuIsDisplayedOnlyOnDesktopScreens" time="0.0">
    <skipped/>
  </testcase> <!-- checkMainMenuIsDisplayedOnlyOnDesktopScreens -->
  <testcase classname="com.natasha.applitools.traditionalTests.traditionalTestV2.CrossDeviceElementTest" name="checkQuickLinksInFooterIsMinimisedOnlyOnMobileScreen" time="0.0">
    <skipped/>
  </testcase> <!-- checkQuickLinksInFooterIsMinimisedOnlyOnMobileScreen -->
  <testcase classname="com.natasha.applitools.traditionalTests.traditionalTestV2.CrossDeviceElementTest" name="checkSearchBoxIsDisplayedOnlyOnDesktopAndTabletScreens" time="0.0">
    <skipped/>
  </testcase> <!-- checkSearchBoxIsDisplayedOnlyOnDesktopAndTabletScreens -->
  <testcase classname="com.natasha.applitools.traditionalTests.traditionalTestV2.CrossDeviceElementTest" name="checkSearchButtonIsDisplayedOnlyOnTabletAndMobileScreens" time="0.0">
    <skipped/>
  </testcase> <!-- checkSearchButtonIsDisplayedOnlyOnTabletAndMobileScreens -->
  <testcase classname="com.natasha.applitools.traditionalTests.traditionalTestV2.CrossDeviceElementTest" name="checkWishlistIsDisplayedOnlyOnDesktopScreens" time="0.0">
    <skipped/>
  </testcase> <!-- checkWishlistIsDisplayedOnlyOnDesktopScreens -->
  <testcase classname="com.natasha.applitools.modernTests.BaseTest" name="@BeforeSuite beforeTestSuite" time="0.0">
    <ignored/>
  </testcase> <!-- @BeforeSuite beforeTestSuite -->
  <testcase classname="com.natasha.applitools.modernTests.BaseTest" name="@BeforeSuite beforeTestSuite" time="0.0">
    <ignored/>
  </testcase> <!-- @BeforeSuite beforeTestSuite -->
  <testcase classname="com.natasha.applitools.modernTests.BaseTest" name="@BeforeSuite beforeTestSuite" time="0.0">
    <ignored/>
  </testcase> <!-- @BeforeSuite beforeTestSuite -->
  <testcase classname="com.natasha.applitools.modernTests.BaseTest" name="@BeforeSuite beforeTestSuite" time="0.0">
    <ignored/>
  </testcase> <!-- @BeforeSuite beforeTestSuite -->
  <testcase classname="com.natasha.applitools.modernTests.BaseTest" name="@BeforeSuite beforeTestSuite" time="0.0">
    <ignored/>
  </testcase> <!-- @BeforeSuite beforeTestSuite -->
  <testcase classname="com.natasha.applitools.modernTests.BaseTest" name="@BeforeSuite beforeTestSuite" time="0.0">
    <ignored/>
  </testcase> <!-- @BeforeSuite beforeTestSuite -->
  <testcase classname="com.natasha.applitools.modernTests.BaseTest" name="@BeforeSuite beforeTestSuite" time="0.0">
    <ignored/>
  </testcase> <!-- @BeforeSuite beforeTestSuite -->
  <testcase classname="com.natasha.applitools.modernTests.BaseTest" name="@BeforeSuite beforeTestSuite" time="0.0">
    <ignored/>
  </testcase> <!-- @BeforeSuite beforeTestSuite -->
  <testcase classname="com.natasha.applitools.modernTests.BaseTest" name="@BeforeSuite beforeTestSuite" time="0.0">
    <ignored/>
  </testcase> <!-- @BeforeSuite beforeTestSuite -->
  <testcase classname="com.natasha.applitools.modernTests.BaseTest" name="@BeforeSuite beforeTestSuite" time="0.0">
    <ignored/>
  </testcase> <!-- @BeforeSuite beforeTestSuite -->
  <testcase classname="com.natasha.applitools.modernTests.BaseTest" name="@BeforeSuite beforeTestSuite" time="0.0">
    <ignored/>
  </testcase> <!-- @BeforeSuite beforeTestSuite -->
  <testcase classname="com.natasha.applitools.modernTests.BaseTest" name="@BeforeSuite beforeTestSuite" time="0.0">
    <ignored/>
  </testcase> <!-- @BeforeSuite beforeTestSuite -->
</testsuite> <!-- Command line test -->
