<html>
<head>
<title>TestNG:  EdgeChromiumDesktopTest</title>
<link href="../testng.css" rel="stylesheet" type="text/css" />
<link href="../my-testng.css" rel="stylesheet" type="text/css" />

<style type="text/css">
.log { display: none;} 
.stack-trace { display: none;} 
</style>
<script type="text/javascript">
<!--
function flip(e) {
  current = e.style.display;
  if (current == 'block') {
    e.style.display = 'none';
    return 0;
  }
  else {
    e.style.display = 'block';
    return 1;
  }
}

function toggleBox(szDivId, elem, msg1, msg2)
{
  var res = -1;  if (document.getElementById) {
    res = flip(document.getElementById(szDivId));
  }
  else if (document.all) {
    // this is the way old msie versions work
    res = flip(document.all[szDivId]);
  }
  if(elem) {
    if(res == 0) elem.innerHTML = msg1; else elem.innerHTML = msg2;
  }

}

function toggleAllBoxes() {
  if (document.getElementsByTagName) {
    d = document.getElementsByTagName('div');
    for (i = 0; i < d.length; i++) {
      if (d[i].className == 'log') {
        flip(d[i]);
      }
    }
  }
}

// -->
</script>

</head>
<body>
<h2 align='center'>EdgeChromiumDesktopTest</h2><table border='1' align="center">
<tr>
<td>Tests passed/Failed/Skipped:</td><td>13/8/0</td>
</tr><tr>
<td>Started on:</td><td>Mon Jul 06 12:31:41 BST 2020</td>
</tr>
<tr><td>Total time:</td><td>58 seconds (58591 ms)</td>
</tr><tr>
<td>Included groups:</td><td></td>
</tr><tr>
<td>Excluded groups:</td><td></td>
</tr>
</table><p/>
<small><i>(Hover the method name to see the test class name)</i></small><p/>
<table width='100%' border='1' class='invocation-failed'>
<tr><td colspan='4' align='center'><b>FAILED TESTS</b></td></tr>
<tr><td><b>Test method</b></td>
<td width="30%"><b>Exception</b></td>
<td width="10%"><b>Time (seconds)</b></td>
<td><b>Instance</b></td>
</tr>
<tr>
<td title='com.natasha.applitools.traditionalTests.traditionalTestV2.CrossDeviceElementTest.checkAddToCartButtonIsDisplayedOnTabletAndMobile()'><b>checkAddToCartButtonIsDisplayedOnTabletAndMobile</b><br>Test class: com.natasha.applitools.traditionalTests.traditionalTestV2.CrossDeviceElementTest</td>
<td><div><pre>java.lang.AssertionError: expected [true] but found [false]
	at com.natasha.applitools.traditionalTests.BaseTest.checkIsNotDisplayed(BaseTest.kt:134)
	at com.natasha.applitools.traditionalTests.traditionalTestV2.CrossDeviceElementTest.checkAddToCartButtonIsDisplayedOnTabletAndMobile(CrossDeviceElementTest.kt:171)
	at java.base/java.util.ArrayList.forEach(ArrayList.java:1507)
... Removed 35 stack frames</pre></div><a href='#' onClick='toggleBox("stack-trace1989332276", this, "Click to show all stack frames", "Click to hide stack frames")'>Click to show all stack frames</a>
<div class='stack-trace' id='stack-trace1989332276'><pre>java.lang.AssertionError: expected [true] but found [false]
	at org.testng.Assert.fail(Assert.java:97)
	at org.testng.Assert.failNotEquals(Assert.java:969)
	at org.testng.Assert.assertTrue(Assert.java:43)
	at org.testng.Assert.assertTrue(Assert.java:53)
	at com.natasha.applitools.traditionalTests.BaseTest.checkIsNotDisplayed(BaseTest.kt:134)
	at com.natasha.applitools.traditionalTests.traditionalTestV2.CrossDeviceElementTest.checkAddToCartButtonIsDisplayedOnTabletAndMobile(CrossDeviceElementTest.kt:171)
	at java.base/jdk.internal.reflect.NativeMethodAccessorImpl.invoke0(Native Method)
	at java.base/jdk.internal.reflect.NativeMethodAccessorImpl.invoke(NativeMethodAccessorImpl.java:62)
	at java.base/jdk.internal.reflect.DelegatingMethodAccessorImpl.invoke(DelegatingMethodAccessorImpl.java:43)
	at java.base/java.lang.reflect.Method.invoke(Method.java:567)
	at org.testng.internal.MethodInvocationHelper.invokeMethod(MethodInvocationHelper.java:134)
	at org.testng.internal.TestInvoker.invokeMethod(TestInvoker.java:597)
	at org.testng.internal.TestInvoker.invokeTestMethod(TestInvoker.java:173)
	at org.testng.internal.MethodRunner.runInSequence(MethodRunner.java:46)
	at org.testng.internal.TestInvoker$MethodInvocationAgent.invoke(TestInvoker.java:816)
	at org.testng.internal.TestInvoker.invokeTestMethods(TestInvoker.java:146)
	at org.testng.internal.TestMethodWorker.invokeTestMethods(TestMethodWorker.java:146)
	at org.testng.internal.TestMethodWorker.run(TestMethodWorker.java:128)
	at java.base/java.util.ArrayList.forEach(ArrayList.java:1507)
	at org.testng.TestRunner.privateRun(TestRunner.java:766)
	at org.testng.TestRunner.run(TestRunner.java:587)
	at org.testng.SuiteRunner.runTest(SuiteRunner.java:384)
	at org.testng.SuiteRunner.runSequentially(SuiteRunner.java:378)
	at org.testng.SuiteRunner.privateRun(SuiteRunner.java:337)
	at org.testng.SuiteRunner.run(SuiteRunner.java:286)
	at org.testng.SuiteRunnerWorker.runSuite(SuiteRunnerWorker.java:53)
	at org.testng.SuiteRunnerWorker.run(SuiteRunnerWorker.java:96)
	at org.testng.TestNG.runSuitesSequentially(TestNG.java:1187)
	at org.testng.TestNG.runSuitesLocally(TestNG.java:1109)
	at org.testng.TestNG.runSuites(TestNG.java:1039)
	at org.testng.TestNG.run(TestNG.java:1007)
	at org.apache.maven.surefire.testng.TestNGExecutor.run(TestNGExecutor.java:283)
	at org.apache.maven.surefire.testng.TestNGXmlTestSuite.execute(TestNGXmlTestSuite.java:75)
	at org.apache.maven.surefire.testng.TestNGProvider.invoke(TestNGProvider.java:120)
	at org.apache.maven.surefire.booter.ForkedBooter.runSuitesInProcess(ForkedBooter.java:377)
	at org.apache.maven.surefire.booter.ForkedBooter.execute(ForkedBooter.java:138)
	at org.apache.maven.surefire.booter.ForkedBooter.run(ForkedBooter.java:465)
	at org.apache.maven.surefire.booter.ForkedBooter.main(ForkedBooter.java:451)
</pre></div></td>
<td>0</td>
<td>com.natasha.applitools.traditionalTests.traditionalTestV2.CrossDeviceElementTest@2aa5fe93</td></tr>
<tr>
<td title='com.natasha.applitools.traditionalTests.traditionalTestV2.CrossDeviceElementTest.checkAddToCartButtonIsDisplayedOnTabletAndMobile()'><b>checkAddToCartButtonIsDisplayedOnTabletAndMobile</b><br>Test class: com.natasha.applitools.traditionalTests.traditionalTestV2.CrossDeviceElementTest</td>
<td><div><pre>java.lang.AssertionError: expected [true] but found [false]
	at com.natasha.applitools.traditionalTests.BaseTest.checkIsDisplayed(BaseTest.kt:124)
	at com.natasha.applitools.traditionalTests.traditionalTestV2.CrossDeviceElementTest.checkAddToCartButtonIsDisplayedOnTabletAndMobile(CrossDeviceElementTest.kt:173)
	at java.base/java.util.ArrayList.forEach(ArrayList.java:1507)
... Removed 35 stack frames</pre></div><a href='#' onClick='toggleBox("stack-trace1872410525", this, "Click to show all stack frames", "Click to hide stack frames")'>Click to show all stack frames</a>
<div class='stack-trace' id='stack-trace1872410525'><pre>java.lang.AssertionError: expected [true] but found [false]
	at org.testng.Assert.fail(Assert.java:97)
	at org.testng.Assert.failNotEquals(Assert.java:969)
	at org.testng.Assert.assertTrue(Assert.java:43)
	at org.testng.Assert.assertTrue(Assert.java:53)
	at com.natasha.applitools.traditionalTests.BaseTest.checkIsDisplayed(BaseTest.kt:124)
	at com.natasha.applitools.traditionalTests.traditionalTestV2.CrossDeviceElementTest.checkAddToCartButtonIsDisplayedOnTabletAndMobile(CrossDeviceElementTest.kt:173)
	at java.base/jdk.internal.reflect.NativeMethodAccessorImpl.invoke0(Native Method)
	at java.base/jdk.internal.reflect.NativeMethodAccessorImpl.invoke(NativeMethodAccessorImpl.java:62)
	at java.base/jdk.internal.reflect.DelegatingMethodAccessorImpl.invoke(DelegatingMethodAccessorImpl.java:43)
	at java.base/java.lang.reflect.Method.invoke(Method.java:567)
	at org.testng.internal.MethodInvocationHelper.invokeMethod(MethodInvocationHelper.java:134)
	at org.testng.internal.TestInvoker.invokeMethod(TestInvoker.java:597)
	at org.testng.internal.TestInvoker.invokeTestMethod(TestInvoker.java:173)
	at org.testng.internal.MethodRunner.runInSequence(MethodRunner.java:46)
	at org.testng.internal.TestInvoker$MethodInvocationAgent.invoke(TestInvoker.java:816)
	at org.testng.internal.TestInvoker.invokeTestMethods(TestInvoker.java:146)
	at org.testng.internal.TestMethodWorker.invokeTestMethods(TestMethodWorker.java:146)
	at org.testng.internal.TestMethodWorker.run(TestMethodWorker.java:128)
	at java.base/java.util.ArrayList.forEach(ArrayList.java:1507)
	at org.testng.TestRunner.privateRun(TestRunner.java:766)
	at org.testng.TestRunner.run(TestRunner.java:587)
	at org.testng.SuiteRunner.runTest(SuiteRunner.java:384)
	at org.testng.SuiteRunner.runSequentially(SuiteRunner.java:378)
	at org.testng.SuiteRunner.privateRun(SuiteRunner.java:337)
	at org.testng.SuiteRunner.run(SuiteRunner.java:286)
	at org.testng.SuiteRunnerWorker.runSuite(SuiteRunnerWorker.java:53)
	at org.testng.SuiteRunnerWorker.run(SuiteRunnerWorker.java:96)
	at org.testng.TestNG.runSuitesSequentially(TestNG.java:1187)
	at org.testng.TestNG.runSuitesLocally(TestNG.java:1109)
	at org.testng.TestNG.runSuites(TestNG.java:1039)
	at org.testng.TestNG.run(TestNG.java:1007)
	at org.apache.maven.surefire.testng.TestNGExecutor.run(TestNGExecutor.java:283)
	at org.apache.maven.surefire.testng.TestNGXmlTestSuite.execute(TestNGXmlTestSuite.java:75)
	at org.apache.maven.surefire.testng.TestNGProvider.invoke(TestNGProvider.java:120)
	at org.apache.maven.surefire.booter.ForkedBooter.runSuitesInProcess(ForkedBooter.java:377)
	at org.apache.maven.surefire.booter.ForkedBooter.execute(ForkedBooter.java:138)
	at org.apache.maven.surefire.booter.ForkedBooter.run(ForkedBooter.java:465)
	at org.apache.maven.surefire.booter.ForkedBooter.main(ForkedBooter.java:451)
</pre></div></td>
<td>0</td>
<td>com.natasha.applitools.traditionalTests.traditionalTestV2.CrossDeviceElementTest@1d76aeea</td></tr>
<tr>
<td title='com.natasha.applitools.traditionalTests.traditionalTestV2.CrossDeviceElementTest.checkAddToCartButtonIsDisplayedOnTabletAndMobile()'><b>checkAddToCartButtonIsDisplayedOnTabletAndMobile</b><br>Test class: com.natasha.applitools.traditionalTests.traditionalTestV2.CrossDeviceElementTest</td>
<td><div><pre>java.lang.AssertionError: expected [true] but found [false]
	at com.natasha.applitools.traditionalTests.BaseTest.checkIsDisplayed(BaseTest.kt:124)
	at com.natasha.applitools.traditionalTests.traditionalTestV2.CrossDeviceElementTest.checkAddToCartButtonIsDisplayedOnTabletAndMobile(CrossDeviceElementTest.kt:173)
	at java.base/java.util.ArrayList.forEach(ArrayList.java:1507)
... Removed 35 stack frames</pre></div><a href='#' onClick='toggleBox("stack-trace406780058", this, "Click to show all stack frames", "Click to hide stack frames")'>Click to show all stack frames</a>
<div class='stack-trace' id='stack-trace406780058'><pre>java.lang.AssertionError: expected [true] but found [false]
	at org.testng.Assert.fail(Assert.java:97)
	at org.testng.Assert.failNotEquals(Assert.java:969)
	at org.testng.Assert.assertTrue(Assert.java:43)
	at org.testng.Assert.assertTrue(Assert.java:53)
	at com.natasha.applitools.traditionalTests.BaseTest.checkIsDisplayed(BaseTest.kt:124)
	at com.natasha.applitools.traditionalTests.traditionalTestV2.CrossDeviceElementTest.checkAddToCartButtonIsDisplayedOnTabletAndMobile(CrossDeviceElementTest.kt:173)
	at java.base/jdk.internal.reflect.NativeMethodAccessorImpl.invoke0(Native Method)
	at java.base/jdk.internal.reflect.NativeMethodAccessorImpl.invoke(NativeMethodAccessorImpl.java:62)
	at java.base/jdk.internal.reflect.DelegatingMethodAccessorImpl.invoke(DelegatingMethodAccessorImpl.java:43)
	at java.base/java.lang.reflect.Method.invoke(Method.java:567)
	at org.testng.internal.MethodInvocationHelper.invokeMethod(MethodInvocationHelper.java:134)
	at org.testng.internal.TestInvoker.invokeMethod(TestInvoker.java:597)
	at org.testng.internal.TestInvoker.invokeTestMethod(TestInvoker.java:173)
	at org.testng.internal.MethodRunner.runInSequence(MethodRunner.java:46)
	at org.testng.internal.TestInvoker$MethodInvocationAgent.invoke(TestInvoker.java:816)
	at org.testng.internal.TestInvoker.invokeTestMethods(TestInvoker.java:146)
	at org.testng.internal.TestMethodWorker.invokeTestMethods(TestMethodWorker.java:146)
	at org.testng.internal.TestMethodWorker.run(TestMethodWorker.java:128)
	at java.base/java.util.ArrayList.forEach(ArrayList.java:1507)
	at org.testng.TestRunner.privateRun(TestRunner.java:766)
	at org.testng.TestRunner.run(TestRunner.java:587)
	at org.testng.SuiteRunner.runTest(SuiteRunner.java:384)
	at org.testng.SuiteRunner.runSequentially(SuiteRunner.java:378)
	at org.testng.SuiteRunner.privateRun(SuiteRunner.java:337)
	at org.testng.SuiteRunner.run(SuiteRunner.java:286)
	at org.testng.SuiteRunnerWorker.runSuite(SuiteRunnerWorker.java:53)
	at org.testng.SuiteRunnerWorker.run(SuiteRunnerWorker.java:96)
	at org.testng.TestNG.runSuitesSequentially(TestNG.java:1187)
	at org.testng.TestNG.runSuitesLocally(TestNG.java:1109)
	at org.testng.TestNG.runSuites(TestNG.java:1039)
	at org.testng.TestNG.run(TestNG.java:1007)
	at org.apache.maven.surefire.testng.TestNGExecutor.run(TestNGExecutor.java:283)
	at org.apache.maven.surefire.testng.TestNGXmlTestSuite.execute(TestNGXmlTestSuite.java:75)
	at org.apache.maven.surefire.testng.TestNGProvider.invoke(TestNGProvider.java:120)
	at org.apache.maven.surefire.booter.ForkedBooter.runSuitesInProcess(ForkedBooter.java:377)
	at org.apache.maven.surefire.booter.ForkedBooter.execute(ForkedBooter.java:138)
	at org.apache.maven.surefire.booter.ForkedBooter.run(ForkedBooter.java:465)
	at org.apache.maven.surefire.booter.ForkedBooter.main(ForkedBooter.java:451)
</pre></div></td>
<td>0</td>
<td>com.natasha.applitools.traditionalTests.traditionalTestV2.CrossDeviceElementTest@402e37bc</td></tr>
<tr>
<td title='com.natasha.applitools.traditionalTests.traditionalTestV2.CrossDeviceElementTest.checkAddToCartButtonIsDisplayedOnTabletAndMobile()'><b>checkAddToCartButtonIsDisplayedOnTabletAndMobile</b><br>Test class: com.natasha.applitools.traditionalTests.traditionalTestV2.CrossDeviceElementTest</td>
<td><div><pre>java.lang.AssertionError: expected [true] but found [false]
	at com.natasha.applitools.traditionalTests.BaseTest.checkIsNotDisplayed(BaseTest.kt:134)
	at com.natasha.applitools.traditionalTests.traditionalTestV2.CrossDeviceElementTest.checkAddToCartButtonIsDisplayedOnTabletAndMobile(CrossDeviceElementTest.kt:171)
	at java.base/java.util.ArrayList.forEach(ArrayList.java:1507)
... Removed 35 stack frames</pre></div><a href='#' onClick='toggleBox("stack-trace1728457363", this, "Click to show all stack frames", "Click to hide stack frames")'>Click to show all stack frames</a>
<div class='stack-trace' id='stack-trace1728457363'><pre>java.lang.AssertionError: expected [true] but found [false]
	at org.testng.Assert.fail(Assert.java:97)
	at org.testng.Assert.failNotEquals(Assert.java:969)
	at org.testng.Assert.assertTrue(Assert.java:43)
	at org.testng.Assert.assertTrue(Assert.java:53)
	at com.natasha.applitools.traditionalTests.BaseTest.checkIsNotDisplayed(BaseTest.kt:134)
	at com.natasha.applitools.traditionalTests.traditionalTestV2.CrossDeviceElementTest.checkAddToCartButtonIsDisplayedOnTabletAndMobile(CrossDeviceElementTest.kt:171)
	at java.base/jdk.internal.reflect.NativeMethodAccessorImpl.invoke0(Native Method)
	at java.base/jdk.internal.reflect.NativeMethodAccessorImpl.invoke(NativeMethodAccessorImpl.java:62)
	at java.base/jdk.internal.reflect.DelegatingMethodAccessorImpl.invoke(DelegatingMethodAccessorImpl.java:43)
	at java.base/java.lang.reflect.Method.invoke(Method.java:567)
	at org.testng.internal.MethodInvocationHelper.invokeMethod(MethodInvocationHelper.java:134)
	at org.testng.internal.TestInvoker.invokeMethod(TestInvoker.java:597)
	at org.testng.internal.TestInvoker.invokeTestMethod(TestInvoker.java:173)
	at org.testng.internal.MethodRunner.runInSequence(MethodRunner.java:46)
	at org.testng.internal.TestInvoker$MethodInvocationAgent.invoke(TestInvoker.java:816)
	at org.testng.internal.TestInvoker.invokeTestMethods(TestInvoker.java:146)
	at org.testng.internal.TestMethodWorker.invokeTestMethods(TestMethodWorker.java:146)
	at org.testng.internal.TestMethodWorker.run(TestMethodWorker.java:128)
	at java.base/java.util.ArrayList.forEach(ArrayList.java:1507)
	at org.testng.TestRunner.privateRun(TestRunner.java:766)
	at org.testng.TestRunner.run(TestRunner.java:587)
	at org.testng.SuiteRunner.runTest(SuiteRunner.java:384)
	at org.testng.SuiteRunner.runSequentially(SuiteRunner.java:378)
	at org.testng.SuiteRunner.privateRun(SuiteRunner.java:337)
	at org.testng.SuiteRunner.run(SuiteRunner.java:286)
	at org.testng.SuiteRunnerWorker.runSuite(SuiteRunnerWorker.java:53)
	at org.testng.SuiteRunnerWorker.run(SuiteRunnerWorker.java:96)
	at org.testng.TestNG.runSuitesSequentially(TestNG.java:1187)
	at org.testng.TestNG.runSuitesLocally(TestNG.java:1109)
	at org.testng.TestNG.runSuites(TestNG.java:1039)
	at org.testng.TestNG.run(TestNG.java:1007)
	at org.apache.maven.surefire.testng.TestNGExecutor.run(TestNGExecutor.java:283)
	at org.apache.maven.surefire.testng.TestNGXmlTestSuite.execute(TestNGXmlTestSuite.java:75)
	at org.apache.maven.surefire.testng.TestNGProvider.invoke(TestNGProvider.java:120)
	at org.apache.maven.surefire.booter.ForkedBooter.runSuitesInProcess(ForkedBooter.java:377)
	at org.apache.maven.surefire.booter.ForkedBooter.execute(ForkedBooter.java:138)
	at org.apache.maven.surefire.booter.ForkedBooter.run(ForkedBooter.java:465)
	at org.apache.maven.surefire.booter.ForkedBooter.main(ForkedBooter.java:451)
</pre></div></td>
<td>0</td>
<td>com.natasha.applitools.traditionalTests.traditionalTestV2.CrossDeviceElementTest@7995092a</td></tr>
<tr>
<td title='com.natasha.applitools.traditionalTests.traditionalTestV2.CrossDeviceElementTest.checkAddToCartButtonIsDisplayedOnTabletAndMobile()'><b>checkAddToCartButtonIsDisplayedOnTabletAndMobile</b><br>Test class: com.natasha.applitools.traditionalTests.traditionalTestV2.CrossDeviceElementTest</td>
<td><div><pre>java.lang.AssertionError: expected [true] but found [false]
	at com.natasha.applitools.traditionalTests.BaseTest.checkIsDisplayed(BaseTest.kt:124)
	at com.natasha.applitools.traditionalTests.traditionalTestV2.CrossDeviceElementTest.checkAddToCartButtonIsDisplayedOnTabletAndMobile(CrossDeviceElementTest.kt:173)
	at java.base/java.util.ArrayList.forEach(ArrayList.java:1507)
... Removed 35 stack frames</pre></div><a href='#' onClick='toggleBox("stack-trace60012957", this, "Click to show all stack frames", "Click to hide stack frames")'>Click to show all stack frames</a>
<div class='stack-trace' id='stack-trace60012957'><pre>java.lang.AssertionError: expected [true] but found [false]
	at org.testng.Assert.fail(Assert.java:97)
	at org.testng.Assert.failNotEquals(Assert.java:969)
	at org.testng.Assert.assertTrue(Assert.java:43)
	at org.testng.Assert.assertTrue(Assert.java:53)
	at com.natasha.applitools.traditionalTests.BaseTest.checkIsDisplayed(BaseTest.kt:124)
	at com.natasha.applitools.traditionalTests.traditionalTestV2.CrossDeviceElementTest.checkAddToCartButtonIsDisplayedOnTabletAndMobile(CrossDeviceElementTest.kt:173)
	at java.base/jdk.internal.reflect.NativeMethodAccessorImpl.invoke0(Native Method)
	at java.base/jdk.internal.reflect.NativeMethodAccessorImpl.invoke(NativeMethodAccessorImpl.java:62)
	at java.base/jdk.internal.reflect.DelegatingMethodAccessorImpl.invoke(DelegatingMethodAccessorImpl.java:43)
	at java.base/java.lang.reflect.Method.invoke(Method.java:567)
	at org.testng.internal.MethodInvocationHelper.invokeMethod(MethodInvocationHelper.java:134)
	at org.testng.internal.TestInvoker.invokeMethod(TestInvoker.java:597)
	at org.testng.internal.TestInvoker.invokeTestMethod(TestInvoker.java:173)
	at org.testng.internal.MethodRunner.runInSequence(MethodRunner.java:46)
	at org.testng.internal.TestInvoker$MethodInvocationAgent.invoke(TestInvoker.java:816)
	at org.testng.internal.TestInvoker.invokeTestMethods(TestInvoker.java:146)
	at org.testng.internal.TestMethodWorker.invokeTestMethods(TestMethodWorker.java:146)
	at org.testng.internal.TestMethodWorker.run(TestMethodWorker.java:128)
	at java.base/java.util.ArrayList.forEach(ArrayList.java:1507)
	at org.testng.TestRunner.privateRun(TestRunner.java:766)
	at org.testng.TestRunner.run(TestRunner.java:587)
	at org.testng.SuiteRunner.runTest(SuiteRunner.java:384)
	at org.testng.SuiteRunner.runSequentially(SuiteRunner.java:378)
	at org.testng.SuiteRunner.privateRun(SuiteRunner.java:337)
	at org.testng.SuiteRunner.run(SuiteRunner.java:286)
	at org.testng.SuiteRunnerWorker.runSuite(SuiteRunnerWorker.java:53)
	at org.testng.SuiteRunnerWorker.run(SuiteRunnerWorker.java:96)
	at org.testng.TestNG.runSuitesSequentially(TestNG.java:1187)
	at org.testng.TestNG.runSuitesLocally(TestNG.java:1109)
	at org.testng.TestNG.runSuites(TestNG.java:1039)
	at org.testng.TestNG.run(TestNG.java:1007)
	at org.apache.maven.surefire.testng.TestNGExecutor.run(TestNGExecutor.java:283)
	at org.apache.maven.surefire.testng.TestNGXmlTestSuite.execute(TestNGXmlTestSuite.java:75)
	at org.apache.maven.surefire.testng.TestNGProvider.invoke(TestNGProvider.java:120)
	at org.apache.maven.surefire.booter.ForkedBooter.runSuitesInProcess(ForkedBooter.java:377)
	at org.apache.maven.surefire.booter.ForkedBooter.execute(ForkedBooter.java:138)
	at org.apache.maven.surefire.booter.ForkedBooter.run(ForkedBooter.java:465)
	at org.apache.maven.surefire.booter.ForkedBooter.main(ForkedBooter.java:451)
</pre></div></td>
<td>0</td>
<td>com.natasha.applitools.traditionalTests.traditionalTestV2.CrossDeviceElementTest@1e730495</td></tr>
<tr>
<td title='com.natasha.applitools.traditionalTests.traditionalTestV2.CrossDeviceElementTest.checkAddToCartButtonIsDisplayedOnTabletAndMobile()'><b>checkAddToCartButtonIsDisplayedOnTabletAndMobile</b><br>Test class: com.natasha.applitools.traditionalTests.traditionalTestV2.CrossDeviceElementTest</td>
<td><div><pre>java.lang.AssertionError: expected [true] but found [false]
	at com.natasha.applitools.traditionalTests.BaseTest.checkIsNotDisplayed(BaseTest.kt:134)
	at com.natasha.applitools.traditionalTests.traditionalTestV2.CrossDeviceElementTest.checkAddToCartButtonIsDisplayedOnTabletAndMobile(CrossDeviceElementTest.kt:171)
	at java.base/java.util.ArrayList.forEach(ArrayList.java:1507)
... Removed 35 stack frames</pre></div><a href='#' onClick='toggleBox("stack-trace525834197", this, "Click to show all stack frames", "Click to hide stack frames")'>Click to show all stack frames</a>
<div class='stack-trace' id='stack-trace525834197'><pre>java.lang.AssertionError: expected [true] but found [false]
	at org.testng.Assert.fail(Assert.java:97)
	at org.testng.Assert.failNotEquals(Assert.java:969)
	at org.testng.Assert.assertTrue(Assert.java:43)
	at org.testng.Assert.assertTrue(Assert.java:53)
	at com.natasha.applitools.traditionalTests.BaseTest.checkIsNotDisplayed(BaseTest.kt:134)
	at com.natasha.applitools.traditionalTests.traditionalTestV2.CrossDeviceElementTest.checkAddToCartButtonIsDisplayedOnTabletAndMobile(CrossDeviceElementTest.kt:171)
	at java.base/jdk.internal.reflect.NativeMethodAccessorImpl.invoke0(Native Method)
	at java.base/jdk.internal.reflect.NativeMethodAccessorImpl.invoke(NativeMethodAccessorImpl.java:62)
	at java.base/jdk.internal.reflect.DelegatingMethodAccessorImpl.invoke(DelegatingMethodAccessorImpl.java:43)
	at java.base/java.lang.reflect.Method.invoke(Method.java:567)
	at org.testng.internal.MethodInvocationHelper.invokeMethod(MethodInvocationHelper.java:134)
	at org.testng.internal.TestInvoker.invokeMethod(TestInvoker.java:597)
	at org.testng.internal.TestInvoker.invokeTestMethod(TestInvoker.java:173)
	at org.testng.internal.MethodRunner.runInSequence(MethodRunner.java:46)
	at org.testng.internal.TestInvoker$MethodInvocationAgent.invoke(TestInvoker.java:816)
	at org.testng.internal.TestInvoker.invokeTestMethods(TestInvoker.java:146)
	at org.testng.internal.TestMethodWorker.invokeTestMethods(TestMethodWorker.java:146)
	at org.testng.internal.TestMethodWorker.run(TestMethodWorker.java:128)
	at java.base/java.util.ArrayList.forEach(ArrayList.java:1507)
	at org.testng.TestRunner.privateRun(TestRunner.java:766)
	at org.testng.TestRunner.run(TestRunner.java:587)
	at org.testng.SuiteRunner.runTest(SuiteRunner.java:384)
	at org.testng.SuiteRunner.runSequentially(SuiteRunner.java:378)
	at org.testng.SuiteRunner.privateRun(SuiteRunner.java:337)
	at org.testng.SuiteRunner.run(SuiteRunner.java:286)
	at org.testng.SuiteRunnerWorker.runSuite(SuiteRunnerWorker.java:53)
	at org.testng.SuiteRunnerWorker.run(SuiteRunnerWorker.java:96)
	at org.testng.TestNG.runSuitesSequentially(TestNG.java:1187)
	at org.testng.TestNG.runSuitesLocally(TestNG.java:1109)
	at org.testng.TestNG.runSuites(TestNG.java:1039)
	at org.testng.TestNG.run(TestNG.java:1007)
	at org.apache.maven.surefire.testng.TestNGExecutor.run(TestNGExecutor.java:283)
	at org.apache.maven.surefire.testng.TestNGXmlTestSuite.execute(TestNGXmlTestSuite.java:75)
	at org.apache.maven.surefire.testng.TestNGProvider.invoke(TestNGProvider.java:120)
	at org.apache.maven.surefire.booter.ForkedBooter.runSuitesInProcess(ForkedBooter.java:377)
	at org.apache.maven.surefire.booter.ForkedBooter.execute(ForkedBooter.java:138)
	at org.apache.maven.surefire.booter.ForkedBooter.run(ForkedBooter.java:465)
	at org.apache.maven.surefire.booter.ForkedBooter.main(ForkedBooter.java:451)
</pre></div></td>
<td>0</td>
<td>com.natasha.applitools.traditionalTests.traditionalTestV2.CrossDeviceElementTest@7f1302d6</td></tr>
<tr>
<td title='com.natasha.applitools.traditionalTests.traditionalTestV2.CrossDeviceElementTest.checkAddToCompareButtonIsDisplayedOnTabletAndMobile()'><b>checkAddToCompareButtonIsDisplayedOnTabletAndMobile</b><br>Test class: com.natasha.applitools.traditionalTests.traditionalTestV2.CrossDeviceElementTest</td>
<td><div><pre>java.lang.AssertionError: expected [true] but found [false]
	at com.natasha.applitools.traditionalTests.BaseTest.checkIsNotDisplayed(BaseTest.kt:134)
	at com.natasha.applitools.traditionalTests.traditionalTestV2.CrossDeviceElementTest.checkAddToCompareButtonIsDisplayedOnTabletAndMobile(CrossDeviceElementTest.kt:158)
	at java.base/java.util.ArrayList.forEach(ArrayList.java:1507)
... Removed 35 stack frames</pre></div><a href='#' onClick='toggleBox("stack-trace1592763413", this, "Click to show all stack frames", "Click to hide stack frames")'>Click to show all stack frames</a>
<div class='stack-trace' id='stack-trace1592763413'><pre>java.lang.AssertionError: expected [true] but found [false]
	at org.testng.Assert.fail(Assert.java:97)
	at org.testng.Assert.failNotEquals(Assert.java:969)
	at org.testng.Assert.assertTrue(Assert.java:43)
	at org.testng.Assert.assertTrue(Assert.java:53)
	at com.natasha.applitools.traditionalTests.BaseTest.checkIsNotDisplayed(BaseTest.kt:134)
	at com.natasha.applitools.traditionalTests.traditionalTestV2.CrossDeviceElementTest.checkAddToCompareButtonIsDisplayedOnTabletAndMobile(CrossDeviceElementTest.kt:158)
	at java.base/jdk.internal.reflect.NativeMethodAccessorImpl.invoke0(Native Method)
	at java.base/jdk.internal.reflect.NativeMethodAccessorImpl.invoke(NativeMethodAccessorImpl.java:62)
	at java.base/jdk.internal.reflect.DelegatingMethodAccessorImpl.invoke(DelegatingMethodAccessorImpl.java:43)
	at java.base/java.lang.reflect.Method.invoke(Method.java:567)
	at org.testng.internal.MethodInvocationHelper.invokeMethod(MethodInvocationHelper.java:134)
	at org.testng.internal.TestInvoker.invokeMethod(TestInvoker.java:597)
	at org.testng.internal.TestInvoker.invokeTestMethod(TestInvoker.java:173)
	at org.testng.internal.MethodRunner.runInSequence(MethodRunner.java:46)
	at org.testng.internal.TestInvoker$MethodInvocationAgent.invoke(TestInvoker.java:816)
	at org.testng.internal.TestInvoker.invokeTestMethods(TestInvoker.java:146)
	at org.testng.internal.TestMethodWorker.invokeTestMethods(TestMethodWorker.java:146)
	at org.testng.internal.TestMethodWorker.run(TestMethodWorker.java:128)
	at java.base/java.util.ArrayList.forEach(ArrayList.java:1507)
	at org.testng.TestRunner.privateRun(TestRunner.java:766)
	at org.testng.TestRunner.run(TestRunner.java:587)
	at org.testng.SuiteRunner.runTest(SuiteRunner.java:384)
	at org.testng.SuiteRunner.runSequentially(SuiteRunner.java:378)
	at org.testng.SuiteRunner.privateRun(SuiteRunner.java:337)
	at org.testng.SuiteRunner.run(SuiteRunner.java:286)
	at org.testng.SuiteRunnerWorker.runSuite(SuiteRunnerWorker.java:53)
	at org.testng.SuiteRunnerWorker.run(SuiteRunnerWorker.java:96)
	at org.testng.TestNG.runSuitesSequentially(TestNG.java:1187)
	at org.testng.TestNG.runSuitesLocally(TestNG.java:1109)
	at org.testng.TestNG.runSuites(TestNG.java:1039)
	at org.testng.TestNG.run(TestNG.java:1007)
	at org.apache.maven.surefire.testng.TestNGExecutor.run(TestNGExecutor.java:283)
	at org.apache.maven.surefire.testng.TestNGXmlTestSuite.execute(TestNGXmlTestSuite.java:75)
	at org.apache.maven.surefire.testng.TestNGProvider.invoke(TestNGProvider.java:120)
	at org.apache.maven.surefire.booter.ForkedBooter.runSuitesInProcess(ForkedBooter.java:377)
	at org.apache.maven.surefire.booter.ForkedBooter.execute(ForkedBooter.java:138)
	at org.apache.maven.surefire.booter.ForkedBooter.run(ForkedBooter.java:465)
	at org.apache.maven.surefire.booter.ForkedBooter.main(ForkedBooter.java:451)
</pre></div></td>
<td>0</td>
<td>com.natasha.applitools.traditionalTests.traditionalTestV2.CrossDeviceElementTest@2aa5fe93</td></tr>
<tr>
<td title='com.natasha.applitools.traditionalTests.traditionalTestV2.CrossDeviceElementTest.checkAddToCompareButtonIsDisplayedOnTabletAndMobile()'><b>checkAddToCompareButtonIsDisplayedOnTabletAndMobile</b><br>Test class: com.natasha.applitools.traditionalTests.traditionalTestV2.CrossDeviceElementTest</td>
<td><div><pre>java.lang.AssertionError: expected [true] but found [false]
	at com.natasha.applitools.traditionalTests.BaseTest.checkIsDisplayed(BaseTest.kt:124)
	at com.natasha.applitools.traditionalTests.traditionalTestV2.CrossDeviceElementTest.checkAddToCompareButtonIsDisplayedOnTabletAndMobile(CrossDeviceElementTest.kt:160)
	at java.base/java.util.ArrayList.forEach(ArrayList.java:1507)
... Removed 35 stack frames</pre></div><a href='#' onClick='toggleBox("stack-trace284456930", this, "Click to show all stack frames", "Click to hide stack frames")'>Click to show all stack frames</a>
<div class='stack-trace' id='stack-trace284456930'><pre>java.lang.AssertionError: expected [true] but found [false]
	at org.testng.Assert.fail(Assert.java:97)
	at org.testng.Assert.failNotEquals(Assert.java:969)
	at org.testng.Assert.assertTrue(Assert.java:43)
	at org.testng.Assert.assertTrue(Assert.java:53)
	at com.natasha.applitools.traditionalTests.BaseTest.checkIsDisplayed(BaseTest.kt:124)
	at com.natasha.applitools.traditionalTests.traditionalTestV2.CrossDeviceElementTest.checkAddToCompareButtonIsDisplayedOnTabletAndMobile(CrossDeviceElementTest.kt:160)
	at java.base/jdk.internal.reflect.NativeMethodAccessorImpl.invoke0(Native Method)
	at java.base/jdk.internal.reflect.NativeMethodAccessorImpl.invoke(NativeMethodAccessorImpl.java:62)
	at java.base/jdk.internal.reflect.DelegatingMethodAccessorImpl.invoke(DelegatingMethodAccessorImpl.java:43)
	at java.base/java.lang.reflect.Method.invoke(Method.java:567)
	at org.testng.internal.MethodInvocationHelper.invokeMethod(MethodInvocationHelper.java:134)
	at org.testng.internal.TestInvoker.invokeMethod(TestInvoker.java:597)
	at org.testng.internal.TestInvoker.invokeTestMethod(TestInvoker.java:173)
	at org.testng.internal.MethodRunner.runInSequence(MethodRunner.java:46)
	at org.testng.internal.TestInvoker$MethodInvocationAgent.invoke(TestInvoker.java:816)
	at org.testng.internal.TestInvoker.invokeTestMethods(TestInvoker.java:146)
	at org.testng.internal.TestMethodWorker.invokeTestMethods(TestMethodWorker.java:146)
	at org.testng.internal.TestMethodWorker.run(TestMethodWorker.java:128)
	at java.base/java.util.ArrayList.forEach(ArrayList.java:1507)
	at org.testng.TestRunner.privateRun(TestRunner.java:766)
	at org.testng.TestRunner.run(TestRunner.java:587)
	at org.testng.SuiteRunner.runTest(SuiteRunner.java:384)
	at org.testng.SuiteRunner.runSequentially(SuiteRunner.java:378)
	at org.testng.SuiteRunner.privateRun(SuiteRunner.java:337)
	at org.testng.SuiteRunner.run(SuiteRunner.java:286)
	at org.testng.SuiteRunnerWorker.runSuite(SuiteRunnerWorker.java:53)
	at org.testng.SuiteRunnerWorker.run(SuiteRunnerWorker.java:96)
	at org.testng.TestNG.runSuitesSequentially(TestNG.java:1187)
	at org.testng.TestNG.runSuitesLocally(TestNG.java:1109)
	at org.testng.TestNG.runSuites(TestNG.java:1039)
	at org.testng.TestNG.run(TestNG.java:1007)
	at org.apache.maven.surefire.testng.TestNGExecutor.run(TestNGExecutor.java:283)
	at org.apache.maven.surefire.testng.TestNGXmlTestSuite.execute(TestNGXmlTestSuite.java:75)
	at org.apache.maven.surefire.testng.TestNGProvider.invoke(TestNGProvider.java:120)
	at org.apache.maven.surefire.booter.ForkedBooter.runSuitesInProcess(ForkedBooter.java:377)
	at org.apache.maven.surefire.booter.ForkedBooter.execute(ForkedBooter.java:138)
	at org.apache.maven.surefire.booter.ForkedBooter.run(ForkedBooter.java:465)
	at org.apache.maven.surefire.booter.ForkedBooter.main(ForkedBooter.java:451)
</pre></div></td>
<td>0</td>
<td>com.natasha.applitools.traditionalTests.traditionalTestV2.CrossDeviceElementTest@1d76aeea</td></tr>
<tr>
<td title='com.natasha.applitools.traditionalTests.traditionalTestV2.CrossDeviceElementTest.checkAddToCompareButtonIsDisplayedOnTabletAndMobile()'><b>checkAddToCompareButtonIsDisplayedOnTabletAndMobile</b><br>Test class: com.natasha.applitools.traditionalTests.traditionalTestV2.CrossDeviceElementTest</td>
<td><div><pre>java.lang.AssertionError: expected [true] but found [false]
	at com.natasha.applitools.traditionalTests.BaseTest.checkIsDisplayed(BaseTest.kt:124)
	at com.natasha.applitools.traditionalTests.traditionalTestV2.CrossDeviceElementTest.checkAddToCompareButtonIsDisplayedOnTabletAndMobile(CrossDeviceElementTest.kt:160)
	at java.base/java.util.ArrayList.forEach(ArrayList.java:1507)
... Removed 35 stack frames</pre></div><a href='#' onClick='toggleBox("stack-trace873636861", this, "Click to show all stack frames", "Click to hide stack frames")'>Click to show all stack frames</a>
<div class='stack-trace' id='stack-trace873636861'><pre>java.lang.AssertionError: expected [true] but found [false]
	at org.testng.Assert.fail(Assert.java:97)
	at org.testng.Assert.failNotEquals(Assert.java:969)
	at org.testng.Assert.assertTrue(Assert.java:43)
	at org.testng.Assert.assertTrue(Assert.java:53)
	at com.natasha.applitools.traditionalTests.BaseTest.checkIsDisplayed(BaseTest.kt:124)
	at com.natasha.applitools.traditionalTests.traditionalTestV2.CrossDeviceElementTest.checkAddToCompareButtonIsDisplayedOnTabletAndMobile(CrossDeviceElementTest.kt:160)
	at java.base/jdk.internal.reflect.NativeMethodAccessorImpl.invoke0(Native Method)
	at java.base/jdk.internal.reflect.NativeMethodAccessorImpl.invoke(NativeMethodAccessorImpl.java:62)
	at java.base/jdk.internal.reflect.DelegatingMethodAccessorImpl.invoke(DelegatingMethodAccessorImpl.java:43)
	at java.base/java.lang.reflect.Method.invoke(Method.java:567)
	at org.testng.internal.MethodInvocationHelper.invokeMethod(MethodInvocationHelper.java:134)
	at org.testng.internal.TestInvoker.invokeMethod(TestInvoker.java:597)
	at org.testng.internal.TestInvoker.invokeTestMethod(TestInvoker.java:173)
	at org.testng.internal.MethodRunner.runInSequence(MethodRunner.java:46)
	at org.testng.internal.TestInvoker$MethodInvocationAgent.invoke(TestInvoker.java:816)
	at org.testng.internal.TestInvoker.invokeTestMethods(TestInvoker.java:146)
	at org.testng.internal.TestMethodWorker.invokeTestMethods(TestMethodWorker.java:146)
	at org.testng.internal.TestMethodWorker.run(TestMethodWorker.java:128)
	at java.base/java.util.ArrayList.forEach(ArrayList.java:1507)
	at org.testng.TestRunner.privateRun(TestRunner.java:766)
	at org.testng.TestRunner.run(TestRunner.java:587)
	at org.testng.SuiteRunner.runTest(SuiteRunner.java:384)
	at org.testng.SuiteRunner.runSequentially(SuiteRunner.java:378)
	at org.testng.SuiteRunner.privateRun(SuiteRunner.java:337)
	at org.testng.SuiteRunner.run(SuiteRunner.java:286)
	at org.testng.SuiteRunnerWorker.runSuite(SuiteRunnerWorker.java:53)
	at org.testng.SuiteRunnerWorker.run(SuiteRunnerWorker.java:96)
	at org.testng.TestNG.runSuitesSequentially(TestNG.java:1187)
	at org.testng.TestNG.runSuitesLocally(TestNG.java:1109)
	at org.testng.TestNG.runSuites(TestNG.java:1039)
	at org.testng.TestNG.run(TestNG.java:1007)
	at org.apache.maven.surefire.testng.TestNGExecutor.run(TestNGExecutor.java:283)
	at org.apache.maven.surefire.testng.TestNGXmlTestSuite.execute(TestNGXmlTestSuite.java:75)
	at org.apache.maven.surefire.testng.TestNGProvider.invoke(TestNGProvider.java:120)
	at org.apache.maven.surefire.booter.ForkedBooter.runSuitesInProcess(ForkedBooter.java:377)
	at org.apache.maven.surefire.booter.ForkedBooter.execute(ForkedBooter.java:138)
	at org.apache.maven.surefire.booter.ForkedBooter.run(ForkedBooter.java:465)
	at org.apache.maven.surefire.booter.ForkedBooter.main(ForkedBooter.java:451)
</pre></div></td>
<td>0</td>
<td>com.natasha.applitools.traditionalTests.traditionalTestV2.CrossDeviceElementTest@402e37bc</td></tr>
<tr>
<td title='com.natasha.applitools.traditionalTests.traditionalTestV2.CrossDeviceElementTest.checkAddToCompareButtonIsDisplayedOnTabletAndMobile()'><b>checkAddToCompareButtonIsDisplayedOnTabletAndMobile</b><br>Test class: com.natasha.applitools.traditionalTests.traditionalTestV2.CrossDeviceElementTest</td>
<td><div><pre>java.lang.AssertionError: expected [true] but found [false]
	at com.natasha.applitools.traditionalTests.BaseTest.checkIsNotDisplayed(BaseTest.kt:134)
	at com.natasha.applitools.traditionalTests.traditionalTestV2.CrossDeviceElementTest.checkAddToCompareButtonIsDisplayedOnTabletAndMobile(CrossDeviceElementTest.kt:158)
	at java.base/java.util.ArrayList.forEach(ArrayList.java:1507)
... Removed 35 stack frames</pre></div><a href='#' onClick='toggleBox("stack-trace1198122764", this, "Click to show all stack frames", "Click to hide stack frames")'>Click to show all stack frames</a>
<div class='stack-trace' id='stack-trace1198122764'><pre>java.lang.AssertionError: expected [true] but found [false]
	at org.testng.Assert.fail(Assert.java:97)
	at org.testng.Assert.failNotEquals(Assert.java:969)
	at org.testng.Assert.assertTrue(Assert.java:43)
	at org.testng.Assert.assertTrue(Assert.java:53)
	at com.natasha.applitools.traditionalTests.BaseTest.checkIsNotDisplayed(BaseTest.kt:134)
	at com.natasha.applitools.traditionalTests.traditionalTestV2.CrossDeviceElementTest.checkAddToCompareButtonIsDisplayedOnTabletAndMobile(CrossDeviceElementTest.kt:158)
	at java.base/jdk.internal.reflect.NativeMethodAccessorImpl.invoke0(Native Method)
	at java.base/jdk.internal.reflect.NativeMethodAccessorImpl.invoke(NativeMethodAccessorImpl.java:62)
	at java.base/jdk.internal.reflect.DelegatingMethodAccessorImpl.invoke(DelegatingMethodAccessorImpl.java:43)
	at java.base/java.lang.reflect.Method.invoke(Method.java:567)
	at org.testng.internal.MethodInvocationHelper.invokeMethod(MethodInvocationHelper.java:134)
	at org.testng.internal.TestInvoker.invokeMethod(TestInvoker.java:597)
	at org.testng.internal.TestInvoker.invokeTestMethod(TestInvoker.java:173)
	at org.testng.internal.MethodRunner.runInSequence(MethodRunner.java:46)
	at org.testng.internal.TestInvoker$MethodInvocationAgent.invoke(TestInvoker.java:816)
	at org.testng.internal.TestInvoker.invokeTestMethods(TestInvoker.java:146)
	at org.testng.internal.TestMethodWorker.invokeTestMethods(TestMethodWorker.java:146)
	at org.testng.internal.TestMethodWorker.run(TestMethodWorker.java:128)
	at java.base/java.util.ArrayList.forEach(ArrayList.java:1507)
	at org.testng.TestRunner.privateRun(TestRunner.java:766)
	at org.testng.TestRunner.run(TestRunner.java:587)
	at org.testng.SuiteRunner.runTest(SuiteRunner.java:384)
	at org.testng.SuiteRunner.runSequentially(SuiteRunner.java:378)
	at org.testng.SuiteRunner.privateRun(SuiteRunner.java:337)
	at org.testng.SuiteRunner.run(SuiteRunner.java:286)
	at org.testng.SuiteRunnerWorker.runSuite(SuiteRunnerWorker.java:53)
	at org.testng.SuiteRunnerWorker.run(SuiteRunnerWorker.java:96)
	at org.testng.TestNG.runSuitesSequentially(TestNG.java:1187)
	at org.testng.TestNG.runSuitesLocally(TestNG.java:1109)
	at org.testng.TestNG.runSuites(TestNG.java:1039)
	at org.testng.TestNG.run(TestNG.java:1007)
	at org.apache.maven.surefire.testng.TestNGExecutor.run(TestNGExecutor.java:283)
	at org.apache.maven.surefire.testng.TestNGXmlTestSuite.execute(TestNGXmlTestSuite.java:75)
	at org.apache.maven.surefire.testng.TestNGProvider.invoke(TestNGProvider.java:120)
	at org.apache.maven.surefire.booter.ForkedBooter.runSuitesInProcess(ForkedBooter.java:377)
	at org.apache.maven.surefire.booter.ForkedBooter.execute(ForkedBooter.java:138)
	at org.apache.maven.surefire.booter.ForkedBooter.run(ForkedBooter.java:465)
	at org.apache.maven.surefire.booter.ForkedBooter.main(ForkedBooter.java:451)
</pre></div></td>
<td>0</td>
<td>com.natasha.applitools.traditionalTests.traditionalTestV2.CrossDeviceElementTest@7995092a</td></tr>
<tr>
<td title='com.natasha.applitools.traditionalTests.traditionalTestV2.CrossDeviceElementTest.checkAddToCompareButtonIsDisplayedOnTabletAndMobile()'><b>checkAddToCompareButtonIsDisplayedOnTabletAndMobile</b><br>Test class: com.natasha.applitools.traditionalTests.traditionalTestV2.CrossDeviceElementTest</td>
<td><div><pre>java.lang.AssertionError: expected [true] but found [false]
	at com.natasha.applitools.traditionalTests.BaseTest.checkIsDisplayed(BaseTest.kt:124)
	at com.natasha.applitools.traditionalTests.traditionalTestV2.CrossDeviceElementTest.checkAddToCompareButtonIsDisplayedOnTabletAndMobile(CrossDeviceElementTest.kt:160)
	at java.base/java.util.ArrayList.forEach(ArrayList.java:1507)
... Removed 35 stack frames</pre></div><a href='#' onClick='toggleBox("stack-trace665156710", this, "Click to show all stack frames", "Click to hide stack frames")'>Click to show all stack frames</a>
<div class='stack-trace' id='stack-trace665156710'><pre>java.lang.AssertionError: expected [true] but found [false]
	at org.testng.Assert.fail(Assert.java:97)
	at org.testng.Assert.failNotEquals(Assert.java:969)
	at org.testng.Assert.assertTrue(Assert.java:43)
	at org.testng.Assert.assertTrue(Assert.java:53)
	at com.natasha.applitools.traditionalTests.BaseTest.checkIsDisplayed(BaseTest.kt:124)
	at com.natasha.applitools.traditionalTests.traditionalTestV2.CrossDeviceElementTest.checkAddToCompareButtonIsDisplayedOnTabletAndMobile(CrossDeviceElementTest.kt:160)
	at java.base/jdk.internal.reflect.NativeMethodAccessorImpl.invoke0(Native Method)
	at java.base/jdk.internal.reflect.NativeMethodAccessorImpl.invoke(NativeMethodAccessorImpl.java:62)
	at java.base/jdk.internal.reflect.DelegatingMethodAccessorImpl.invoke(DelegatingMethodAccessorImpl.java:43)
	at java.base/java.lang.reflect.Method.invoke(Method.java:567)
	at org.testng.internal.MethodInvocationHelper.invokeMethod(MethodInvocationHelper.java:134)
	at org.testng.internal.TestInvoker.invokeMethod(TestInvoker.java:597)
	at org.testng.internal.TestInvoker.invokeTestMethod(TestInvoker.java:173)
	at org.testng.internal.MethodRunner.runInSequence(MethodRunner.java:46)
	at org.testng.internal.TestInvoker$MethodInvocationAgent.invoke(TestInvoker.java:816)
	at org.testng.internal.TestInvoker.invokeTestMethods(TestInvoker.java:146)
	at org.testng.internal.TestMethodWorker.invokeTestMethods(TestMethodWorker.java:146)
	at org.testng.internal.TestMethodWorker.run(TestMethodWorker.java:128)
	at java.base/java.util.ArrayList.forEach(ArrayList.java:1507)
	at org.testng.TestRunner.privateRun(TestRunner.java:766)
	at org.testng.TestRunner.run(TestRunner.java:587)
	at org.testng.SuiteRunner.runTest(SuiteRunner.java:384)
	at org.testng.SuiteRunner.runSequentially(SuiteRunner.java:378)
	at org.testng.SuiteRunner.privateRun(SuiteRunner.java:337)
	at org.testng.SuiteRunner.run(SuiteRunner.java:286)
	at org.testng.SuiteRunnerWorker.runSuite(SuiteRunnerWorker.java:53)
	at org.testng.SuiteRunnerWorker.run(SuiteRunnerWorker.java:96)
	at org.testng.TestNG.runSuitesSequentially(TestNG.java:1187)
	at org.testng.TestNG.runSuitesLocally(TestNG.java:1109)
	at org.testng.TestNG.runSuites(TestNG.java:1039)
	at org.testng.TestNG.run(TestNG.java:1007)
	at org.apache.maven.surefire.testng.TestNGExecutor.run(TestNGExecutor.java:283)
	at org.apache.maven.surefire.testng.TestNGXmlTestSuite.execute(TestNGXmlTestSuite.java:75)
	at org.apache.maven.surefire.testng.TestNGProvider.invoke(TestNGProvider.java:120)
	at org.apache.maven.surefire.booter.ForkedBooter.runSuitesInProcess(ForkedBooter.java:377)
	at org.apache.maven.surefire.booter.ForkedBooter.execute(ForkedBooter.java:138)
	at org.apache.maven.surefire.booter.ForkedBooter.run(ForkedBooter.java:465)
	at org.apache.maven.surefire.booter.ForkedBooter.main(ForkedBooter.java:451)
</pre></div></td>
<td>0</td>
<td>com.natasha.applitools.traditionalTests.traditionalTestV2.CrossDeviceElementTest@1e730495</td></tr>
<tr>
<td title='com.natasha.applitools.traditionalTests.traditionalTestV2.CrossDeviceElementTest.checkAddToCompareButtonIsDisplayedOnTabletAndMobile()'><b>checkAddToCompareButtonIsDisplayedOnTabletAndMobile</b><br>Test class: com.natasha.applitools.traditionalTests.traditionalTestV2.CrossDeviceElementTest</td>
<td><div><pre>java.lang.AssertionError: expected [true] but found [false]
	at com.natasha.applitools.traditionalTests.BaseTest.checkIsNotDisplayed(BaseTest.kt:134)
	at com.natasha.applitools.traditionalTests.traditionalTestV2.CrossDeviceElementTest.checkAddToCompareButtonIsDisplayedOnTabletAndMobile(CrossDeviceElementTest.kt:158)
	at java.base/java.util.ArrayList.forEach(ArrayList.java:1507)
... Removed 35 stack frames</pre></div><a href='#' onClick='toggleBox("stack-trace106719866", this, "Click to show all stack frames", "Click to hide stack frames")'>Click to show all stack frames</a>
<div class='stack-trace' id='stack-trace106719866'><pre>java.lang.AssertionError: expected [true] but found [false]
	at org.testng.Assert.fail(Assert.java:97)
	at org.testng.Assert.failNotEquals(Assert.java:969)
	at org.testng.Assert.assertTrue(Assert.java:43)
	at org.testng.Assert.assertTrue(Assert.java:53)
	at com.natasha.applitools.traditionalTests.BaseTest.checkIsNotDisplayed(BaseTest.kt:134)
	at com.natasha.applitools.traditionalTests.traditionalTestV2.CrossDeviceElementTest.checkAddToCompareButtonIsDisplayedOnTabletAndMobile(CrossDeviceElementTest.kt:158)
	at java.base/jdk.internal.reflect.NativeMethodAccessorImpl.invoke0(Native Method)
	at java.base/jdk.internal.reflect.NativeMethodAccessorImpl.invoke(NativeMethodAccessorImpl.java:62)
	at java.base/jdk.internal.reflect.DelegatingMethodAccessorImpl.invoke(DelegatingMethodAccessorImpl.java:43)
	at java.base/java.lang.reflect.Method.invoke(Method.java:567)
	at org.testng.internal.MethodInvocationHelper.invokeMethod(MethodInvocationHelper.java:134)
	at org.testng.internal.TestInvoker.invokeMethod(TestInvoker.java:597)
	at org.testng.internal.TestInvoker.invokeTestMethod(TestInvoker.java:173)
	at org.testng.internal.MethodRunner.runInSequence(MethodRunner.java:46)
	at org.testng.internal.TestInvoker$MethodInvocationAgent.invoke(TestInvoker.java:816)
	at org.testng.internal.TestInvoker.invokeTestMethods(TestInvoker.java:146)
	at org.testng.internal.TestMethodWorker.invokeTestMethods(TestMethodWorker.java:146)
	at org.testng.internal.TestMethodWorker.run(TestMethodWorker.java:128)
	at java.base/java.util.ArrayList.forEach(ArrayList.java:1507)
	at org.testng.TestRunner.privateRun(TestRunner.java:766)
	at org.testng.TestRunner.run(TestRunner.java:587)
	at org.testng.SuiteRunner.runTest(SuiteRunner.java:384)
	at org.testng.SuiteRunner.runSequentially(SuiteRunner.java:378)
	at org.testng.SuiteRunner.privateRun(SuiteRunner.java:337)
	at org.testng.SuiteRunner.run(SuiteRunner.java:286)
	at org.testng.SuiteRunnerWorker.runSuite(SuiteRunnerWorker.java:53)
	at org.testng.SuiteRunnerWorker.run(SuiteRunnerWorker.java:96)
	at org.testng.TestNG.runSuitesSequentially(TestNG.java:1187)
	at org.testng.TestNG.runSuitesLocally(TestNG.java:1109)
	at org.testng.TestNG.runSuites(TestNG.java:1039)
	at org.testng.TestNG.run(TestNG.java:1007)
	at org.apache.maven.surefire.testng.TestNGExecutor.run(TestNGExecutor.java:283)
	at org.apache.maven.surefire.testng.TestNGXmlTestSuite.execute(TestNGXmlTestSuite.java:75)
	at org.apache.maven.surefire.testng.TestNGProvider.invoke(TestNGProvider.java:120)
	at org.apache.maven.surefire.booter.ForkedBooter.runSuitesInProcess(ForkedBooter.java:377)
	at org.apache.maven.surefire.booter.ForkedBooter.execute(ForkedBooter.java:138)
	at org.apache.maven.surefire.booter.ForkedBooter.run(ForkedBooter.java:465)
	at org.apache.maven.surefire.booter.ForkedBooter.main(ForkedBooter.java:451)
</pre></div></td>
<td>0</td>
<td>com.natasha.applitools.traditionalTests.traditionalTestV2.CrossDeviceElementTest@7f1302d6</td></tr>
<tr>
<td title='com.natasha.applitools.traditionalTests.traditionalTestV2.CrossDeviceElementTest.checkAddToFavoriteButtonIsDisplayedOnTabletAndMobile()'><b>checkAddToFavoriteButtonIsDisplayedOnTabletAndMobile</b><br>Test class: com.natasha.applitools.traditionalTests.traditionalTestV2.CrossDeviceElementTest</td>
<td><div><pre>java.lang.AssertionError: expected [true] but found [false]
	at com.natasha.applitools.traditionalTests.BaseTest.checkIsNotDisplayed(BaseTest.kt:134)
	at com.natasha.applitools.traditionalTests.traditionalTestV2.CrossDeviceElementTest.checkAddToFavoriteButtonIsDisplayedOnTabletAndMobile(CrossDeviceElementTest.kt:145)
	at java.base/java.util.ArrayList.forEach(ArrayList.java:1507)
... Removed 35 stack frames</pre></div><a href='#' onClick='toggleBox("stack-trace1599823012", this, "Click to show all stack frames", "Click to hide stack frames")'>Click to show all stack frames</a>
<div class='stack-trace' id='stack-trace1599823012'><pre>java.lang.AssertionError: expected [true] but found [false]
	at org.testng.Assert.fail(Assert.java:97)
	at org.testng.Assert.failNotEquals(Assert.java:969)
	at org.testng.Assert.assertTrue(Assert.java:43)
	at org.testng.Assert.assertTrue(Assert.java:53)
	at com.natasha.applitools.traditionalTests.BaseTest.checkIsNotDisplayed(BaseTest.kt:134)
	at com.natasha.applitools.traditionalTests.traditionalTestV2.CrossDeviceElementTest.checkAddToFavoriteButtonIsDisplayedOnTabletAndMobile(CrossDeviceElementTest.kt:145)
	at java.base/jdk.internal.reflect.NativeMethodAccessorImpl.invoke0(Native Method)
	at java.base/jdk.internal.reflect.NativeMethodAccessorImpl.invoke(NativeMethodAccessorImpl.java:62)
	at java.base/jdk.internal.reflect.DelegatingMethodAccessorImpl.invoke(DelegatingMethodAccessorImpl.java:43)
	at java.base/java.lang.reflect.Method.invoke(Method.java:567)
	at org.testng.internal.MethodInvocationHelper.invokeMethod(MethodInvocationHelper.java:134)
	at org.testng.internal.TestInvoker.invokeMethod(TestInvoker.java:597)
	at org.testng.internal.TestInvoker.invokeTestMethod(TestInvoker.java:173)
	at org.testng.internal.MethodRunner.runInSequence(MethodRunner.java:46)
	at org.testng.internal.TestInvoker$MethodInvocationAgent.invoke(TestInvoker.java:816)
	at org.testng.internal.TestInvoker.invokeTestMethods(TestInvoker.java:146)
	at org.testng.internal.TestMethodWorker.invokeTestMethods(TestMethodWorker.java:146)
	at org.testng.internal.TestMethodWorker.run(TestMethodWorker.java:128)
	at java.base/java.util.ArrayList.forEach(ArrayList.java:1507)
	at org.testng.TestRunner.privateRun(TestRunner.java:766)
	at org.testng.TestRunner.run(TestRunner.java:587)
	at org.testng.SuiteRunner.runTest(SuiteRunner.java:384)
	at org.testng.SuiteRunner.runSequentially(SuiteRunner.java:378)
	at org.testng.SuiteRunner.privateRun(SuiteRunner.java:337)
	at org.testng.SuiteRunner.run(SuiteRunner.java:286)
	at org.testng.SuiteRunnerWorker.runSuite(SuiteRunnerWorker.java:53)
	at org.testng.SuiteRunnerWorker.run(SuiteRunnerWorker.java:96)
	at org.testng.TestNG.runSuitesSequentially(TestNG.java:1187)
	at org.testng.TestNG.runSuitesLocally(TestNG.java:1109)
	at org.testng.TestNG.runSuites(TestNG.java:1039)
	at org.testng.TestNG.run(TestNG.java:1007)
	at org.apache.maven.surefire.testng.TestNGExecutor.run(TestNGExecutor.java:283)
	at org.apache.maven.surefire.testng.TestNGXmlTestSuite.execute(TestNGXmlTestSuite.java:75)
	at org.apache.maven.surefire.testng.TestNGProvider.invoke(TestNGProvider.java:120)
	at org.apache.maven.surefire.booter.ForkedBooter.runSuitesInProcess(ForkedBooter.java:377)
	at org.apache.maven.surefire.booter.ForkedBooter.execute(ForkedBooter.java:138)
	at org.apache.maven.surefire.booter.ForkedBooter.run(ForkedBooter.java:465)
	at org.apache.maven.surefire.booter.ForkedBooter.main(ForkedBooter.java:451)
</pre></div></td>
<td>0</td>
<td>com.natasha.applitools.traditionalTests.traditionalTestV2.CrossDeviceElementTest@2aa5fe93</td></tr>
<tr>
<td title='com.natasha.applitools.traditionalTests.traditionalTestV2.CrossDeviceElementTest.checkAddToFavoriteButtonIsDisplayedOnTabletAndMobile()'><b>checkAddToFavoriteButtonIsDisplayedOnTabletAndMobile</b><br>Test class: com.natasha.applitools.traditionalTests.traditionalTestV2.CrossDeviceElementTest</td>
<td><div><pre>java.lang.AssertionError: expected [true] but found [false]
	at com.natasha.applitools.traditionalTests.BaseTest.checkIsDisplayed(BaseTest.kt:124)
	at com.natasha.applitools.traditionalTests.traditionalTestV2.CrossDeviceElementTest.checkAddToFavoriteButtonIsDisplayedOnTabletAndMobile(CrossDeviceElementTest.kt:147)
	at java.base/java.util.ArrayList.forEach(ArrayList.java:1507)
... Removed 35 stack frames</pre></div><a href='#' onClick='toggleBox("stack-trace270261532", this, "Click to show all stack frames", "Click to hide stack frames")'>Click to show all stack frames</a>
<div class='stack-trace' id='stack-trace270261532'><pre>java.lang.AssertionError: expected [true] but found [false]
	at org.testng.Assert.fail(Assert.java:97)
	at org.testng.Assert.failNotEquals(Assert.java:969)
	at org.testng.Assert.assertTrue(Assert.java:43)
	at org.testng.Assert.assertTrue(Assert.java:53)
	at com.natasha.applitools.traditionalTests.BaseTest.checkIsDisplayed(BaseTest.kt:124)
	at com.natasha.applitools.traditionalTests.traditionalTestV2.CrossDeviceElementTest.checkAddToFavoriteButtonIsDisplayedOnTabletAndMobile(CrossDeviceElementTest.kt:147)
	at java.base/jdk.internal.reflect.NativeMethodAccessorImpl.invoke0(Native Method)
	at java.base/jdk.internal.reflect.NativeMethodAccessorImpl.invoke(NativeMethodAccessorImpl.java:62)
	at java.base/jdk.internal.reflect.DelegatingMethodAccessorImpl.invoke(DelegatingMethodAccessorImpl.java:43)
	at java.base/java.lang.reflect.Method.invoke(Method.java:567)
	at org.testng.internal.MethodInvocationHelper.invokeMethod(MethodInvocationHelper.java:134)
	at org.testng.internal.TestInvoker.invokeMethod(TestInvoker.java:597)
	at org.testng.internal.TestInvoker.invokeTestMethod(TestInvoker.java:173)
	at org.testng.internal.MethodRunner.runInSequence(MethodRunner.java:46)
	at org.testng.internal.TestInvoker$MethodInvocationAgent.invoke(TestInvoker.java:816)
	at org.testng.internal.TestInvoker.invokeTestMethods(TestInvoker.java:146)
	at org.testng.internal.TestMethodWorker.invokeTestMethods(TestMethodWorker.java:146)
	at org.testng.internal.TestMethodWorker.run(TestMethodWorker.java:128)
	at java.base/java.util.ArrayList.forEach(ArrayList.java:1507)
	at org.testng.TestRunner.privateRun(TestRunner.java:766)
	at org.testng.TestRunner.run(TestRunner.java:587)
	at org.testng.SuiteRunner.runTest(SuiteRunner.java:384)
	at org.testng.SuiteRunner.runSequentially(SuiteRunner.java:378)
	at org.testng.SuiteRunner.privateRun(SuiteRunner.java:337)
	at org.testng.SuiteRunner.run(SuiteRunner.java:286)
	at org.testng.SuiteRunnerWorker.runSuite(SuiteRunnerWorker.java:53)
	at org.testng.SuiteRunnerWorker.run(SuiteRunnerWorker.java:96)
	at org.testng.TestNG.runSuitesSequentially(TestNG.java:1187)
	at org.testng.TestNG.runSuitesLocally(TestNG.java:1109)
	at org.testng.TestNG.runSuites(TestNG.java:1039)
	at org.testng.TestNG.run(TestNG.java:1007)
	at org.apache.maven.surefire.testng.TestNGExecutor.run(TestNGExecutor.java:283)
	at org.apache.maven.surefire.testng.TestNGXmlTestSuite.execute(TestNGXmlTestSuite.java:75)
	at org.apache.maven.surefire.testng.TestNGProvider.invoke(TestNGProvider.java:120)
	at org.apache.maven.surefire.booter.ForkedBooter.runSuitesInProcess(ForkedBooter.java:377)
	at org.apache.maven.surefire.booter.ForkedBooter.execute(ForkedBooter.java:138)
	at org.apache.maven.surefire.booter.ForkedBooter.run(ForkedBooter.java:465)
	at org.apache.maven.surefire.booter.ForkedBooter.main(ForkedBooter.java:451)
</pre></div></td>
<td>0</td>
<td>com.natasha.applitools.traditionalTests.traditionalTestV2.CrossDeviceElementTest@1d76aeea</td></tr>
<tr>
<td title='com.natasha.applitools.traditionalTests.traditionalTestV2.CrossDeviceElementTest.checkAddToFavoriteButtonIsDisplayedOnTabletAndMobile()'><b>checkAddToFavoriteButtonIsDisplayedOnTabletAndMobile</b><br>Test class: com.natasha.applitools.traditionalTests.traditionalTestV2.CrossDeviceElementTest</td>
<td><div><pre>java.lang.AssertionError: expected [true] but found [false]
	at com.natasha.applitools.traditionalTests.BaseTest.checkIsDisplayed(BaseTest.kt:124)
	at com.natasha.applitools.traditionalTests.traditionalTestV2.CrossDeviceElementTest.checkAddToFavoriteButtonIsDisplayedOnTabletAndMobile(CrossDeviceElementTest.kt:147)
	at java.base/java.util.ArrayList.forEach(ArrayList.java:1507)
... Removed 35 stack frames</pre></div><a href='#' onClick='toggleBox("stack-trace1670989986", this, "Click to show all stack frames", "Click to hide stack frames")'>Click to show all stack frames</a>
<div class='stack-trace' id='stack-trace1670989986'><pre>java.lang.AssertionError: expected [true] but found [false]
	at org.testng.Assert.fail(Assert.java:97)
	at org.testng.Assert.failNotEquals(Assert.java:969)
	at org.testng.Assert.assertTrue(Assert.java:43)
	at org.testng.Assert.assertTrue(Assert.java:53)
	at com.natasha.applitools.traditionalTests.BaseTest.checkIsDisplayed(BaseTest.kt:124)
	at com.natasha.applitools.traditionalTests.traditionalTestV2.CrossDeviceElementTest.checkAddToFavoriteButtonIsDisplayedOnTabletAndMobile(CrossDeviceElementTest.kt:147)
	at java.base/jdk.internal.reflect.NativeMethodAccessorImpl.invoke0(Native Method)
	at java.base/jdk.internal.reflect.NativeMethodAccessorImpl.invoke(NativeMethodAccessorImpl.java:62)
	at java.base/jdk.internal.reflect.DelegatingMethodAccessorImpl.invoke(DelegatingMethodAccessorImpl.java:43)
	at java.base/java.lang.reflect.Method.invoke(Method.java:567)
	at org.testng.internal.MethodInvocationHelper.invokeMethod(MethodInvocationHelper.java:134)
	at org.testng.internal.TestInvoker.invokeMethod(TestInvoker.java:597)
	at org.testng.internal.TestInvoker.invokeTestMethod(TestInvoker.java:173)
	at org.testng.internal.MethodRunner.runInSequence(MethodRunner.java:46)
	at org.testng.internal.TestInvoker$MethodInvocationAgent.invoke(TestInvoker.java:816)
	at org.testng.internal.TestInvoker.invokeTestMethods(TestInvoker.java:146)
	at org.testng.internal.TestMethodWorker.invokeTestMethods(TestMethodWorker.java:146)
	at org.testng.internal.TestMethodWorker.run(TestMethodWorker.java:128)
	at java.base/java.util.ArrayList.forEach(ArrayList.java:1507)
	at org.testng.TestRunner.privateRun(TestRunner.java:766)
	at org.testng.TestRunner.run(TestRunner.java:587)
	at org.testng.SuiteRunner.runTest(SuiteRunner.java:384)
	at org.testng.SuiteRunner.runSequentially(SuiteRunner.java:378)
	at org.testng.SuiteRunner.privateRun(SuiteRunner.java:337)
	at org.testng.SuiteRunner.run(SuiteRunner.java:286)
	at org.testng.SuiteRunnerWorker.runSuite(SuiteRunnerWorker.java:53)
	at org.testng.SuiteRunnerWorker.run(SuiteRunnerWorker.java:96)
	at org.testng.TestNG.runSuitesSequentially(TestNG.java:1187)
	at org.testng.TestNG.runSuitesLocally(TestNG.java:1109)
	at org.testng.TestNG.runSuites(TestNG.java:1039)
	at org.testng.TestNG.run(TestNG.java:1007)
	at org.apache.maven.surefire.testng.TestNGExecutor.run(TestNGExecutor.java:283)
	at org.apache.maven.surefire.testng.TestNGXmlTestSuite.execute(TestNGXmlTestSuite.java:75)
	at org.apache.maven.surefire.testng.TestNGProvider.invoke(TestNGProvider.java:120)
	at org.apache.maven.surefire.booter.ForkedBooter.runSuitesInProcess(ForkedBooter.java:377)
	at org.apache.maven.surefire.booter.ForkedBooter.execute(ForkedBooter.java:138)
	at org.apache.maven.surefire.booter.ForkedBooter.run(ForkedBooter.java:465)
	at org.apache.maven.surefire.booter.ForkedBooter.main(ForkedBooter.java:451)
</pre></div></td>
<td>0</td>
<td>com.natasha.applitools.traditionalTests.traditionalTestV2.CrossDeviceElementTest@402e37bc</td></tr>
<tr>
<td title='com.natasha.applitools.traditionalTests.traditionalTestV2.CrossDeviceElementTest.checkAddToFavoriteButtonIsDisplayedOnTabletAndMobile()'><b>checkAddToFavoriteButtonIsDisplayedOnTabletAndMobile</b><br>Test class: com.natasha.applitools.traditionalTests.traditionalTestV2.CrossDeviceElementTest</td>
<td><div><pre>java.lang.AssertionError: expected [true] but found [false]
	at com.natasha.applitools.traditionalTests.BaseTest.checkIsNotDisplayed(BaseTest.kt:134)
	at com.natasha.applitools.traditionalTests.traditionalTestV2.CrossDeviceElementTest.checkAddToFavoriteButtonIsDisplayedOnTabletAndMobile(CrossDeviceElementTest.kt:145)
	at java.base/java.util.ArrayList.forEach(ArrayList.java:1507)
... Removed 35 stack frames</pre></div><a href='#' onClick='toggleBox("stack-trace216998824", this, "Click to show all stack frames", "Click to hide stack frames")'>Click to show all stack frames</a>
<div class='stack-trace' id='stack-trace216998824'><pre>java.lang.AssertionError: expected [true] but found [false]
	at org.testng.Assert.fail(Assert.java:97)
	at org.testng.Assert.failNotEquals(Assert.java:969)
	at org.testng.Assert.assertTrue(Assert.java:43)
	at org.testng.Assert.assertTrue(Assert.java:53)
	at com.natasha.applitools.traditionalTests.BaseTest.checkIsNotDisplayed(BaseTest.kt:134)
	at com.natasha.applitools.traditionalTests.traditionalTestV2.CrossDeviceElementTest.checkAddToFavoriteButtonIsDisplayedOnTabletAndMobile(CrossDeviceElementTest.kt:145)
	at java.base/jdk.internal.reflect.NativeMethodAccessorImpl.invoke0(Native Method)
	at java.base/jdk.internal.reflect.NativeMethodAccessorImpl.invoke(NativeMethodAccessorImpl.java:62)
	at java.base/jdk.internal.reflect.DelegatingMethodAccessorImpl.invoke(DelegatingMethodAccessorImpl.java:43)
	at java.base/java.lang.reflect.Method.invoke(Method.java:567)
	at org.testng.internal.MethodInvocationHelper.invokeMethod(MethodInvocationHelper.java:134)
	at org.testng.internal.TestInvoker.invokeMethod(TestInvoker.java:597)
	at org.testng.internal.TestInvoker.invokeTestMethod(TestInvoker.java:173)
	at org.testng.internal.MethodRunner.runInSequence(MethodRunner.java:46)
	at org.testng.internal.TestInvoker$MethodInvocationAgent.invoke(TestInvoker.java:816)
	at org.testng.internal.TestInvoker.invokeTestMethods(TestInvoker.java:146)
	at org.testng.internal.TestMethodWorker.invokeTestMethods(TestMethodWorker.java:146)
	at org.testng.internal.TestMethodWorker.run(TestMethodWorker.java:128)
	at java.base/java.util.ArrayList.forEach(ArrayList.java:1507)
	at org.testng.TestRunner.privateRun(TestRunner.java:766)
	at org.testng.TestRunner.run(TestRunner.java:587)
	at org.testng.SuiteRunner.runTest(SuiteRunner.java:384)
	at org.testng.SuiteRunner.runSequentially(SuiteRunner.java:378)
	at org.testng.SuiteRunner.privateRun(SuiteRunner.java:337)
	at org.testng.SuiteRunner.run(SuiteRunner.java:286)
	at org.testng.SuiteRunnerWorker.runSuite(SuiteRunnerWorker.java:53)
	at org.testng.SuiteRunnerWorker.run(SuiteRunnerWorker.java:96)
	at org.testng.TestNG.runSuitesSequentially(TestNG.java:1187)
	at org.testng.TestNG.runSuitesLocally(TestNG.java:1109)
	at org.testng.TestNG.runSuites(TestNG.java:1039)
	at org.testng.TestNG.run(TestNG.java:1007)
	at org.apache.maven.surefire.testng.TestNGExecutor.run(TestNGExecutor.java:283)
	at org.apache.maven.surefire.testng.TestNGXmlTestSuite.execute(TestNGXmlTestSuite.java:75)
	at org.apache.maven.surefire.testng.TestNGProvider.invoke(TestNGProvider.java:120)
	at org.apache.maven.surefire.booter.ForkedBooter.runSuitesInProcess(ForkedBooter.java:377)
	at org.apache.maven.surefire.booter.ForkedBooter.execute(ForkedBooter.java:138)
	at org.apache.maven.surefire.booter.ForkedBooter.run(ForkedBooter.java:465)
	at org.apache.maven.surefire.booter.ForkedBooter.main(ForkedBooter.java:451)
</pre></div></td>
<td>0</td>
<td>com.natasha.applitools.traditionalTests.traditionalTestV2.CrossDeviceElementTest@7995092a</td></tr>
<tr>
<td title='com.natasha.applitools.traditionalTests.traditionalTestV2.CrossDeviceElementTest.checkAddToFavoriteButtonIsDisplayedOnTabletAndMobile()'><b>checkAddToFavoriteButtonIsDisplayedOnTabletAndMobile</b><br>Test class: com.natasha.applitools.traditionalTests.traditionalTestV2.CrossDeviceElementTest</td>
<td><div><pre>java.lang.AssertionError: expected [true] but found [false]
	at com.natasha.applitools.traditionalTests.BaseTest.checkIsDisplayed(BaseTest.kt:124)
	at com.natasha.applitools.traditionalTests.traditionalTestV2.CrossDeviceElementTest.checkAddToFavoriteButtonIsDisplayedOnTabletAndMobile(CrossDeviceElementTest.kt:147)
	at java.base/java.util.ArrayList.forEach(ArrayList.java:1507)
... Removed 35 stack frames</pre></div><a href='#' onClick='toggleBox("stack-trace620760381", this, "Click to show all stack frames", "Click to hide stack frames")'>Click to show all stack frames</a>
<div class='stack-trace' id='stack-trace620760381'><pre>java.lang.AssertionError: expected [true] but found [false]
	at org.testng.Assert.fail(Assert.java:97)
	at org.testng.Assert.failNotEquals(Assert.java:969)
	at org.testng.Assert.assertTrue(Assert.java:43)
	at org.testng.Assert.assertTrue(Assert.java:53)
	at com.natasha.applitools.traditionalTests.BaseTest.checkIsDisplayed(BaseTest.kt:124)
	at com.natasha.applitools.traditionalTests.traditionalTestV2.CrossDeviceElementTest.checkAddToFavoriteButtonIsDisplayedOnTabletAndMobile(CrossDeviceElementTest.kt:147)
	at java.base/jdk.internal.reflect.NativeMethodAccessorImpl.invoke0(Native Method)
	at java.base/jdk.internal.reflect.NativeMethodAccessorImpl.invoke(NativeMethodAccessorImpl.java:62)
	at java.base/jdk.internal.reflect.DelegatingMethodAccessorImpl.invoke(DelegatingMethodAccessorImpl.java:43)
	at java.base/java.lang.reflect.Method.invoke(Method.java:567)
	at org.testng.internal.MethodInvocationHelper.invokeMethod(MethodInvocationHelper.java:134)
	at org.testng.internal.TestInvoker.invokeMethod(TestInvoker.java:597)
	at org.testng.internal.TestInvoker.invokeTestMethod(TestInvoker.java:173)
	at org.testng.internal.MethodRunner.runInSequence(MethodRunner.java:46)
	at org.testng.internal.TestInvoker$MethodInvocationAgent.invoke(TestInvoker.java:816)
	at org.testng.internal.TestInvoker.invokeTestMethods(TestInvoker.java:146)
	at org.testng.internal.TestMethodWorker.invokeTestMethods(TestMethodWorker.java:146)
	at org.testng.internal.TestMethodWorker.run(TestMethodWorker.java:128)
	at java.base/java.util.ArrayList.forEach(ArrayList.java:1507)
	at org.testng.TestRunner.privateRun(TestRunner.java:766)
	at org.testng.TestRunner.run(TestRunner.java:587)
	at org.testng.SuiteRunner.runTest(SuiteRunner.java:384)
	at org.testng.SuiteRunner.runSequentially(SuiteRunner.java:378)
	at org.testng.SuiteRunner.privateRun(SuiteRunner.java:337)
	at org.testng.SuiteRunner.run(SuiteRunner.java:286)
	at org.testng.SuiteRunnerWorker.runSuite(SuiteRunnerWorker.java:53)
	at org.testng.SuiteRunnerWorker.run(SuiteRunnerWorker.java:96)
	at org.testng.TestNG.runSuitesSequentially(TestNG.java:1187)
	at org.testng.TestNG.runSuitesLocally(TestNG.java:1109)
	at org.testng.TestNG.runSuites(TestNG.java:1039)
	at org.testng.TestNG.run(TestNG.java:1007)
	at org.apache.maven.surefire.testng.TestNGExecutor.run(TestNGExecutor.java:283)
	at org.apache.maven.surefire.testng.TestNGXmlTestSuite.execute(TestNGXmlTestSuite.java:75)
	at org.apache.maven.surefire.testng.TestNGProvider.invoke(TestNGProvider.java:120)
	at org.apache.maven.surefire.booter.ForkedBooter.runSuitesInProcess(ForkedBooter.java:377)
	at org.apache.maven.surefire.booter.ForkedBooter.execute(ForkedBooter.java:138)
	at org.apache.maven.surefire.booter.ForkedBooter.run(ForkedBooter.java:465)
	at org.apache.maven.surefire.booter.ForkedBooter.main(ForkedBooter.java:451)
</pre></div></td>
<td>0</td>
<td>com.natasha.applitools.traditionalTests.traditionalTestV2.CrossDeviceElementTest@1e730495</td></tr>
<tr>
<td title='com.natasha.applitools.traditionalTests.traditionalTestV2.CrossDeviceElementTest.checkAddToFavoriteButtonIsDisplayedOnTabletAndMobile()'><b>checkAddToFavoriteButtonIsDisplayedOnTabletAndMobile</b><br>Test class: com.natasha.applitools.traditionalTests.traditionalTestV2.CrossDeviceElementTest</td>
<td><div><pre>java.lang.AssertionError: expected [true] but found [false]
	at com.natasha.applitools.traditionalTests.BaseTest.checkIsNotDisplayed(BaseTest.kt:134)
	at com.natasha.applitools.traditionalTests.traditionalTestV2.CrossDeviceElementTest.checkAddToFavoriteButtonIsDisplayedOnTabletAndMobile(CrossDeviceElementTest.kt:145)
	at java.base/java.util.ArrayList.forEach(ArrayList.java:1507)
... Removed 35 stack frames</pre></div><a href='#' onClick='toggleBox("stack-trace2123122269", this, "Click to show all stack frames", "Click to hide stack frames")'>Click to show all stack frames</a>
<div class='stack-trace' id='stack-trace2123122269'><pre>java.lang.AssertionError: expected [true] but found [false]
	at org.testng.Assert.fail(Assert.java:97)
	at org.testng.Assert.failNotEquals(Assert.java:969)
	at org.testng.Assert.assertTrue(Assert.java:43)
	at org.testng.Assert.assertTrue(Assert.java:53)
	at com.natasha.applitools.traditionalTests.BaseTest.checkIsNotDisplayed(BaseTest.kt:134)
	at com.natasha.applitools.traditionalTests.traditionalTestV2.CrossDeviceElementTest.checkAddToFavoriteButtonIsDisplayedOnTabletAndMobile(CrossDeviceElementTest.kt:145)
	at java.base/jdk.internal.reflect.NativeMethodAccessorImpl.invoke0(Native Method)
	at java.base/jdk.internal.reflect.NativeMethodAccessorImpl.invoke(NativeMethodAccessorImpl.java:62)
	at java.base/jdk.internal.reflect.DelegatingMethodAccessorImpl.invoke(DelegatingMethodAccessorImpl.java:43)
	at java.base/java.lang.reflect.Method.invoke(Method.java:567)
	at org.testng.internal.MethodInvocationHelper.invokeMethod(MethodInvocationHelper.java:134)
	at org.testng.internal.TestInvoker.invokeMethod(TestInvoker.java:597)
	at org.testng.internal.TestInvoker.invokeTestMethod(TestInvoker.java:173)
	at org.testng.internal.MethodRunner.runInSequence(MethodRunner.java:46)
	at org.testng.internal.TestInvoker$MethodInvocationAgent.invoke(TestInvoker.java:816)
	at org.testng.internal.TestInvoker.invokeTestMethods(TestInvoker.java:146)
	at org.testng.internal.TestMethodWorker.invokeTestMethods(TestMethodWorker.java:146)
	at org.testng.internal.TestMethodWorker.run(TestMethodWorker.java:128)
	at java.base/java.util.ArrayList.forEach(ArrayList.java:1507)
	at org.testng.TestRunner.privateRun(TestRunner.java:766)
	at org.testng.TestRunner.run(TestRunner.java:587)
	at org.testng.SuiteRunner.runTest(SuiteRunner.java:384)
	at org.testng.SuiteRunner.runSequentially(SuiteRunner.java:378)
	at org.testng.SuiteRunner.privateRun(SuiteRunner.java:337)
	at org.testng.SuiteRunner.run(SuiteRunner.java:286)
	at org.testng.SuiteRunnerWorker.runSuite(SuiteRunnerWorker.java:53)
	at org.testng.SuiteRunnerWorker.run(SuiteRunnerWorker.java:96)
	at org.testng.TestNG.runSuitesSequentially(TestNG.java:1187)
	at org.testng.TestNG.runSuitesLocally(TestNG.java:1109)
	at org.testng.TestNG.runSuites(TestNG.java:1039)
	at org.testng.TestNG.run(TestNG.java:1007)
	at org.apache.maven.surefire.testng.TestNGExecutor.run(TestNGExecutor.java:283)
	at org.apache.maven.surefire.testng.TestNGXmlTestSuite.execute(TestNGXmlTestSuite.java:75)
	at org.apache.maven.surefire.testng.TestNGProvider.invoke(TestNGProvider.java:120)
	at org.apache.maven.surefire.booter.ForkedBooter.runSuitesInProcess(ForkedBooter.java:377)
	at org.apache.maven.surefire.booter.ForkedBooter.execute(ForkedBooter.java:138)
	at org.apache.maven.surefire.booter.ForkedBooter.run(ForkedBooter.java:465)
	at org.apache.maven.surefire.booter.ForkedBooter.main(ForkedBooter.java:451)
</pre></div></td>
<td>0</td>
<td>com.natasha.applitools.traditionalTests.traditionalTestV2.CrossDeviceElementTest@7f1302d6</td></tr>
<tr>
<td title='com.natasha.applitools.traditionalTests.traditionalTestV2.CrossDeviceElementTest.checkFilterButtonIsDisplayedOnTabletAndMobile()'><b>checkFilterButtonIsDisplayedOnTabletAndMobile</b><br>Test class: com.natasha.applitools.traditionalTests.traditionalTestV2.CrossDeviceElementTest</td>
<td><div><pre>java.lang.AssertionError: expected [true] but found [false]
	at com.natasha.applitools.traditionalTests.BaseTest.checkIsNotDisplayed(BaseTest.kt:132)
	at com.natasha.applitools.traditionalTests.traditionalTestV2.CrossDeviceElementTest.checkFilterButtonIsDisplayedOnTabletAndMobile(CrossDeviceElementTest.kt:80)
	at java.base/java.util.ArrayList.forEach(ArrayList.java:1507)
... Removed 35 stack frames</pre></div><a href='#' onClick='toggleBox("stack-trace2086945474", this, "Click to show all stack frames", "Click to hide stack frames")'>Click to show all stack frames</a>
<div class='stack-trace' id='stack-trace2086945474'><pre>java.lang.AssertionError: expected [true] but found [false]
	at org.testng.Assert.fail(Assert.java:97)
	at org.testng.Assert.failNotEquals(Assert.java:969)
	at org.testng.Assert.assertTrue(Assert.java:43)
	at org.testng.Assert.assertTrue(Assert.java:53)
	at com.natasha.applitools.traditionalTests.BaseTest.checkIsNotDisplayed(BaseTest.kt:132)
	at com.natasha.applitools.traditionalTests.traditionalTestV2.CrossDeviceElementTest.checkFilterButtonIsDisplayedOnTabletAndMobile(CrossDeviceElementTest.kt:80)
	at java.base/jdk.internal.reflect.NativeMethodAccessorImpl.invoke0(Native Method)
	at java.base/jdk.internal.reflect.NativeMethodAccessorImpl.invoke(NativeMethodAccessorImpl.java:62)
	at java.base/jdk.internal.reflect.DelegatingMethodAccessorImpl.invoke(DelegatingMethodAccessorImpl.java:43)
	at java.base/java.lang.reflect.Method.invoke(Method.java:567)
	at org.testng.internal.MethodInvocationHelper.invokeMethod(MethodInvocationHelper.java:134)
	at org.testng.internal.TestInvoker.invokeMethod(TestInvoker.java:597)
	at org.testng.internal.TestInvoker.invokeTestMethod(TestInvoker.java:173)
	at org.testng.internal.MethodRunner.runInSequence(MethodRunner.java:46)
	at org.testng.internal.TestInvoker$MethodInvocationAgent.invoke(TestInvoker.java:816)
	at org.testng.internal.TestInvoker.invokeTestMethods(TestInvoker.java:146)
	at org.testng.internal.TestMethodWorker.invokeTestMethods(TestMethodWorker.java:146)
	at org.testng.internal.TestMethodWorker.run(TestMethodWorker.java:128)
	at java.base/java.util.ArrayList.forEach(ArrayList.java:1507)
	at org.testng.TestRunner.privateRun(TestRunner.java:766)
	at org.testng.TestRunner.run(TestRunner.java:587)
	at org.testng.SuiteRunner.runTest(SuiteRunner.java:384)
	at org.testng.SuiteRunner.runSequentially(SuiteRunner.java:378)
	at org.testng.SuiteRunner.privateRun(SuiteRunner.java:337)
	at org.testng.SuiteRunner.run(SuiteRunner.java:286)
	at org.testng.SuiteRunnerWorker.runSuite(SuiteRunnerWorker.java:53)
	at org.testng.SuiteRunnerWorker.run(SuiteRunnerWorker.java:96)
	at org.testng.TestNG.runSuitesSequentially(TestNG.java:1187)
	at org.testng.TestNG.runSuitesLocally(TestNG.java:1109)
	at org.testng.TestNG.runSuites(TestNG.java:1039)
	at org.testng.TestNG.run(TestNG.java:1007)
	at org.apache.maven.surefire.testng.TestNGExecutor.run(TestNGExecutor.java:283)
	at org.apache.maven.surefire.testng.TestNGXmlTestSuite.execute(TestNGXmlTestSuite.java:75)
	at org.apache.maven.surefire.testng.TestNGProvider.invoke(TestNGProvider.java:120)
	at org.apache.maven.surefire.booter.ForkedBooter.runSuitesInProcess(ForkedBooter.java:377)
	at org.apache.maven.surefire.booter.ForkedBooter.execute(ForkedBooter.java:138)
	at org.apache.maven.surefire.booter.ForkedBooter.run(ForkedBooter.java:465)
	at org.apache.maven.surefire.booter.ForkedBooter.main(ForkedBooter.java:451)
</pre></div></td>
<td>0</td>
<td>com.natasha.applitools.traditionalTests.traditionalTestV2.CrossDeviceElementTest@2aa5fe93</td></tr>
<tr>
<td title='com.natasha.applitools.traditionalTests.traditionalTestV2.CrossDeviceElementTest.checkFilterButtonIsDisplayedOnTabletAndMobile()'><b>checkFilterButtonIsDisplayedOnTabletAndMobile</b><br>Test class: com.natasha.applitools.traditionalTests.traditionalTestV2.CrossDeviceElementTest</td>
<td><div><pre>java.lang.AssertionError: expected [true] but found [false]
	at com.natasha.applitools.traditionalTests.BaseTest.checkIsNotDisplayed(BaseTest.kt:132)
	at com.natasha.applitools.traditionalTests.traditionalTestV2.CrossDeviceElementTest.checkFilterButtonIsDisplayedOnTabletAndMobile(CrossDeviceElementTest.kt:80)
	at java.base/java.util.ArrayList.forEach(ArrayList.java:1507)
... Removed 35 stack frames</pre></div><a href='#' onClick='toggleBox("stack-trace678565780", this, "Click to show all stack frames", "Click to hide stack frames")'>Click to show all stack frames</a>
<div class='stack-trace' id='stack-trace678565780'><pre>java.lang.AssertionError: expected [true] but found [false]
	at org.testng.Assert.fail(Assert.java:97)
	at org.testng.Assert.failNotEquals(Assert.java:969)
	at org.testng.Assert.assertTrue(Assert.java:43)
	at org.testng.Assert.assertTrue(Assert.java:53)
	at com.natasha.applitools.traditionalTests.BaseTest.checkIsNotDisplayed(BaseTest.kt:132)
	at com.natasha.applitools.traditionalTests.traditionalTestV2.CrossDeviceElementTest.checkFilterButtonIsDisplayedOnTabletAndMobile(CrossDeviceElementTest.kt:80)
	at java.base/jdk.internal.reflect.NativeMethodAccessorImpl.invoke0(Native Method)
	at java.base/jdk.internal.reflect.NativeMethodAccessorImpl.invoke(NativeMethodAccessorImpl.java:62)
	at java.base/jdk.internal.reflect.DelegatingMethodAccessorImpl.invoke(DelegatingMethodAccessorImpl.java:43)
	at java.base/java.lang.reflect.Method.invoke(Method.java:567)
	at org.testng.internal.MethodInvocationHelper.invokeMethod(MethodInvocationHelper.java:134)
	at org.testng.internal.TestInvoker.invokeMethod(TestInvoker.java:597)
	at org.testng.internal.TestInvoker.invokeTestMethod(TestInvoker.java:173)
	at org.testng.internal.MethodRunner.runInSequence(MethodRunner.java:46)
	at org.testng.internal.TestInvoker$MethodInvocationAgent.invoke(TestInvoker.java:816)
	at org.testng.internal.TestInvoker.invokeTestMethods(TestInvoker.java:146)
	at org.testng.internal.TestMethodWorker.invokeTestMethods(TestMethodWorker.java:146)
	at org.testng.internal.TestMethodWorker.run(TestMethodWorker.java:128)
	at java.base/java.util.ArrayList.forEach(ArrayList.java:1507)
	at org.testng.TestRunner.privateRun(TestRunner.java:766)
	at org.testng.TestRunner.run(TestRunner.java:587)
	at org.testng.SuiteRunner.runTest(SuiteRunner.java:384)
	at org.testng.SuiteRunner.runSequentially(SuiteRunner.java:378)
	at org.testng.SuiteRunner.privateRun(SuiteRunner.java:337)
	at org.testng.SuiteRunner.run(SuiteRunner.java:286)
	at org.testng.SuiteRunnerWorker.runSuite(SuiteRunnerWorker.java:53)
	at org.testng.SuiteRunnerWorker.run(SuiteRunnerWorker.java:96)
	at org.testng.TestNG.runSuitesSequentially(TestNG.java:1187)
	at org.testng.TestNG.runSuitesLocally(TestNG.java:1109)
	at org.testng.TestNG.runSuites(TestNG.java:1039)
	at org.testng.TestNG.run(TestNG.java:1007)
	at org.apache.maven.surefire.testng.TestNGExecutor.run(TestNGExecutor.java:283)
	at org.apache.maven.surefire.testng.TestNGXmlTestSuite.execute(TestNGXmlTestSuite.java:75)
	at org.apache.maven.surefire.testng.TestNGProvider.invoke(TestNGProvider.java:120)
	at org.apache.maven.surefire.booter.ForkedBooter.runSuitesInProcess(ForkedBooter.java:377)
	at org.apache.maven.surefire.booter.ForkedBooter.execute(ForkedBooter.java:138)
	at org.apache.maven.surefire.booter.ForkedBooter.run(ForkedBooter.java:465)
	at org.apache.maven.surefire.booter.ForkedBooter.main(ForkedBooter.java:451)
</pre></div></td>
<td>0</td>
<td>com.natasha.applitools.traditionalTests.traditionalTestV2.CrossDeviceElementTest@7995092a</td></tr>
<tr>
<td title='com.natasha.applitools.traditionalTests.traditionalTestV2.CrossDeviceElementTest.checkFilterButtonIsDisplayedOnTabletAndMobile()'><b>checkFilterButtonIsDisplayedOnTabletAndMobile</b><br>Test class: com.natasha.applitools.traditionalTests.traditionalTestV2.CrossDeviceElementTest</td>
<td><div><pre>java.lang.AssertionError: expected [true] but found [false]
	at com.natasha.applitools.traditionalTests.BaseTest.checkIsNotDisplayed(BaseTest.kt:132)
	at com.natasha.applitools.traditionalTests.traditionalTestV2.CrossDeviceElementTest.checkFilterButtonIsDisplayedOnTabletAndMobile(CrossDeviceElementTest.kt:80)
	at java.base/java.util.ArrayList.forEach(ArrayList.java:1507)
... Removed 35 stack frames</pre></div><a href='#' onClick='toggleBox("stack-trace470393705", this, "Click to show all stack frames", "Click to hide stack frames")'>Click to show all stack frames</a>
<div class='stack-trace' id='stack-trace470393705'><pre>java.lang.AssertionError: expected [true] but found [false]
	at org.testng.Assert.fail(Assert.java:97)
	at org.testng.Assert.failNotEquals(Assert.java:969)
	at org.testng.Assert.assertTrue(Assert.java:43)
	at org.testng.Assert.assertTrue(Assert.java:53)
	at com.natasha.applitools.traditionalTests.BaseTest.checkIsNotDisplayed(BaseTest.kt:132)
	at com.natasha.applitools.traditionalTests.traditionalTestV2.CrossDeviceElementTest.checkFilterButtonIsDisplayedOnTabletAndMobile(CrossDeviceElementTest.kt:80)
	at java.base/jdk.internal.reflect.NativeMethodAccessorImpl.invoke0(Native Method)
	at java.base/jdk.internal.reflect.NativeMethodAccessorImpl.invoke(NativeMethodAccessorImpl.java:62)
	at java.base/jdk.internal.reflect.DelegatingMethodAccessorImpl.invoke(DelegatingMethodAccessorImpl.java:43)
	at java.base/java.lang.reflect.Method.invoke(Method.java:567)
	at org.testng.internal.MethodInvocationHelper.invokeMethod(MethodInvocationHelper.java:134)
	at org.testng.internal.TestInvoker.invokeMethod(TestInvoker.java:597)
	at org.testng.internal.TestInvoker.invokeTestMethod(TestInvoker.java:173)
	at org.testng.internal.MethodRunner.runInSequence(MethodRunner.java:46)
	at org.testng.internal.TestInvoker$MethodInvocationAgent.invoke(TestInvoker.java:816)
	at org.testng.internal.TestInvoker.invokeTestMethods(TestInvoker.java:146)
	at org.testng.internal.TestMethodWorker.invokeTestMethods(TestMethodWorker.java:146)
	at org.testng.internal.TestMethodWorker.run(TestMethodWorker.java:128)
	at java.base/java.util.ArrayList.forEach(ArrayList.java:1507)
	at org.testng.TestRunner.privateRun(TestRunner.java:766)
	at org.testng.TestRunner.run(TestRunner.java:587)
	at org.testng.SuiteRunner.runTest(SuiteRunner.java:384)
	at org.testng.SuiteRunner.runSequentially(SuiteRunner.java:378)
	at org.testng.SuiteRunner.privateRun(SuiteRunner.java:337)
	at org.testng.SuiteRunner.run(SuiteRunner.java:286)
	at org.testng.SuiteRunnerWorker.runSuite(SuiteRunnerWorker.java:53)
	at org.testng.SuiteRunnerWorker.run(SuiteRunnerWorker.java:96)
	at org.testng.TestNG.runSuitesSequentially(TestNG.java:1187)
	at org.testng.TestNG.runSuitesLocally(TestNG.java:1109)
	at org.testng.TestNG.runSuites(TestNG.java:1039)
	at org.testng.TestNG.run(TestNG.java:1007)
	at org.apache.maven.surefire.testng.TestNGExecutor.run(TestNGExecutor.java:283)
	at org.apache.maven.surefire.testng.TestNGXmlTestSuite.execute(TestNGXmlTestSuite.java:75)
	at org.apache.maven.surefire.testng.TestNGProvider.invoke(TestNGProvider.java:120)
	at org.apache.maven.surefire.booter.ForkedBooter.runSuitesInProcess(ForkedBooter.java:377)
	at org.apache.maven.surefire.booter.ForkedBooter.execute(ForkedBooter.java:138)
	at org.apache.maven.surefire.booter.ForkedBooter.run(ForkedBooter.java:465)
	at org.apache.maven.surefire.booter.ForkedBooter.main(ForkedBooter.java:451)
</pre></div></td>
<td>0</td>
<td>com.natasha.applitools.traditionalTests.traditionalTestV2.CrossDeviceElementTest@7f1302d6</td></tr>
<tr>
<td title='com.natasha.applitools.traditionalTests.traditionalTestV2.CrossDeviceElementTest.checkFilterButtonLabelIsDisplayedOnTablet()'><b>checkFilterButtonLabelIsDisplayedOnTablet</b><br>Test class: com.natasha.applitools.traditionalTests.traditionalTestV2.CrossDeviceElementTest</td>
<td><div><pre>java.lang.AssertionError: expected [true] but found [false]
	at com.natasha.applitools.traditionalTests.BaseTest.checkIsNotDisplayed(BaseTest.kt:132)
	at com.natasha.applitools.traditionalTests.traditionalTestV2.CrossDeviceElementTest.checkFilterButtonLabelIsDisplayedOnTablet(CrossDeviceElementTest.kt:93)
	at java.base/java.util.ArrayList.forEach(ArrayList.java:1507)
... Removed 35 stack frames</pre></div><a href='#' onClick='toggleBox("stack-trace920632751", this, "Click to show all stack frames", "Click to hide stack frames")'>Click to show all stack frames</a>
<div class='stack-trace' id='stack-trace920632751'><pre>java.lang.AssertionError: expected [true] but found [false]
	at org.testng.Assert.fail(Assert.java:97)
	at org.testng.Assert.failNotEquals(Assert.java:969)
	at org.testng.Assert.assertTrue(Assert.java:43)
	at org.testng.Assert.assertTrue(Assert.java:53)
	at com.natasha.applitools.traditionalTests.BaseTest.checkIsNotDisplayed(BaseTest.kt:132)
	at com.natasha.applitools.traditionalTests.traditionalTestV2.CrossDeviceElementTest.checkFilterButtonLabelIsDisplayedOnTablet(CrossDeviceElementTest.kt:93)
	at java.base/jdk.internal.reflect.NativeMethodAccessorImpl.invoke0(Native Method)
	at java.base/jdk.internal.reflect.NativeMethodAccessorImpl.invoke(NativeMethodAccessorImpl.java:62)
	at java.base/jdk.internal.reflect.DelegatingMethodAccessorImpl.invoke(DelegatingMethodAccessorImpl.java:43)
	at java.base/java.lang.reflect.Method.invoke(Method.java:567)
	at org.testng.internal.MethodInvocationHelper.invokeMethod(MethodInvocationHelper.java:134)
	at org.testng.internal.TestInvoker.invokeMethod(TestInvoker.java:597)
	at org.testng.internal.TestInvoker.invokeTestMethod(TestInvoker.java:173)
	at org.testng.internal.MethodRunner.runInSequence(MethodRunner.java:46)
	at org.testng.internal.TestInvoker$MethodInvocationAgent.invoke(TestInvoker.java:816)
	at org.testng.internal.TestInvoker.invokeTestMethods(TestInvoker.java:146)
	at org.testng.internal.TestMethodWorker.invokeTestMethods(TestMethodWorker.java:146)
	at org.testng.internal.TestMethodWorker.run(TestMethodWorker.java:128)
	at java.base/java.util.ArrayList.forEach(ArrayList.java:1507)
	at org.testng.TestRunner.privateRun(TestRunner.java:766)
	at org.testng.TestRunner.run(TestRunner.java:587)
	at org.testng.SuiteRunner.runTest(SuiteRunner.java:384)
	at org.testng.SuiteRunner.runSequentially(SuiteRunner.java:378)
	at org.testng.SuiteRunner.privateRun(SuiteRunner.java:337)
	at org.testng.SuiteRunner.run(SuiteRunner.java:286)
	at org.testng.SuiteRunnerWorker.runSuite(SuiteRunnerWorker.java:53)
	at org.testng.SuiteRunnerWorker.run(SuiteRunnerWorker.java:96)
	at org.testng.TestNG.runSuitesSequentially(TestNG.java:1187)
	at org.testng.TestNG.runSuitesLocally(TestNG.java:1109)
	at org.testng.TestNG.runSuites(TestNG.java:1039)
	at org.testng.TestNG.run(TestNG.java:1007)
	at org.apache.maven.surefire.testng.TestNGExecutor.run(TestNGExecutor.java:283)
	at org.apache.maven.surefire.testng.TestNGXmlTestSuite.execute(TestNGXmlTestSuite.java:75)
	at org.apache.maven.surefire.testng.TestNGProvider.invoke(TestNGProvider.java:120)
	at org.apache.maven.surefire.booter.ForkedBooter.runSuitesInProcess(ForkedBooter.java:377)
	at org.apache.maven.surefire.booter.ForkedBooter.execute(ForkedBooter.java:138)
	at org.apache.maven.surefire.booter.ForkedBooter.run(ForkedBooter.java:465)
	at org.apache.maven.surefire.booter.ForkedBooter.main(ForkedBooter.java:451)
</pre></div></td>
<td>0</td>
<td>com.natasha.applitools.traditionalTests.traditionalTestV2.CrossDeviceElementTest@2aa5fe93</td></tr>
<tr>
<td title='com.natasha.applitools.traditionalTests.traditionalTestV2.CrossDeviceElementTest.checkFilterButtonLabelIsDisplayedOnTablet()'><b>checkFilterButtonLabelIsDisplayedOnTablet</b><br>Test class: com.natasha.applitools.traditionalTests.traditionalTestV2.CrossDeviceElementTest</td>
<td><div><pre>java.lang.AssertionError: expected [true] but found [false]
	at com.natasha.applitools.traditionalTests.BaseTest.checkIsNotDisplayed(BaseTest.kt:132)
	at com.natasha.applitools.traditionalTests.traditionalTestV2.CrossDeviceElementTest.checkFilterButtonLabelIsDisplayedOnTablet(CrossDeviceElementTest.kt:93)
	at java.base/java.util.ArrayList.forEach(ArrayList.java:1507)
... Removed 35 stack frames</pre></div><a href='#' onClick='toggleBox("stack-trace2114163679", this, "Click to show all stack frames", "Click to hide stack frames")'>Click to show all stack frames</a>
<div class='stack-trace' id='stack-trace2114163679'><pre>java.lang.AssertionError: expected [true] but found [false]
	at org.testng.Assert.fail(Assert.java:97)
	at org.testng.Assert.failNotEquals(Assert.java:969)
	at org.testng.Assert.assertTrue(Assert.java:43)
	at org.testng.Assert.assertTrue(Assert.java:53)
	at com.natasha.applitools.traditionalTests.BaseTest.checkIsNotDisplayed(BaseTest.kt:132)
	at com.natasha.applitools.traditionalTests.traditionalTestV2.CrossDeviceElementTest.checkFilterButtonLabelIsDisplayedOnTablet(CrossDeviceElementTest.kt:93)
	at java.base/jdk.internal.reflect.NativeMethodAccessorImpl.invoke0(Native Method)
	at java.base/jdk.internal.reflect.NativeMethodAccessorImpl.invoke(NativeMethodAccessorImpl.java:62)
	at java.base/jdk.internal.reflect.DelegatingMethodAccessorImpl.invoke(DelegatingMethodAccessorImpl.java:43)
	at java.base/java.lang.reflect.Method.invoke(Method.java:567)
	at org.testng.internal.MethodInvocationHelper.invokeMethod(MethodInvocationHelper.java:134)
	at org.testng.internal.TestInvoker.invokeMethod(TestInvoker.java:597)
	at org.testng.internal.TestInvoker.invokeTestMethod(TestInvoker.java:173)
	at org.testng.internal.MethodRunner.runInSequence(MethodRunner.java:46)
	at org.testng.internal.TestInvoker$MethodInvocationAgent.invoke(TestInvoker.java:816)
	at org.testng.internal.TestInvoker.invokeTestMethods(TestInvoker.java:146)
	at org.testng.internal.TestMethodWorker.invokeTestMethods(TestMethodWorker.java:146)
	at org.testng.internal.TestMethodWorker.run(TestMethodWorker.java:128)
	at java.base/java.util.ArrayList.forEach(ArrayList.java:1507)
	at org.testng.TestRunner.privateRun(TestRunner.java:766)
	at org.testng.TestRunner.run(TestRunner.java:587)
	at org.testng.SuiteRunner.runTest(SuiteRunner.java:384)
	at org.testng.SuiteRunner.runSequentially(SuiteRunner.java:378)
	at org.testng.SuiteRunner.privateRun(SuiteRunner.java:337)
	at org.testng.SuiteRunner.run(SuiteRunner.java:286)
	at org.testng.SuiteRunnerWorker.runSuite(SuiteRunnerWorker.java:53)
	at org.testng.SuiteRunnerWorker.run(SuiteRunnerWorker.java:96)
	at org.testng.TestNG.runSuitesSequentially(TestNG.java:1187)
	at org.testng.TestNG.runSuitesLocally(TestNG.java:1109)
	at org.testng.TestNG.runSuites(TestNG.java:1039)
	at org.testng.TestNG.run(TestNG.java:1007)
	at org.apache.maven.surefire.testng.TestNGExecutor.run(TestNGExecutor.java:283)
	at org.apache.maven.surefire.testng.TestNGXmlTestSuite.execute(TestNGXmlTestSuite.java:75)
	at org.apache.maven.surefire.testng.TestNGProvider.invoke(TestNGProvider.java:120)
	at org.apache.maven.surefire.booter.ForkedBooter.runSuitesInProcess(ForkedBooter.java:377)
	at org.apache.maven.surefire.booter.ForkedBooter.execute(ForkedBooter.java:138)
	at org.apache.maven.surefire.booter.ForkedBooter.run(ForkedBooter.java:465)
	at org.apache.maven.surefire.booter.ForkedBooter.main(ForkedBooter.java:451)
</pre></div></td>
<td>0</td>
<td>com.natasha.applitools.traditionalTests.traditionalTestV2.CrossDeviceElementTest@7995092a</td></tr>
<tr>
<td title='com.natasha.applitools.traditionalTests.traditionalTestV2.CrossDeviceElementTest.checkFilterButtonLabelIsDisplayedOnTablet()'><b>checkFilterButtonLabelIsDisplayedOnTablet</b><br>Test class: com.natasha.applitools.traditionalTests.traditionalTestV2.CrossDeviceElementTest</td>
<td><div><pre>java.lang.AssertionError: expected [true] but found [false]
	at com.natasha.applitools.traditionalTests.BaseTest.checkIsNotDisplayed(BaseTest.kt:132)
	at com.natasha.applitools.traditionalTests.traditionalTestV2.CrossDeviceElementTest.checkFilterButtonLabelIsDisplayedOnTablet(CrossDeviceElementTest.kt:93)
	at java.base/java.util.ArrayList.forEach(ArrayList.java:1507)
... Removed 35 stack frames</pre></div><a href='#' onClick='toggleBox("stack-trace1356502771", this, "Click to show all stack frames", "Click to hide stack frames")'>Click to show all stack frames</a>
<div class='stack-trace' id='stack-trace1356502771'><pre>java.lang.AssertionError: expected [true] but found [false]
	at org.testng.Assert.fail(Assert.java:97)
	at org.testng.Assert.failNotEquals(Assert.java:969)
	at org.testng.Assert.assertTrue(Assert.java:43)
	at org.testng.Assert.assertTrue(Assert.java:53)
	at com.natasha.applitools.traditionalTests.BaseTest.checkIsNotDisplayed(BaseTest.kt:132)
	at com.natasha.applitools.traditionalTests.traditionalTestV2.CrossDeviceElementTest.checkFilterButtonLabelIsDisplayedOnTablet(CrossDeviceElementTest.kt:93)
	at java.base/jdk.internal.reflect.NativeMethodAccessorImpl.invoke0(Native Method)
	at java.base/jdk.internal.reflect.NativeMethodAccessorImpl.invoke(NativeMethodAccessorImpl.java:62)
	at java.base/jdk.internal.reflect.DelegatingMethodAccessorImpl.invoke(DelegatingMethodAccessorImpl.java:43)
	at java.base/java.lang.reflect.Method.invoke(Method.java:567)
	at org.testng.internal.MethodInvocationHelper.invokeMethod(MethodInvocationHelper.java:134)
	at org.testng.internal.TestInvoker.invokeMethod(TestInvoker.java:597)
	at org.testng.internal.TestInvoker.invokeTestMethod(TestInvoker.java:173)
	at org.testng.internal.MethodRunner.runInSequence(MethodRunner.java:46)
	at org.testng.internal.TestInvoker$MethodInvocationAgent.invoke(TestInvoker.java:816)
	at org.testng.internal.TestInvoker.invokeTestMethods(TestInvoker.java:146)
	at org.testng.internal.TestMethodWorker.invokeTestMethods(TestMethodWorker.java:146)
	at org.testng.internal.TestMethodWorker.run(TestMethodWorker.java:128)
	at java.base/java.util.ArrayList.forEach(ArrayList.java:1507)
	at org.testng.TestRunner.privateRun(TestRunner.java:766)
	at org.testng.TestRunner.run(TestRunner.java:587)
	at org.testng.SuiteRunner.runTest(SuiteRunner.java:384)
	at org.testng.SuiteRunner.runSequentially(SuiteRunner.java:378)
	at org.testng.SuiteRunner.privateRun(SuiteRunner.java:337)
	at org.testng.SuiteRunner.run(SuiteRunner.java:286)
	at org.testng.SuiteRunnerWorker.runSuite(SuiteRunnerWorker.java:53)
	at org.testng.SuiteRunnerWorker.run(SuiteRunnerWorker.java:96)
	at org.testng.TestNG.runSuitesSequentially(TestNG.java:1187)
	at org.testng.TestNG.runSuitesLocally(TestNG.java:1109)
	at org.testng.TestNG.runSuites(TestNG.java:1039)
	at org.testng.TestNG.run(TestNG.java:1007)
	at org.apache.maven.surefire.testng.TestNGExecutor.run(TestNGExecutor.java:283)
	at org.apache.maven.surefire.testng.TestNGXmlTestSuite.execute(TestNGXmlTestSuite.java:75)
	at org.apache.maven.surefire.testng.TestNGProvider.invoke(TestNGProvider.java:120)
	at org.apache.maven.surefire.booter.ForkedBooter.runSuitesInProcess(ForkedBooter.java:377)
	at org.apache.maven.surefire.booter.ForkedBooter.execute(ForkedBooter.java:138)
	at org.apache.maven.surefire.booter.ForkedBooter.run(ForkedBooter.java:465)
	at org.apache.maven.surefire.booter.ForkedBooter.main(ForkedBooter.java:451)
</pre></div></td>
<td>0</td>
<td>com.natasha.applitools.traditionalTests.traditionalTestV2.CrossDeviceElementTest@7f1302d6</td></tr>
<tr>
<td title='com.natasha.applitools.traditionalTests.traditionalTestV2.ProductDetailsTest.checkNewPriceHasDecimals()'><b>checkNewPriceHasDecimals</b><br>Test class: com.natasha.applitools.traditionalTests.traditionalTestV2.ProductDetailsTest</td>
<td><div><pre>java.lang.AssertionError: expected [true] but found [false]
	at com.natasha.applitools.traditionalTests.BaseTest.checkText(BaseTest.kt:152)
	at com.natasha.applitools.traditionalTests.traditionalTestV2.ProductDetailsTest.checkNewPriceHasDecimals(ProductDetailsTest.kt:32)
	at java.base/java.util.ArrayList.forEach(ArrayList.java:1507)
... Removed 35 stack frames</pre></div><a href='#' onClick='toggleBox("stack-trace1692036285", this, "Click to show all stack frames", "Click to hide stack frames")'>Click to show all stack frames</a>
<div class='stack-trace' id='stack-trace1692036285'><pre>java.lang.AssertionError: expected [true] but found [false]
	at org.testng.Assert.fail(Assert.java:97)
	at org.testng.Assert.failNotEquals(Assert.java:969)
	at org.testng.Assert.assertTrue(Assert.java:43)
	at org.testng.Assert.assertTrue(Assert.java:53)
	at com.natasha.applitools.traditionalTests.BaseTest.checkText(BaseTest.kt:152)
	at com.natasha.applitools.traditionalTests.traditionalTestV2.ProductDetailsTest.checkNewPriceHasDecimals(ProductDetailsTest.kt:32)
	at java.base/jdk.internal.reflect.NativeMethodAccessorImpl.invoke0(Native Method)
	at java.base/jdk.internal.reflect.NativeMethodAccessorImpl.invoke(NativeMethodAccessorImpl.java:62)
	at java.base/jdk.internal.reflect.DelegatingMethodAccessorImpl.invoke(DelegatingMethodAccessorImpl.java:43)
	at java.base/java.lang.reflect.Method.invoke(Method.java:567)
	at org.testng.internal.MethodInvocationHelper.invokeMethod(MethodInvocationHelper.java:134)
	at org.testng.internal.TestInvoker.invokeMethod(TestInvoker.java:597)
	at org.testng.internal.TestInvoker.invokeTestMethod(TestInvoker.java:173)
	at org.testng.internal.MethodRunner.runInSequence(MethodRunner.java:46)
	at org.testng.internal.TestInvoker$MethodInvocationAgent.invoke(TestInvoker.java:816)
	at org.testng.internal.TestInvoker.invokeTestMethods(TestInvoker.java:146)
	at org.testng.internal.TestMethodWorker.invokeTestMethods(TestMethodWorker.java:146)
	at org.testng.internal.TestMethodWorker.run(TestMethodWorker.java:128)
	at java.base/java.util.ArrayList.forEach(ArrayList.java:1507)
	at org.testng.TestRunner.privateRun(TestRunner.java:766)
	at org.testng.TestRunner.run(TestRunner.java:587)
	at org.testng.SuiteRunner.runTest(SuiteRunner.java:384)
	at org.testng.SuiteRunner.runSequentially(SuiteRunner.java:378)
	at org.testng.SuiteRunner.privateRun(SuiteRunner.java:337)
	at org.testng.SuiteRunner.run(SuiteRunner.java:286)
	at org.testng.SuiteRunnerWorker.runSuite(SuiteRunnerWorker.java:53)
	at org.testng.SuiteRunnerWorker.run(SuiteRunnerWorker.java:96)
	at org.testng.TestNG.runSuitesSequentially(TestNG.java:1187)
	at org.testng.TestNG.runSuitesLocally(TestNG.java:1109)
	at org.testng.TestNG.runSuites(TestNG.java:1039)
	at org.testng.TestNG.run(TestNG.java:1007)
	at org.apache.maven.surefire.testng.TestNGExecutor.run(TestNGExecutor.java:283)
	at org.apache.maven.surefire.testng.TestNGXmlTestSuite.execute(TestNGXmlTestSuite.java:75)
	at org.apache.maven.surefire.testng.TestNGProvider.invoke(TestNGProvider.java:120)
	at org.apache.maven.surefire.booter.ForkedBooter.runSuitesInProcess(ForkedBooter.java:377)
	at org.apache.maven.surefire.booter.ForkedBooter.execute(ForkedBooter.java:138)
	at org.apache.maven.surefire.booter.ForkedBooter.run(ForkedBooter.java:465)
	at org.apache.maven.surefire.booter.ForkedBooter.main(ForkedBooter.java:451)
</pre></div></td>
<td>0</td>
<td>com.natasha.applitools.traditionalTests.traditionalTestV2.ProductDetailsTest@5ad851c9</td></tr>
<tr>
<td title='com.natasha.applitools.traditionalTests.traditionalTestV2.ProductDetailsTest.checkNewPriceHasDecimals()'><b>checkNewPriceHasDecimals</b><br>Test class: com.natasha.applitools.traditionalTests.traditionalTestV2.ProductDetailsTest</td>
<td><div><pre>java.lang.AssertionError: expected [true] but found [false]
	at com.natasha.applitools.traditionalTests.BaseTest.checkText(BaseTest.kt:152)
	at com.natasha.applitools.traditionalTests.traditionalTestV2.ProductDetailsTest.checkNewPriceHasDecimals(ProductDetailsTest.kt:32)
	at java.base/java.util.ArrayList.forEach(ArrayList.java:1507)
... Removed 35 stack frames</pre></div><a href='#' onClick='toggleBox("stack-trace772968868", this, "Click to show all stack frames", "Click to hide stack frames")'>Click to show all stack frames</a>
<div class='stack-trace' id='stack-trace772968868'><pre>java.lang.AssertionError: expected [true] but found [false]
	at org.testng.Assert.fail(Assert.java:97)
	at org.testng.Assert.failNotEquals(Assert.java:969)
	at org.testng.Assert.assertTrue(Assert.java:43)
	at org.testng.Assert.assertTrue(Assert.java:53)
	at com.natasha.applitools.traditionalTests.BaseTest.checkText(BaseTest.kt:152)
	at com.natasha.applitools.traditionalTests.traditionalTestV2.ProductDetailsTest.checkNewPriceHasDecimals(ProductDetailsTest.kt:32)
	at java.base/jdk.internal.reflect.NativeMethodAccessorImpl.invoke0(Native Method)
	at java.base/jdk.internal.reflect.NativeMethodAccessorImpl.invoke(NativeMethodAccessorImpl.java:62)
	at java.base/jdk.internal.reflect.DelegatingMethodAccessorImpl.invoke(DelegatingMethodAccessorImpl.java:43)
	at java.base/java.lang.reflect.Method.invoke(Method.java:567)
	at org.testng.internal.MethodInvocationHelper.invokeMethod(MethodInvocationHelper.java:134)
	at org.testng.internal.TestInvoker.invokeMethod(TestInvoker.java:597)
	at org.testng.internal.TestInvoker.invokeTestMethod(TestInvoker.java:173)
	at org.testng.internal.MethodRunner.runInSequence(MethodRunner.java:46)
	at org.testng.internal.TestInvoker$MethodInvocationAgent.invoke(TestInvoker.java:816)
	at org.testng.internal.TestInvoker.invokeTestMethods(TestInvoker.java:146)
	at org.testng.internal.TestMethodWorker.invokeTestMethods(TestMethodWorker.java:146)
	at org.testng.internal.TestMethodWorker.run(TestMethodWorker.java:128)
	at java.base/java.util.ArrayList.forEach(ArrayList.java:1507)
	at org.testng.TestRunner.privateRun(TestRunner.java:766)
	at org.testng.TestRunner.run(TestRunner.java:587)
	at org.testng.SuiteRunner.runTest(SuiteRunner.java:384)
	at org.testng.SuiteRunner.runSequentially(SuiteRunner.java:378)
	at org.testng.SuiteRunner.privateRun(SuiteRunner.java:337)
	at org.testng.SuiteRunner.run(SuiteRunner.java:286)
	at org.testng.SuiteRunnerWorker.runSuite(SuiteRunnerWorker.java:53)
	at org.testng.SuiteRunnerWorker.run(SuiteRunnerWorker.java:96)
	at org.testng.TestNG.runSuitesSequentially(TestNG.java:1187)
	at org.testng.TestNG.runSuitesLocally(TestNG.java:1109)
	at org.testng.TestNG.runSuites(TestNG.java:1039)
	at org.testng.TestNG.run(TestNG.java:1007)
	at org.apache.maven.surefire.testng.TestNGExecutor.run(TestNGExecutor.java:283)
	at org.apache.maven.surefire.testng.TestNGXmlTestSuite.execute(TestNGXmlTestSuite.java:75)
	at org.apache.maven.surefire.testng.TestNGProvider.invoke(TestNGProvider.java:120)
	at org.apache.maven.surefire.booter.ForkedBooter.runSuitesInProcess(ForkedBooter.java:377)
	at org.apache.maven.surefire.booter.ForkedBooter.execute(ForkedBooter.java:138)
	at org.apache.maven.surefire.booter.ForkedBooter.run(ForkedBooter.java:465)
	at org.apache.maven.surefire.booter.ForkedBooter.main(ForkedBooter.java:451)
</pre></div></td>
<td>1</td>
<td>com.natasha.applitools.traditionalTests.traditionalTestV2.ProductDetailsTest@10db82ae</td></tr>
<tr>
<td title='com.natasha.applitools.traditionalTests.traditionalTestV2.ProductDetailsTest.checkNewPriceHasDecimals()'><b>checkNewPriceHasDecimals</b><br>Test class: com.natasha.applitools.traditionalTests.traditionalTestV2.ProductDetailsTest</td>
<td><div><pre>java.lang.AssertionError: expected [true] but found [false]
	at com.natasha.applitools.traditionalTests.BaseTest.checkText(BaseTest.kt:152)
	at com.natasha.applitools.traditionalTests.traditionalTestV2.ProductDetailsTest.checkNewPriceHasDecimals(ProductDetailsTest.kt:32)
	at java.base/java.util.ArrayList.forEach(ArrayList.java:1507)
... Removed 35 stack frames</pre></div><a href='#' onClick='toggleBox("stack-trace840252350", this, "Click to show all stack frames", "Click to hide stack frames")'>Click to show all stack frames</a>
<div class='stack-trace' id='stack-trace840252350'><pre>java.lang.AssertionError: expected [true] but found [false]
	at org.testng.Assert.fail(Assert.java:97)
	at org.testng.Assert.failNotEquals(Assert.java:969)
	at org.testng.Assert.assertTrue(Assert.java:43)
	at org.testng.Assert.assertTrue(Assert.java:53)
	at com.natasha.applitools.traditionalTests.BaseTest.checkText(BaseTest.kt:152)
	at com.natasha.applitools.traditionalTests.traditionalTestV2.ProductDetailsTest.checkNewPriceHasDecimals(ProductDetailsTest.kt:32)
	at java.base/jdk.internal.reflect.NativeMethodAccessorImpl.invoke0(Native Method)
	at java.base/jdk.internal.reflect.NativeMethodAccessorImpl.invoke(NativeMethodAccessorImpl.java:62)
	at java.base/jdk.internal.reflect.DelegatingMethodAccessorImpl.invoke(DelegatingMethodAccessorImpl.java:43)
	at java.base/java.lang.reflect.Method.invoke(Method.java:567)
	at org.testng.internal.MethodInvocationHelper.invokeMethod(MethodInvocationHelper.java:134)
	at org.testng.internal.TestInvoker.invokeMethod(TestInvoker.java:597)
	at org.testng.internal.TestInvoker.invokeTestMethod(TestInvoker.java:173)
	at org.testng.internal.MethodRunner.runInSequence(MethodRunner.java:46)
	at org.testng.internal.TestInvoker$MethodInvocationAgent.invoke(TestInvoker.java:816)
	at org.testng.internal.TestInvoker.invokeTestMethods(TestInvoker.java:146)
	at org.testng.internal.TestMethodWorker.invokeTestMethods(TestMethodWorker.java:146)
	at org.testng.internal.TestMethodWorker.run(TestMethodWorker.java:128)
	at java.base/java.util.ArrayList.forEach(ArrayList.java:1507)
	at org.testng.TestRunner.privateRun(TestRunner.java:766)
	at org.testng.TestRunner.run(TestRunner.java:587)
	at org.testng.SuiteRunner.runTest(SuiteRunner.java:384)
	at org.testng.SuiteRunner.runSequentially(SuiteRunner.java:378)
	at org.testng.SuiteRunner.privateRun(SuiteRunner.java:337)
	at org.testng.SuiteRunner.run(SuiteRunner.java:286)
	at org.testng.SuiteRunnerWorker.runSuite(SuiteRunnerWorker.java:53)
	at org.testng.SuiteRunnerWorker.run(SuiteRunnerWorker.java:96)
	at org.testng.TestNG.runSuitesSequentially(TestNG.java:1187)
	at org.testng.TestNG.runSuitesLocally(TestNG.java:1109)
	at org.testng.TestNG.runSuites(TestNG.java:1039)
	at org.testng.TestNG.run(TestNG.java:1007)
	at org.apache.maven.surefire.testng.TestNGExecutor.run(TestNGExecutor.java:283)
	at org.apache.maven.surefire.testng.TestNGXmlTestSuite.execute(TestNGXmlTestSuite.java:75)
	at org.apache.maven.surefire.testng.TestNGProvider.invoke(TestNGProvider.java:120)
	at org.apache.maven.surefire.booter.ForkedBooter.runSuitesInProcess(ForkedBooter.java:377)
	at org.apache.maven.surefire.booter.ForkedBooter.execute(ForkedBooter.java:138)
	at org.apache.maven.surefire.booter.ForkedBooter.run(ForkedBooter.java:465)
	at org.apache.maven.surefire.booter.ForkedBooter.main(ForkedBooter.java:451)
</pre></div></td>
<td>1</td>
<td>com.natasha.applitools.traditionalTests.traditionalTestV2.ProductDetailsTest@1df82230</td></tr>
<tr>
<td title='com.natasha.applitools.traditionalTests.traditionalTestV2.ProductDetailsTest.checkNewPriceHasDecimals()'><b>checkNewPriceHasDecimals</b><br>Test class: com.natasha.applitools.traditionalTests.traditionalTestV2.ProductDetailsTest</td>
<td><div><pre>java.lang.AssertionError: expected [true] but found [false]
	at com.natasha.applitools.traditionalTests.BaseTest.checkText(BaseTest.kt:152)
	at com.natasha.applitools.traditionalTests.traditionalTestV2.ProductDetailsTest.checkNewPriceHasDecimals(ProductDetailsTest.kt:32)
	at java.base/java.util.ArrayList.forEach(ArrayList.java:1507)
... Removed 35 stack frames</pre></div><a href='#' onClick='toggleBox("stack-trace704611578", this, "Click to show all stack frames", "Click to hide stack frames")'>Click to show all stack frames</a>
<div class='stack-trace' id='stack-trace704611578'><pre>java.lang.AssertionError: expected [true] but found [false]
	at org.testng.Assert.fail(Assert.java:97)
	at org.testng.Assert.failNotEquals(Assert.java:969)
	at org.testng.Assert.assertTrue(Assert.java:43)
	at org.testng.Assert.assertTrue(Assert.java:53)
	at com.natasha.applitools.traditionalTests.BaseTest.checkText(BaseTest.kt:152)
	at com.natasha.applitools.traditionalTests.traditionalTestV2.ProductDetailsTest.checkNewPriceHasDecimals(ProductDetailsTest.kt:32)
	at java.base/jdk.internal.reflect.NativeMethodAccessorImpl.invoke0(Native Method)
	at java.base/jdk.internal.reflect.NativeMethodAccessorImpl.invoke(NativeMethodAccessorImpl.java:62)
	at java.base/jdk.internal.reflect.DelegatingMethodAccessorImpl.invoke(DelegatingMethodAccessorImpl.java:43)
	at java.base/java.lang.reflect.Method.invoke(Method.java:567)
	at org.testng.internal.MethodInvocationHelper.invokeMethod(MethodInvocationHelper.java:134)
	at org.testng.internal.TestInvoker.invokeMethod(TestInvoker.java:597)
	at org.testng.internal.TestInvoker.invokeTestMethod(TestInvoker.java:173)
	at org.testng.internal.MethodRunner.runInSequence(MethodRunner.java:46)
	at org.testng.internal.TestInvoker$MethodInvocationAgent.invoke(TestInvoker.java:816)
	at org.testng.internal.TestInvoker.invokeTestMethods(TestInvoker.java:146)
	at org.testng.internal.TestMethodWorker.invokeTestMethods(TestMethodWorker.java:146)
	at org.testng.internal.TestMethodWorker.run(TestMethodWorker.java:128)
	at java.base/java.util.ArrayList.forEach(ArrayList.java:1507)
	at org.testng.TestRunner.privateRun(TestRunner.java:766)
	at org.testng.TestRunner.run(TestRunner.java:587)
	at org.testng.SuiteRunner.runTest(SuiteRunner.java:384)
	at org.testng.SuiteRunner.runSequentially(SuiteRunner.java:378)
	at org.testng.SuiteRunner.privateRun(SuiteRunner.java:337)
	at org.testng.SuiteRunner.run(SuiteRunner.java:286)
	at org.testng.SuiteRunnerWorker.runSuite(SuiteRunnerWorker.java:53)
	at org.testng.SuiteRunnerWorker.run(SuiteRunnerWorker.java:96)
	at org.testng.TestNG.runSuitesSequentially(TestNG.java:1187)
	at org.testng.TestNG.runSuitesLocally(TestNG.java:1109)
	at org.testng.TestNG.runSuites(TestNG.java:1039)
	at org.testng.TestNG.run(TestNG.java:1007)
	at org.apache.maven.surefire.testng.TestNGExecutor.run(TestNGExecutor.java:283)
	at org.apache.maven.surefire.testng.TestNGXmlTestSuite.execute(TestNGXmlTestSuite.java:75)
	at org.apache.maven.surefire.testng.TestNGProvider.invoke(TestNGProvider.java:120)
	at org.apache.maven.surefire.booter.ForkedBooter.runSuitesInProcess(ForkedBooter.java:377)
	at org.apache.maven.surefire.booter.ForkedBooter.execute(ForkedBooter.java:138)
	at org.apache.maven.surefire.booter.ForkedBooter.run(ForkedBooter.java:465)
	at org.apache.maven.surefire.booter.ForkedBooter.main(ForkedBooter.java:451)
</pre></div></td>
<td>0</td>
<td>com.natasha.applitools.traditionalTests.traditionalTestV2.ProductDetailsTest@f8c1ddd</td></tr>
<tr>
<td title='com.natasha.applitools.traditionalTests.traditionalTestV2.ProductDetailsTest.checkNewPriceHasDecimals()'><b>checkNewPriceHasDecimals</b><br>Test class: com.natasha.applitools.traditionalTests.traditionalTestV2.ProductDetailsTest</td>
<td><div><pre>java.lang.AssertionError: expected [true] but found [false]
	at com.natasha.applitools.traditionalTests.BaseTest.checkText(BaseTest.kt:152)
	at com.natasha.applitools.traditionalTests.traditionalTestV2.ProductDetailsTest.checkNewPriceHasDecimals(ProductDetailsTest.kt:32)
	at java.base/java.util.ArrayList.forEach(ArrayList.java:1507)
... Removed 35 stack frames</pre></div><a href='#' onClick='toggleBox("stack-trace103357744", this, "Click to show all stack frames", "Click to hide stack frames")'>Click to show all stack frames</a>
<div class='stack-trace' id='stack-trace103357744'><pre>java.lang.AssertionError: expected [true] but found [false]
	at org.testng.Assert.fail(Assert.java:97)
	at org.testng.Assert.failNotEquals(Assert.java:969)
	at org.testng.Assert.assertTrue(Assert.java:43)
	at org.testng.Assert.assertTrue(Assert.java:53)
	at com.natasha.applitools.traditionalTests.BaseTest.checkText(BaseTest.kt:152)
	at com.natasha.applitools.traditionalTests.traditionalTestV2.ProductDetailsTest.checkNewPriceHasDecimals(ProductDetailsTest.kt:32)
	at java.base/jdk.internal.reflect.NativeMethodAccessorImpl.invoke0(Native Method)
	at java.base/jdk.internal.reflect.NativeMethodAccessorImpl.invoke(NativeMethodAccessorImpl.java:62)
	at java.base/jdk.internal.reflect.DelegatingMethodAccessorImpl.invoke(DelegatingMethodAccessorImpl.java:43)
	at java.base/java.lang.reflect.Method.invoke(Method.java:567)
	at org.testng.internal.MethodInvocationHelper.invokeMethod(MethodInvocationHelper.java:134)
	at org.testng.internal.TestInvoker.invokeMethod(TestInvoker.java:597)
	at org.testng.internal.TestInvoker.invokeTestMethod(TestInvoker.java:173)
	at org.testng.internal.MethodRunner.runInSequence(MethodRunner.java:46)
	at org.testng.internal.TestInvoker$MethodInvocationAgent.invoke(TestInvoker.java:816)
	at org.testng.internal.TestInvoker.invokeTestMethods(TestInvoker.java:146)
	at org.testng.internal.TestMethodWorker.invokeTestMethods(TestMethodWorker.java:146)
	at org.testng.internal.TestMethodWorker.run(TestMethodWorker.java:128)
	at java.base/java.util.ArrayList.forEach(ArrayList.java:1507)
	at org.testng.TestRunner.privateRun(TestRunner.java:766)
	at org.testng.TestRunner.run(TestRunner.java:587)
	at org.testng.SuiteRunner.runTest(SuiteRunner.java:384)
	at org.testng.SuiteRunner.runSequentially(SuiteRunner.java:378)
	at org.testng.SuiteRunner.privateRun(SuiteRunner.java:337)
	at org.testng.SuiteRunner.run(SuiteRunner.java:286)
	at org.testng.SuiteRunnerWorker.runSuite(SuiteRunnerWorker.java:53)
	at org.testng.SuiteRunnerWorker.run(SuiteRunnerWorker.java:96)
	at org.testng.TestNG.runSuitesSequentially(TestNG.java:1187)
	at org.testng.TestNG.runSuitesLocally(TestNG.java:1109)
	at org.testng.TestNG.runSuites(TestNG.java:1039)
	at org.testng.TestNG.run(TestNG.java:1007)
	at org.apache.maven.surefire.testng.TestNGExecutor.run(TestNGExecutor.java:283)
	at org.apache.maven.surefire.testng.TestNGXmlTestSuite.execute(TestNGXmlTestSuite.java:75)
	at org.apache.maven.surefire.testng.TestNGProvider.invoke(TestNGProvider.java:120)
	at org.apache.maven.surefire.booter.ForkedBooter.runSuitesInProcess(ForkedBooter.java:377)
	at org.apache.maven.surefire.booter.ForkedBooter.execute(ForkedBooter.java:138)
	at org.apache.maven.surefire.booter.ForkedBooter.run(ForkedBooter.java:465)
	at org.apache.maven.surefire.booter.ForkedBooter.main(ForkedBooter.java:451)
</pre></div></td>
<td>1</td>
<td>com.natasha.applitools.traditionalTests.traditionalTestV2.ProductDetailsTest@1d082e88</td></tr>
<tr>
<td title='com.natasha.applitools.traditionalTests.traditionalTestV2.ProductDetailsTest.checkNewPriceHasDecimals()'><b>checkNewPriceHasDecimals</b><br>Test class: com.natasha.applitools.traditionalTests.traditionalTestV2.ProductDetailsTest</td>
<td><div><pre>java.lang.AssertionError: expected [true] but found [false]
	at com.natasha.applitools.traditionalTests.BaseTest.checkText(BaseTest.kt:152)
	at com.natasha.applitools.traditionalTests.traditionalTestV2.ProductDetailsTest.checkNewPriceHasDecimals(ProductDetailsTest.kt:32)
	at java.base/java.util.ArrayList.forEach(ArrayList.java:1507)
... Removed 35 stack frames</pre></div><a href='#' onClick='toggleBox("stack-trace1865601023", this, "Click to show all stack frames", "Click to hide stack frames")'>Click to show all stack frames</a>
<div class='stack-trace' id='stack-trace1865601023'><pre>java.lang.AssertionError: expected [true] but found [false]
	at org.testng.Assert.fail(Assert.java:97)
	at org.testng.Assert.failNotEquals(Assert.java:969)
	at org.testng.Assert.assertTrue(Assert.java:43)
	at org.testng.Assert.assertTrue(Assert.java:53)
	at com.natasha.applitools.traditionalTests.BaseTest.checkText(BaseTest.kt:152)
	at com.natasha.applitools.traditionalTests.traditionalTestV2.ProductDetailsTest.checkNewPriceHasDecimals(ProductDetailsTest.kt:32)
	at java.base/jdk.internal.reflect.NativeMethodAccessorImpl.invoke0(Native Method)
	at java.base/jdk.internal.reflect.NativeMethodAccessorImpl.invoke(NativeMethodAccessorImpl.java:62)
	at java.base/jdk.internal.reflect.DelegatingMethodAccessorImpl.invoke(DelegatingMethodAccessorImpl.java:43)
	at java.base/java.lang.reflect.Method.invoke(Method.java:567)
	at org.testng.internal.MethodInvocationHelper.invokeMethod(MethodInvocationHelper.java:134)
	at org.testng.internal.TestInvoker.invokeMethod(TestInvoker.java:597)
	at org.testng.internal.TestInvoker.invokeTestMethod(TestInvoker.java:173)
	at org.testng.internal.MethodRunner.runInSequence(MethodRunner.java:46)
	at org.testng.internal.TestInvoker$MethodInvocationAgent.invoke(TestInvoker.java:816)
	at org.testng.internal.TestInvoker.invokeTestMethods(TestInvoker.java:146)
	at org.testng.internal.TestMethodWorker.invokeTestMethods(TestMethodWorker.java:146)
	at org.testng.internal.TestMethodWorker.run(TestMethodWorker.java:128)
	at java.base/java.util.ArrayList.forEach(ArrayList.java:1507)
	at org.testng.TestRunner.privateRun(TestRunner.java:766)
	at org.testng.TestRunner.run(TestRunner.java:587)
	at org.testng.SuiteRunner.runTest(SuiteRunner.java:384)
	at org.testng.SuiteRunner.runSequentially(SuiteRunner.java:378)
	at org.testng.SuiteRunner.privateRun(SuiteRunner.java:337)
	at org.testng.SuiteRunner.run(SuiteRunner.java:286)
	at org.testng.SuiteRunnerWorker.runSuite(SuiteRunnerWorker.java:53)
	at org.testng.SuiteRunnerWorker.run(SuiteRunnerWorker.java:96)
	at org.testng.TestNG.runSuitesSequentially(TestNG.java:1187)
	at org.testng.TestNG.runSuitesLocally(TestNG.java:1109)
	at org.testng.TestNG.runSuites(TestNG.java:1039)
	at org.testng.TestNG.run(TestNG.java:1007)
	at org.apache.maven.surefire.testng.TestNGExecutor.run(TestNGExecutor.java:283)
	at org.apache.maven.surefire.testng.TestNGXmlTestSuite.execute(TestNGXmlTestSuite.java:75)
	at org.apache.maven.surefire.testng.TestNGProvider.invoke(TestNGProvider.java:120)
	at org.apache.maven.surefire.booter.ForkedBooter.runSuitesInProcess(ForkedBooter.java:377)
	at org.apache.maven.surefire.booter.ForkedBooter.execute(ForkedBooter.java:138)
	at org.apache.maven.surefire.booter.ForkedBooter.run(ForkedBooter.java:465)
	at org.apache.maven.surefire.booter.ForkedBooter.main(ForkedBooter.java:451)
</pre></div></td>
<td>0</td>
<td>com.natasha.applitools.traditionalTests.traditionalTestV2.ProductDetailsTest@23529fee</td></tr>
<tr>
<td title='com.natasha.applitools.traditionalTests.traditionalTestV2.ProductDetailsTest.checkOldPriceHasCssValueLineThrough()'><b>checkOldPriceHasCssValueLineThrough</b><br>Test class: com.natasha.applitools.traditionalTests.traditionalTestV2.ProductDetailsTest</td>
<td><div><pre>java.lang.AssertionError: expected [true] but found [false]
	at com.natasha.applitools.traditionalTests.BaseTest.checkTextStyle(BaseTest.kt:163)
	at com.natasha.applitools.traditionalTests.traditionalTestV2.ProductDetailsTest.checkOldPriceHasCssValueLineThrough(ProductDetailsTest.kt:41)
	at java.base/java.util.ArrayList.forEach(ArrayList.java:1507)
... Removed 35 stack frames</pre></div><a href='#' onClick='toggleBox("stack-trace1103641328", this, "Click to show all stack frames", "Click to hide stack frames")'>Click to show all stack frames</a>
<div class='stack-trace' id='stack-trace1103641328'><pre>java.lang.AssertionError: expected [true] but found [false]
	at org.testng.Assert.fail(Assert.java:97)
	at org.testng.Assert.failNotEquals(Assert.java:969)
	at org.testng.Assert.assertTrue(Assert.java:43)
	at org.testng.Assert.assertTrue(Assert.java:53)
	at com.natasha.applitools.traditionalTests.BaseTest.checkTextStyle(BaseTest.kt:163)
	at com.natasha.applitools.traditionalTests.traditionalTestV2.ProductDetailsTest.checkOldPriceHasCssValueLineThrough(ProductDetailsTest.kt:41)
	at java.base/jdk.internal.reflect.NativeMethodAccessorImpl.invoke0(Native Method)
	at java.base/jdk.internal.reflect.NativeMethodAccessorImpl.invoke(NativeMethodAccessorImpl.java:62)
	at java.base/jdk.internal.reflect.DelegatingMethodAccessorImpl.invoke(DelegatingMethodAccessorImpl.java:43)
	at java.base/java.lang.reflect.Method.invoke(Method.java:567)
	at org.testng.internal.MethodInvocationHelper.invokeMethod(MethodInvocationHelper.java:134)
	at org.testng.internal.TestInvoker.invokeMethod(TestInvoker.java:597)
	at org.testng.internal.TestInvoker.invokeTestMethod(TestInvoker.java:173)
	at org.testng.internal.MethodRunner.runInSequence(MethodRunner.java:46)
	at org.testng.internal.TestInvoker$MethodInvocationAgent.invoke(TestInvoker.java:816)
	at org.testng.internal.TestInvoker.invokeTestMethods(TestInvoker.java:146)
	at org.testng.internal.TestMethodWorker.invokeTestMethods(TestMethodWorker.java:146)
	at org.testng.internal.TestMethodWorker.run(TestMethodWorker.java:128)
	at java.base/java.util.ArrayList.forEach(ArrayList.java:1507)
	at org.testng.TestRunner.privateRun(TestRunner.java:766)
	at org.testng.TestRunner.run(TestRunner.java:587)
	at org.testng.SuiteRunner.runTest(SuiteRunner.java:384)
	at org.testng.SuiteRunner.runSequentially(SuiteRunner.java:378)
	at org.testng.SuiteRunner.privateRun(SuiteRunner.java:337)
	at org.testng.SuiteRunner.run(SuiteRunner.java:286)
	at org.testng.SuiteRunnerWorker.runSuite(SuiteRunnerWorker.java:53)
	at org.testng.SuiteRunnerWorker.run(SuiteRunnerWorker.java:96)
	at org.testng.TestNG.runSuitesSequentially(TestNG.java:1187)
	at org.testng.TestNG.runSuitesLocally(TestNG.java:1109)
	at org.testng.TestNG.runSuites(TestNG.java:1039)
	at org.testng.TestNG.run(TestNG.java:1007)
	at org.apache.maven.surefire.testng.TestNGExecutor.run(TestNGExecutor.java:283)
	at org.apache.maven.surefire.testng.TestNGXmlTestSuite.execute(TestNGXmlTestSuite.java:75)
	at org.apache.maven.surefire.testng.TestNGProvider.invoke(TestNGProvider.java:120)
	at org.apache.maven.surefire.booter.ForkedBooter.runSuitesInProcess(ForkedBooter.java:377)
	at org.apache.maven.surefire.booter.ForkedBooter.execute(ForkedBooter.java:138)
	at org.apache.maven.surefire.booter.ForkedBooter.run(ForkedBooter.java:465)
	at org.apache.maven.surefire.booter.ForkedBooter.main(ForkedBooter.java:451)
</pre></div></td>
<td>1</td>
<td>com.natasha.applitools.traditionalTests.traditionalTestV2.ProductDetailsTest@1df82230</td></tr>
<tr>
<td title='com.natasha.applitools.traditionalTests.traditionalTestV2.CrossDeviceElementTest.checkSearchBarIsDisplayedOnDesktopAndTablet()'><b>checkSearchBarIsDisplayedOnDesktopAndTablet</b><br>Test class: com.natasha.applitools.traditionalTests.traditionalTestV2.CrossDeviceElementTest</td>
<td><div><pre>java.lang.AssertionError: expected [true] but found [false]
	at com.natasha.applitools.traditionalTests.BaseTest.checkIsNotDisplayed(BaseTest.kt:132)
	at com.natasha.applitools.traditionalTests.traditionalTestV2.CrossDeviceElementTest.checkSearchBarIsDisplayedOnDesktopAndTablet(CrossDeviceElementTest.kt:30)
	at java.base/java.util.ArrayList.forEach(ArrayList.java:1507)
... Removed 35 stack frames</pre></div><a href='#' onClick='toggleBox("stack-trace1939972532", this, "Click to show all stack frames", "Click to hide stack frames")'>Click to show all stack frames</a>
<div class='stack-trace' id='stack-trace1939972532'><pre>java.lang.AssertionError: expected [true] but found [false]
	at org.testng.Assert.fail(Assert.java:97)
	at org.testng.Assert.failNotEquals(Assert.java:969)
	at org.testng.Assert.assertTrue(Assert.java:43)
	at org.testng.Assert.assertTrue(Assert.java:53)
	at com.natasha.applitools.traditionalTests.BaseTest.checkIsNotDisplayed(BaseTest.kt:132)
	at com.natasha.applitools.traditionalTests.traditionalTestV2.CrossDeviceElementTest.checkSearchBarIsDisplayedOnDesktopAndTablet(CrossDeviceElementTest.kt:30)
	at java.base/jdk.internal.reflect.NativeMethodAccessorImpl.invoke0(Native Method)
	at java.base/jdk.internal.reflect.NativeMethodAccessorImpl.invoke(NativeMethodAccessorImpl.java:62)
	at java.base/jdk.internal.reflect.DelegatingMethodAccessorImpl.invoke(DelegatingMethodAccessorImpl.java:43)
	at java.base/java.lang.reflect.Method.invoke(Method.java:567)
	at org.testng.internal.MethodInvocationHelper.invokeMethod(MethodInvocationHelper.java:134)
	at org.testng.internal.TestInvoker.invokeMethod(TestInvoker.java:597)
	at org.testng.internal.TestInvoker.invokeTestMethod(TestInvoker.java:173)
	at org.testng.internal.MethodRunner.runInSequence(MethodRunner.java:46)
	at org.testng.internal.TestInvoker$MethodInvocationAgent.invoke(TestInvoker.java:816)
	at org.testng.internal.TestInvoker.invokeTestMethods(TestInvoker.java:146)
	at org.testng.internal.TestMethodWorker.invokeTestMethods(TestMethodWorker.java:146)
	at org.testng.internal.TestMethodWorker.run(TestMethodWorker.java:128)
	at java.base/java.util.ArrayList.forEach(ArrayList.java:1507)
	at org.testng.TestRunner.privateRun(TestRunner.java:766)
	at org.testng.TestRunner.run(TestRunner.java:587)
	at org.testng.SuiteRunner.runTest(SuiteRunner.java:384)
	at org.testng.SuiteRunner.runSequentially(SuiteRunner.java:378)
	at org.testng.SuiteRunner.privateRun(SuiteRunner.java:337)
	at org.testng.SuiteRunner.run(SuiteRunner.java:286)
	at org.testng.SuiteRunnerWorker.runSuite(SuiteRunnerWorker.java:53)
	at org.testng.SuiteRunnerWorker.run(SuiteRunnerWorker.java:96)
	at org.testng.TestNG.runSuitesSequentially(TestNG.java:1187)
	at org.testng.TestNG.runSuitesLocally(TestNG.java:1109)
	at org.testng.TestNG.runSuites(TestNG.java:1039)
	at org.testng.TestNG.run(TestNG.java:1007)
	at org.apache.maven.surefire.testng.TestNGExecutor.run(TestNGExecutor.java:283)
	at org.apache.maven.surefire.testng.TestNGXmlTestSuite.execute(TestNGXmlTestSuite.java:75)
	at org.apache.maven.surefire.testng.TestNGProvider.invoke(TestNGProvider.java:120)
	at org.apache.maven.surefire.booter.ForkedBooter.runSuitesInProcess(ForkedBooter.java:377)
	at org.apache.maven.surefire.booter.ForkedBooter.execute(ForkedBooter.java:138)
	at org.apache.maven.surefire.booter.ForkedBooter.run(ForkedBooter.java:465)
	at org.apache.maven.surefire.booter.ForkedBooter.main(ForkedBooter.java:451)
</pre></div></td>
<td>0</td>
<td>com.natasha.applitools.traditionalTests.traditionalTestV2.CrossDeviceElementTest@402e37bc</td></tr>
<tr>
<td title='com.natasha.applitools.traditionalTests.traditionalTestV2.ProductDetailsTest.checkSizeSmallValueEqualsSmallS()'><b>checkSizeSmallValueEqualsSmallS</b><br>Test class: com.natasha.applitools.traditionalTests.traditionalTestV2.ProductDetailsTest</td>
<td><div><pre>java.lang.AssertionError: expected [true] but found [false]
	at com.natasha.applitools.traditionalTests.BaseTest.checkText(BaseTest.kt:152)
	at com.natasha.applitools.traditionalTests.traditionalTestV2.ProductDetailsTest.checkSizeSmallValueEqualsSmallS(ProductDetailsTest.kt:23)
	at java.base/java.util.ArrayList.forEach(ArrayList.java:1507)
... Removed 35 stack frames</pre></div><a href='#' onClick='toggleBox("stack-trace880883688", this, "Click to show all stack frames", "Click to hide stack frames")'>Click to show all stack frames</a>
<div class='stack-trace' id='stack-trace880883688'><pre>java.lang.AssertionError: expected [true] but found [false]
	at org.testng.Assert.fail(Assert.java:97)
	at org.testng.Assert.failNotEquals(Assert.java:969)
	at org.testng.Assert.assertTrue(Assert.java:43)
	at org.testng.Assert.assertTrue(Assert.java:53)
	at com.natasha.applitools.traditionalTests.BaseTest.checkText(BaseTest.kt:152)
	at com.natasha.applitools.traditionalTests.traditionalTestV2.ProductDetailsTest.checkSizeSmallValueEqualsSmallS(ProductDetailsTest.kt:23)
	at java.base/jdk.internal.reflect.NativeMethodAccessorImpl.invoke0(Native Method)
	at java.base/jdk.internal.reflect.NativeMethodAccessorImpl.invoke(NativeMethodAccessorImpl.java:62)
	at java.base/jdk.internal.reflect.DelegatingMethodAccessorImpl.invoke(DelegatingMethodAccessorImpl.java:43)
	at java.base/java.lang.reflect.Method.invoke(Method.java:567)
	at org.testng.internal.MethodInvocationHelper.invokeMethod(MethodInvocationHelper.java:134)
	at org.testng.internal.TestInvoker.invokeMethod(TestInvoker.java:597)
	at org.testng.internal.TestInvoker.invokeTestMethod(TestInvoker.java:173)
	at org.testng.internal.MethodRunner.runInSequence(MethodRunner.java:46)
	at org.testng.internal.TestInvoker$MethodInvocationAgent.invoke(TestInvoker.java:816)
	at org.testng.internal.TestInvoker.invokeTestMethods(TestInvoker.java:146)
	at org.testng.internal.TestMethodWorker.invokeTestMethods(TestMethodWorker.java:146)
	at org.testng.internal.TestMethodWorker.run(TestMethodWorker.java:128)
	at java.base/java.util.ArrayList.forEach(ArrayList.java:1507)
	at org.testng.TestRunner.privateRun(TestRunner.java:766)
	at org.testng.TestRunner.run(TestRunner.java:587)
	at org.testng.SuiteRunner.runTest(SuiteRunner.java:384)
	at org.testng.SuiteRunner.runSequentially(SuiteRunner.java:378)
	at org.testng.SuiteRunner.privateRun(SuiteRunner.java:337)
	at org.testng.SuiteRunner.run(SuiteRunner.java:286)
	at org.testng.SuiteRunnerWorker.runSuite(SuiteRunnerWorker.java:53)
	at org.testng.SuiteRunnerWorker.run(SuiteRunnerWorker.java:96)
	at org.testng.TestNG.runSuitesSequentially(TestNG.java:1187)
	at org.testng.TestNG.runSuitesLocally(TestNG.java:1109)
	at org.testng.TestNG.runSuites(TestNG.java:1039)
	at org.testng.TestNG.run(TestNG.java:1007)
	at org.apache.maven.surefire.testng.TestNGExecutor.run(TestNGExecutor.java:283)
	at org.apache.maven.surefire.testng.TestNGXmlTestSuite.execute(TestNGXmlTestSuite.java:75)
	at org.apache.maven.surefire.testng.TestNGProvider.invoke(TestNGProvider.java:120)
	at org.apache.maven.surefire.booter.ForkedBooter.runSuitesInProcess(ForkedBooter.java:377)
	at org.apache.maven.surefire.booter.ForkedBooter.execute(ForkedBooter.java:138)
	at org.apache.maven.surefire.booter.ForkedBooter.run(ForkedBooter.java:465)
	at org.apache.maven.surefire.booter.ForkedBooter.main(ForkedBooter.java:451)
</pre></div></td>
<td>1</td>
<td>com.natasha.applitools.traditionalTests.traditionalTestV2.ProductDetailsTest@5ad851c9</td></tr>
<tr>
<td title='com.natasha.applitools.traditionalTests.traditionalTestV2.ProductDetailsTest.checkSizeSmallValueEqualsSmallS()'><b>checkSizeSmallValueEqualsSmallS</b><br>Test class: com.natasha.applitools.traditionalTests.traditionalTestV2.ProductDetailsTest</td>
<td><div><pre>java.lang.AssertionError: expected [true] but found [false]
	at com.natasha.applitools.traditionalTests.BaseTest.checkText(BaseTest.kt:152)
	at com.natasha.applitools.traditionalTests.traditionalTestV2.ProductDetailsTest.checkSizeSmallValueEqualsSmallS(ProductDetailsTest.kt:23)
	at java.base/java.util.ArrayList.forEach(ArrayList.java:1507)
... Removed 35 stack frames</pre></div><a href='#' onClick='toggleBox("stack-trace251788397", this, "Click to show all stack frames", "Click to hide stack frames")'>Click to show all stack frames</a>
<div class='stack-trace' id='stack-trace251788397'><pre>java.lang.AssertionError: expected [true] but found [false]
	at org.testng.Assert.fail(Assert.java:97)
	at org.testng.Assert.failNotEquals(Assert.java:969)
	at org.testng.Assert.assertTrue(Assert.java:43)
	at org.testng.Assert.assertTrue(Assert.java:53)
	at com.natasha.applitools.traditionalTests.BaseTest.checkText(BaseTest.kt:152)
	at com.natasha.applitools.traditionalTests.traditionalTestV2.ProductDetailsTest.checkSizeSmallValueEqualsSmallS(ProductDetailsTest.kt:23)
	at java.base/jdk.internal.reflect.NativeMethodAccessorImpl.invoke0(Native Method)
	at java.base/jdk.internal.reflect.NativeMethodAccessorImpl.invoke(NativeMethodAccessorImpl.java:62)
	at java.base/jdk.internal.reflect.DelegatingMethodAccessorImpl.invoke(DelegatingMethodAccessorImpl.java:43)
	at java.base/java.lang.reflect.Method.invoke(Method.java:567)
	at org.testng.internal.MethodInvocationHelper.invokeMethod(MethodInvocationHelper.java:134)
	at org.testng.internal.TestInvoker.invokeMethod(TestInvoker.java:597)
	at org.testng.internal.TestInvoker.invokeTestMethod(TestInvoker.java:173)
	at org.testng.internal.MethodRunner.runInSequence(MethodRunner.java:46)
	at org.testng.internal.TestInvoker$MethodInvocationAgent.invoke(TestInvoker.java:816)
	at org.testng.internal.TestInvoker.invokeTestMethods(TestInvoker.java:146)
	at org.testng.internal.TestMethodWorker.invokeTestMethods(TestMethodWorker.java:146)
	at org.testng.internal.TestMethodWorker.run(TestMethodWorker.java:128)
	at java.base/java.util.ArrayList.forEach(ArrayList.java:1507)
	at org.testng.TestRunner.privateRun(TestRunner.java:766)
	at org.testng.TestRunner.run(TestRunner.java:587)
	at org.testng.SuiteRunner.runTest(SuiteRunner.java:384)
	at org.testng.SuiteRunner.runSequentially(SuiteRunner.java:378)
	at org.testng.SuiteRunner.privateRun(SuiteRunner.java:337)
	at org.testng.SuiteRunner.run(SuiteRunner.java:286)
	at org.testng.SuiteRunnerWorker.runSuite(SuiteRunnerWorker.java:53)
	at org.testng.SuiteRunnerWorker.run(SuiteRunnerWorker.java:96)
	at org.testng.TestNG.runSuitesSequentially(TestNG.java:1187)
	at org.testng.TestNG.runSuitesLocally(TestNG.java:1109)
	at org.testng.TestNG.runSuites(TestNG.java:1039)
	at org.testng.TestNG.run(TestNG.java:1007)
	at org.apache.maven.surefire.testng.TestNGExecutor.run(TestNGExecutor.java:283)
	at org.apache.maven.surefire.testng.TestNGXmlTestSuite.execute(TestNGXmlTestSuite.java:75)
	at org.apache.maven.surefire.testng.TestNGProvider.invoke(TestNGProvider.java:120)
	at org.apache.maven.surefire.booter.ForkedBooter.runSuitesInProcess(ForkedBooter.java:377)
	at org.apache.maven.surefire.booter.ForkedBooter.execute(ForkedBooter.java:138)
	at org.apache.maven.surefire.booter.ForkedBooter.run(ForkedBooter.java:465)
	at org.apache.maven.surefire.booter.ForkedBooter.main(ForkedBooter.java:451)
</pre></div></td>
<td>1</td>
<td>com.natasha.applitools.traditionalTests.traditionalTestV2.ProductDetailsTest@10db82ae</td></tr>
<tr>
<td title='com.natasha.applitools.traditionalTests.traditionalTestV2.ProductDetailsTest.checkSizeSmallValueEqualsSmallS()'><b>checkSizeSmallValueEqualsSmallS</b><br>Test class: com.natasha.applitools.traditionalTests.traditionalTestV2.ProductDetailsTest</td>
<td><div><pre>java.lang.AssertionError: expected [true] but found [false]
	at com.natasha.applitools.traditionalTests.BaseTest.checkText(BaseTest.kt:152)
	at com.natasha.applitools.traditionalTests.traditionalTestV2.ProductDetailsTest.checkSizeSmallValueEqualsSmallS(ProductDetailsTest.kt:23)
	at java.base/java.util.ArrayList.forEach(ArrayList.java:1507)
... Removed 35 stack frames</pre></div><a href='#' onClick='toggleBox("stack-trace196196466", this, "Click to show all stack frames", "Click to hide stack frames")'>Click to show all stack frames</a>
<div class='stack-trace' id='stack-trace196196466'><pre>java.lang.AssertionError: expected [true] but found [false]
	at org.testng.Assert.fail(Assert.java:97)
	at org.testng.Assert.failNotEquals(Assert.java:969)
	at org.testng.Assert.assertTrue(Assert.java:43)
	at org.testng.Assert.assertTrue(Assert.java:53)
	at com.natasha.applitools.traditionalTests.BaseTest.checkText(BaseTest.kt:152)
	at com.natasha.applitools.traditionalTests.traditionalTestV2.ProductDetailsTest.checkSizeSmallValueEqualsSmallS(ProductDetailsTest.kt:23)
	at java.base/jdk.internal.reflect.NativeMethodAccessorImpl.invoke0(Native Method)
	at java.base/jdk.internal.reflect.NativeMethodAccessorImpl.invoke(NativeMethodAccessorImpl.java:62)
	at java.base/jdk.internal.reflect.DelegatingMethodAccessorImpl.invoke(DelegatingMethodAccessorImpl.java:43)
	at java.base/java.lang.reflect.Method.invoke(Method.java:567)
	at org.testng.internal.MethodInvocationHelper.invokeMethod(MethodInvocationHelper.java:134)
	at org.testng.internal.TestInvoker.invokeMethod(TestInvoker.java:597)
	at org.testng.internal.TestInvoker.invokeTestMethod(TestInvoker.java:173)
	at org.testng.internal.MethodRunner.runInSequence(MethodRunner.java:46)
	at org.testng.internal.TestInvoker$MethodInvocationAgent.invoke(TestInvoker.java:816)
	at org.testng.internal.TestInvoker.invokeTestMethods(TestInvoker.java:146)
	at org.testng.internal.TestMethodWorker.invokeTestMethods(TestMethodWorker.java:146)
	at org.testng.internal.TestMethodWorker.run(TestMethodWorker.java:128)
	at java.base/java.util.ArrayList.forEach(ArrayList.java:1507)
	at org.testng.TestRunner.privateRun(TestRunner.java:766)
	at org.testng.TestRunner.run(TestRunner.java:587)
	at org.testng.SuiteRunner.runTest(SuiteRunner.java:384)
	at org.testng.SuiteRunner.runSequentially(SuiteRunner.java:378)
	at org.testng.SuiteRunner.privateRun(SuiteRunner.java:337)
	at org.testng.SuiteRunner.run(SuiteRunner.java:286)
	at org.testng.SuiteRunnerWorker.runSuite(SuiteRunnerWorker.java:53)
	at org.testng.SuiteRunnerWorker.run(SuiteRunnerWorker.java:96)
	at org.testng.TestNG.runSuitesSequentially(TestNG.java:1187)
	at org.testng.TestNG.runSuitesLocally(TestNG.java:1109)
	at org.testng.TestNG.runSuites(TestNG.java:1039)
	at org.testng.TestNG.run(TestNG.java:1007)
	at org.apache.maven.surefire.testng.TestNGExecutor.run(TestNGExecutor.java:283)
	at org.apache.maven.surefire.testng.TestNGXmlTestSuite.execute(TestNGXmlTestSuite.java:75)
	at org.apache.maven.surefire.testng.TestNGProvider.invoke(TestNGProvider.java:120)
	at org.apache.maven.surefire.booter.ForkedBooter.runSuitesInProcess(ForkedBooter.java:377)
	at org.apache.maven.surefire.booter.ForkedBooter.execute(ForkedBooter.java:138)
	at org.apache.maven.surefire.booter.ForkedBooter.run(ForkedBooter.java:465)
	at org.apache.maven.surefire.booter.ForkedBooter.main(ForkedBooter.java:451)
</pre></div></td>
<td>1</td>
<td>com.natasha.applitools.traditionalTests.traditionalTestV2.ProductDetailsTest@1df82230</td></tr>
<tr>
<td title='com.natasha.applitools.traditionalTests.traditionalTestV2.ProductDetailsTest.checkSizeSmallValueEqualsSmallS()'><b>checkSizeSmallValueEqualsSmallS</b><br>Test class: com.natasha.applitools.traditionalTests.traditionalTestV2.ProductDetailsTest</td>
<td><div><pre>java.lang.AssertionError: expected [true] but found [false]
	at com.natasha.applitools.traditionalTests.BaseTest.checkText(BaseTest.kt:152)
	at com.natasha.applitools.traditionalTests.traditionalTestV2.ProductDetailsTest.checkSizeSmallValueEqualsSmallS(ProductDetailsTest.kt:23)
	at java.base/java.util.ArrayList.forEach(ArrayList.java:1507)
... Removed 35 stack frames</pre></div><a href='#' onClick='toggleBox("stack-trace955097010", this, "Click to show all stack frames", "Click to hide stack frames")'>Click to show all stack frames</a>
<div class='stack-trace' id='stack-trace955097010'><pre>java.lang.AssertionError: expected [true] but found [false]
	at org.testng.Assert.fail(Assert.java:97)
	at org.testng.Assert.failNotEquals(Assert.java:969)
	at org.testng.Assert.assertTrue(Assert.java:43)
	at org.testng.Assert.assertTrue(Assert.java:53)
	at com.natasha.applitools.traditionalTests.BaseTest.checkText(BaseTest.kt:152)
	at com.natasha.applitools.traditionalTests.traditionalTestV2.ProductDetailsTest.checkSizeSmallValueEqualsSmallS(ProductDetailsTest.kt:23)
	at java.base/jdk.internal.reflect.NativeMethodAccessorImpl.invoke0(Native Method)
	at java.base/jdk.internal.reflect.NativeMethodAccessorImpl.invoke(NativeMethodAccessorImpl.java:62)
	at java.base/jdk.internal.reflect.DelegatingMethodAccessorImpl.invoke(DelegatingMethodAccessorImpl.java:43)
	at java.base/java.lang.reflect.Method.invoke(Method.java:567)
	at org.testng.internal.MethodInvocationHelper.invokeMethod(MethodInvocationHelper.java:134)
	at org.testng.internal.TestInvoker.invokeMethod(TestInvoker.java:597)
	at org.testng.internal.TestInvoker.invokeTestMethod(TestInvoker.java:173)
	at org.testng.internal.MethodRunner.runInSequence(MethodRunner.java:46)
	at org.testng.internal.TestInvoker$MethodInvocationAgent.invoke(TestInvoker.java:816)
	at org.testng.internal.TestInvoker.invokeTestMethods(TestInvoker.java:146)
	at org.testng.internal.TestMethodWorker.invokeTestMethods(TestMethodWorker.java:146)
	at org.testng.internal.TestMethodWorker.run(TestMethodWorker.java:128)
	at java.base/java.util.ArrayList.forEach(ArrayList.java:1507)
	at org.testng.TestRunner.privateRun(TestRunner.java:766)
	at org.testng.TestRunner.run(TestRunner.java:587)
	at org.testng.SuiteRunner.runTest(SuiteRunner.java:384)
	at org.testng.SuiteRunner.runSequentially(SuiteRunner.java:378)
	at org.testng.SuiteRunner.privateRun(SuiteRunner.java:337)
	at org.testng.SuiteRunner.run(SuiteRunner.java:286)
	at org.testng.SuiteRunnerWorker.runSuite(SuiteRunnerWorker.java:53)
	at org.testng.SuiteRunnerWorker.run(SuiteRunnerWorker.java:96)
	at org.testng.TestNG.runSuitesSequentially(TestNG.java:1187)
	at org.testng.TestNG.runSuitesLocally(TestNG.java:1109)
	at org.testng.TestNG.runSuites(TestNG.java:1039)
	at org.testng.TestNG.run(TestNG.java:1007)
	at org.apache.maven.surefire.testng.TestNGExecutor.run(TestNGExecutor.java:283)
	at org.apache.maven.surefire.testng.TestNGXmlTestSuite.execute(TestNGXmlTestSuite.java:75)
	at org.apache.maven.surefire.testng.TestNGProvider.invoke(TestNGProvider.java:120)
	at org.apache.maven.surefire.booter.ForkedBooter.runSuitesInProcess(ForkedBooter.java:377)
	at org.apache.maven.surefire.booter.ForkedBooter.execute(ForkedBooter.java:138)
	at org.apache.maven.surefire.booter.ForkedBooter.run(ForkedBooter.java:465)
	at org.apache.maven.surefire.booter.ForkedBooter.main(ForkedBooter.java:451)
</pre></div></td>
<td>0</td>
<td>com.natasha.applitools.traditionalTests.traditionalTestV2.ProductDetailsTest@f8c1ddd</td></tr>
<tr>
<td title='com.natasha.applitools.traditionalTests.traditionalTestV2.ProductDetailsTest.checkSizeSmallValueEqualsSmallS()'><b>checkSizeSmallValueEqualsSmallS</b><br>Test class: com.natasha.applitools.traditionalTests.traditionalTestV2.ProductDetailsTest</td>
<td><div><pre>java.lang.AssertionError: expected [true] but found [false]
	at com.natasha.applitools.traditionalTests.BaseTest.checkText(BaseTest.kt:152)
	at com.natasha.applitools.traditionalTests.traditionalTestV2.ProductDetailsTest.checkSizeSmallValueEqualsSmallS(ProductDetailsTest.kt:23)
	at java.base/java.util.ArrayList.forEach(ArrayList.java:1507)
... Removed 35 stack frames</pre></div><a href='#' onClick='toggleBox("stack-trace408484158", this, "Click to show all stack frames", "Click to hide stack frames")'>Click to show all stack frames</a>
<div class='stack-trace' id='stack-trace408484158'><pre>java.lang.AssertionError: expected [true] but found [false]
	at org.testng.Assert.fail(Assert.java:97)
	at org.testng.Assert.failNotEquals(Assert.java:969)
	at org.testng.Assert.assertTrue(Assert.java:43)
	at org.testng.Assert.assertTrue(Assert.java:53)
	at com.natasha.applitools.traditionalTests.BaseTest.checkText(BaseTest.kt:152)
	at com.natasha.applitools.traditionalTests.traditionalTestV2.ProductDetailsTest.checkSizeSmallValueEqualsSmallS(ProductDetailsTest.kt:23)
	at java.base/jdk.internal.reflect.NativeMethodAccessorImpl.invoke0(Native Method)
	at java.base/jdk.internal.reflect.NativeMethodAccessorImpl.invoke(NativeMethodAccessorImpl.java:62)
	at java.base/jdk.internal.reflect.DelegatingMethodAccessorImpl.invoke(DelegatingMethodAccessorImpl.java:43)
	at java.base/java.lang.reflect.Method.invoke(Method.java:567)
	at org.testng.internal.MethodInvocationHelper.invokeMethod(MethodInvocationHelper.java:134)
	at org.testng.internal.TestInvoker.invokeMethod(TestInvoker.java:597)
	at org.testng.internal.TestInvoker.invokeTestMethod(TestInvoker.java:173)
	at org.testng.internal.MethodRunner.runInSequence(MethodRunner.java:46)
	at org.testng.internal.TestInvoker$MethodInvocationAgent.invoke(TestInvoker.java:816)
	at org.testng.internal.TestInvoker.invokeTestMethods(TestInvoker.java:146)
	at org.testng.internal.TestMethodWorker.invokeTestMethods(TestMethodWorker.java:146)
	at org.testng.internal.TestMethodWorker.run(TestMethodWorker.java:128)
	at java.base/java.util.ArrayList.forEach(ArrayList.java:1507)
	at org.testng.TestRunner.privateRun(TestRunner.java:766)
	at org.testng.TestRunner.run(TestRunner.java:587)
	at org.testng.SuiteRunner.runTest(SuiteRunner.java:384)
	at org.testng.SuiteRunner.runSequentially(SuiteRunner.java:378)
	at org.testng.SuiteRunner.privateRun(SuiteRunner.java:337)
	at org.testng.SuiteRunner.run(SuiteRunner.java:286)
	at org.testng.SuiteRunnerWorker.runSuite(SuiteRunnerWorker.java:53)
	at org.testng.SuiteRunnerWorker.run(SuiteRunnerWorker.java:96)
	at org.testng.TestNG.runSuitesSequentially(TestNG.java:1187)
	at org.testng.TestNG.runSuitesLocally(TestNG.java:1109)
	at org.testng.TestNG.runSuites(TestNG.java:1039)
	at org.testng.TestNG.run(TestNG.java:1007)
	at org.apache.maven.surefire.testng.TestNGExecutor.run(TestNGExecutor.java:283)
	at org.apache.maven.surefire.testng.TestNGXmlTestSuite.execute(TestNGXmlTestSuite.java:75)
	at org.apache.maven.surefire.testng.TestNGProvider.invoke(TestNGProvider.java:120)
	at org.apache.maven.surefire.booter.ForkedBooter.runSuitesInProcess(ForkedBooter.java:377)
	at org.apache.maven.surefire.booter.ForkedBooter.execute(ForkedBooter.java:138)
	at org.apache.maven.surefire.booter.ForkedBooter.run(ForkedBooter.java:465)
	at org.apache.maven.surefire.booter.ForkedBooter.main(ForkedBooter.java:451)
</pre></div></td>
<td>1</td>
<td>com.natasha.applitools.traditionalTests.traditionalTestV2.ProductDetailsTest@1d082e88</td></tr>
<tr>
<td title='com.natasha.applitools.traditionalTests.traditionalTestV2.ProductDetailsTest.checkSizeSmallValueEqualsSmallS()'><b>checkSizeSmallValueEqualsSmallS</b><br>Test class: com.natasha.applitools.traditionalTests.traditionalTestV2.ProductDetailsTest</td>
<td><div><pre>java.lang.AssertionError: expected [true] but found [false]
	at com.natasha.applitools.traditionalTests.BaseTest.checkText(BaseTest.kt:152)
	at com.natasha.applitools.traditionalTests.traditionalTestV2.ProductDetailsTest.checkSizeSmallValueEqualsSmallS(ProductDetailsTest.kt:23)
	at java.base/java.util.ArrayList.forEach(ArrayList.java:1507)
... Removed 35 stack frames</pre></div><a href='#' onClick='toggleBox("stack-trace597839850", this, "Click to show all stack frames", "Click to hide stack frames")'>Click to show all stack frames</a>
<div class='stack-trace' id='stack-trace597839850'><pre>java.lang.AssertionError: expected [true] but found [false]
	at org.testng.Assert.fail(Assert.java:97)
	at org.testng.Assert.failNotEquals(Assert.java:969)
	at org.testng.Assert.assertTrue(Assert.java:43)
	at org.testng.Assert.assertTrue(Assert.java:53)
	at com.natasha.applitools.traditionalTests.BaseTest.checkText(BaseTest.kt:152)
	at com.natasha.applitools.traditionalTests.traditionalTestV2.ProductDetailsTest.checkSizeSmallValueEqualsSmallS(ProductDetailsTest.kt:23)
	at java.base/jdk.internal.reflect.NativeMethodAccessorImpl.invoke0(Native Method)
	at java.base/jdk.internal.reflect.NativeMethodAccessorImpl.invoke(NativeMethodAccessorImpl.java:62)
	at java.base/jdk.internal.reflect.DelegatingMethodAccessorImpl.invoke(DelegatingMethodAccessorImpl.java:43)
	at java.base/java.lang.reflect.Method.invoke(Method.java:567)
	at org.testng.internal.MethodInvocationHelper.invokeMethod(MethodInvocationHelper.java:134)
	at org.testng.internal.TestInvoker.invokeMethod(TestInvoker.java:597)
	at org.testng.internal.TestInvoker.invokeTestMethod(TestInvoker.java:173)
	at org.testng.internal.MethodRunner.runInSequence(MethodRunner.java:46)
	at org.testng.internal.TestInvoker$MethodInvocationAgent.invoke(TestInvoker.java:816)
	at org.testng.internal.TestInvoker.invokeTestMethods(TestInvoker.java:146)
	at org.testng.internal.TestMethodWorker.invokeTestMethods(TestMethodWorker.java:146)
	at org.testng.internal.TestMethodWorker.run(TestMethodWorker.java:128)
	at java.base/java.util.ArrayList.forEach(ArrayList.java:1507)
	at org.testng.TestRunner.privateRun(TestRunner.java:766)
	at org.testng.TestRunner.run(TestRunner.java:587)
	at org.testng.SuiteRunner.runTest(SuiteRunner.java:384)
	at org.testng.SuiteRunner.runSequentially(SuiteRunner.java:378)
	at org.testng.SuiteRunner.privateRun(SuiteRunner.java:337)
	at org.testng.SuiteRunner.run(SuiteRunner.java:286)
	at org.testng.SuiteRunnerWorker.runSuite(SuiteRunnerWorker.java:53)
	at org.testng.SuiteRunnerWorker.run(SuiteRunnerWorker.java:96)
	at org.testng.TestNG.runSuitesSequentially(TestNG.java:1187)
	at org.testng.TestNG.runSuitesLocally(TestNG.java:1109)
	at org.testng.TestNG.runSuites(TestNG.java:1039)
	at org.testng.TestNG.run(TestNG.java:1007)
	at org.apache.maven.surefire.testng.TestNGExecutor.run(TestNGExecutor.java:283)
	at org.apache.maven.surefire.testng.TestNGXmlTestSuite.execute(TestNGXmlTestSuite.java:75)
	at org.apache.maven.surefire.testng.TestNGProvider.invoke(TestNGProvider.java:120)
	at org.apache.maven.surefire.booter.ForkedBooter.runSuitesInProcess(ForkedBooter.java:377)
	at org.apache.maven.surefire.booter.ForkedBooter.execute(ForkedBooter.java:138)
	at org.apache.maven.surefire.booter.ForkedBooter.run(ForkedBooter.java:465)
	at org.apache.maven.surefire.booter.ForkedBooter.main(ForkedBooter.java:451)
</pre></div></td>
<td>0</td>
<td>com.natasha.applitools.traditionalTests.traditionalTestV2.ProductDetailsTest@23529fee</td></tr>
<tr>
<td title='com.natasha.applitools.traditionalTests.traditionalTestV2.ShoppingExperienceTest.checkTwoBlackShoesAreDisplayedWhenFilteredByColourBlack()'><b>checkTwoBlackShoesAreDisplayedWhenFilteredByColourBlack</b><br>Test class: com.natasha.applitools.traditionalTests.traditionalTestV2.ShoppingExperienceTest</td>
<td><div><pre>java.lang.AssertionError: expected [true] but found [false]
	at com.natasha.applitools.traditionalTests.BaseTest.checkNumberOfElementsDisplayed(BaseTest.kt:142)
	at com.natasha.applitools.traditionalTests.traditionalTestV2.ShoppingExperienceTest.checkTwoBlackShoesAreDisplayedWhenFilteredByColourBlack(ShoppingExperienceTest.kt:14)
	at java.base/java.util.ArrayList.forEach(ArrayList.java:1507)
... Removed 35 stack frames</pre></div><a href='#' onClick='toggleBox("stack-trace1990722999", this, "Click to show all stack frames", "Click to hide stack frames")'>Click to show all stack frames</a>
<div class='stack-trace' id='stack-trace1990722999'><pre>java.lang.AssertionError: expected [true] but found [false]
	at org.testng.Assert.fail(Assert.java:97)
	at org.testng.Assert.failNotEquals(Assert.java:969)
	at org.testng.Assert.assertTrue(Assert.java:43)
	at org.testng.Assert.assertTrue(Assert.java:53)
	at com.natasha.applitools.traditionalTests.BaseTest.checkNumberOfElementsDisplayed(BaseTest.kt:142)
	at com.natasha.applitools.traditionalTests.traditionalTestV2.ShoppingExperienceTest.checkTwoBlackShoesAreDisplayedWhenFilteredByColourBlack(ShoppingExperienceTest.kt:14)
	at java.base/jdk.internal.reflect.NativeMethodAccessorImpl.invoke0(Native Method)
	at java.base/jdk.internal.reflect.NativeMethodAccessorImpl.invoke(NativeMethodAccessorImpl.java:62)
	at java.base/jdk.internal.reflect.DelegatingMethodAccessorImpl.invoke(DelegatingMethodAccessorImpl.java:43)
	at java.base/java.lang.reflect.Method.invoke(Method.java:567)
	at org.testng.internal.MethodInvocationHelper.invokeMethod(MethodInvocationHelper.java:134)
	at org.testng.internal.TestInvoker.invokeMethod(TestInvoker.java:597)
	at org.testng.internal.TestInvoker.invokeTestMethod(TestInvoker.java:173)
	at org.testng.internal.MethodRunner.runInSequence(MethodRunner.java:46)
	at org.testng.internal.TestInvoker$MethodInvocationAgent.invoke(TestInvoker.java:816)
	at org.testng.internal.TestInvoker.invokeTestMethods(TestInvoker.java:146)
	at org.testng.internal.TestMethodWorker.invokeTestMethods(TestMethodWorker.java:146)
	at org.testng.internal.TestMethodWorker.run(TestMethodWorker.java:128)
	at java.base/java.util.ArrayList.forEach(ArrayList.java:1507)
	at org.testng.TestRunner.privateRun(TestRunner.java:766)
	at org.testng.TestRunner.run(TestRunner.java:587)
	at org.testng.SuiteRunner.runTest(SuiteRunner.java:384)
	at org.testng.SuiteRunner.runSequentially(SuiteRunner.java:378)
	at org.testng.SuiteRunner.privateRun(SuiteRunner.java:337)
	at org.testng.SuiteRunner.run(SuiteRunner.java:286)
	at org.testng.SuiteRunnerWorker.runSuite(SuiteRunnerWorker.java:53)
	at org.testng.SuiteRunnerWorker.run(SuiteRunnerWorker.java:96)
	at org.testng.TestNG.runSuitesSequentially(TestNG.java:1187)
	at org.testng.TestNG.runSuitesLocally(TestNG.java:1109)
	at org.testng.TestNG.runSuites(TestNG.java:1039)
	at org.testng.TestNG.run(TestNG.java:1007)
	at org.apache.maven.surefire.testng.TestNGExecutor.run(TestNGExecutor.java:283)
	at org.apache.maven.surefire.testng.TestNGXmlTestSuite.execute(TestNGXmlTestSuite.java:75)
	at org.apache.maven.surefire.testng.TestNGProvider.invoke(TestNGProvider.java:120)
	at org.apache.maven.surefire.booter.ForkedBooter.runSuitesInProcess(ForkedBooter.java:377)
	at org.apache.maven.surefire.booter.ForkedBooter.execute(ForkedBooter.java:138)
	at org.apache.maven.surefire.booter.ForkedBooter.run(ForkedBooter.java:465)
	at org.apache.maven.surefire.booter.ForkedBooter.main(ForkedBooter.java:451)
</pre></div></td>
<td>0</td>
<td>com.natasha.applitools.traditionalTests.traditionalTestV2.ShoppingExperienceTest@5c1a8622</td></tr>
<tr>
<td title='com.natasha.applitools.traditionalTests.traditionalTestV2.ShoppingExperienceTest.checkTwoBlackShoesAreDisplayedWhenFilteredByColourBlack()'><b>checkTwoBlackShoesAreDisplayedWhenFilteredByColourBlack</b><br>Test class: com.natasha.applitools.traditionalTests.traditionalTestV2.ShoppingExperienceTest</td>
<td><div><pre>java.lang.AssertionError: expected [true] but found [false]
	at com.natasha.applitools.traditionalTests.BaseTest.checkNumberOfElementsDisplayed(BaseTest.kt:142)
	at com.natasha.applitools.traditionalTests.traditionalTestV2.ShoppingExperienceTest.checkTwoBlackShoesAreDisplayedWhenFilteredByColourBlack(ShoppingExperienceTest.kt:14)
	at java.base/java.util.ArrayList.forEach(ArrayList.java:1507)
... Removed 35 stack frames</pre></div><a href='#' onClick='toggleBox("stack-trace2057536891", this, "Click to show all stack frames", "Click to hide stack frames")'>Click to show all stack frames</a>
<div class='stack-trace' id='stack-trace2057536891'><pre>java.lang.AssertionError: expected [true] but found [false]
	at org.testng.Assert.fail(Assert.java:97)
	at org.testng.Assert.failNotEquals(Assert.java:969)
	at org.testng.Assert.assertTrue(Assert.java:43)
	at org.testng.Assert.assertTrue(Assert.java:53)
	at com.natasha.applitools.traditionalTests.BaseTest.checkNumberOfElementsDisplayed(BaseTest.kt:142)
	at com.natasha.applitools.traditionalTests.traditionalTestV2.ShoppingExperienceTest.checkTwoBlackShoesAreDisplayedWhenFilteredByColourBlack(ShoppingExperienceTest.kt:14)
	at java.base/jdk.internal.reflect.NativeMethodAccessorImpl.invoke0(Native Method)
	at java.base/jdk.internal.reflect.NativeMethodAccessorImpl.invoke(NativeMethodAccessorImpl.java:62)
	at java.base/jdk.internal.reflect.DelegatingMethodAccessorImpl.invoke(DelegatingMethodAccessorImpl.java:43)
	at java.base/java.lang.reflect.Method.invoke(Method.java:567)
	at org.testng.internal.MethodInvocationHelper.invokeMethod(MethodInvocationHelper.java:134)
	at org.testng.internal.TestInvoker.invokeMethod(TestInvoker.java:597)
	at org.testng.internal.TestInvoker.invokeTestMethod(TestInvoker.java:173)
	at org.testng.internal.MethodRunner.runInSequence(MethodRunner.java:46)
	at org.testng.internal.TestInvoker$MethodInvocationAgent.invoke(TestInvoker.java:816)
	at org.testng.internal.TestInvoker.invokeTestMethods(TestInvoker.java:146)
	at org.testng.internal.TestMethodWorker.invokeTestMethods(TestMethodWorker.java:146)
	at org.testng.internal.TestMethodWorker.run(TestMethodWorker.java:128)
	at java.base/java.util.ArrayList.forEach(ArrayList.java:1507)
	at org.testng.TestRunner.privateRun(TestRunner.java:766)
	at org.testng.TestRunner.run(TestRunner.java:587)
	at org.testng.SuiteRunner.runTest(SuiteRunner.java:384)
	at org.testng.SuiteRunner.runSequentially(SuiteRunner.java:378)
	at org.testng.SuiteRunner.privateRun(SuiteRunner.java:337)
	at org.testng.SuiteRunner.run(SuiteRunner.java:286)
	at org.testng.SuiteRunnerWorker.runSuite(SuiteRunnerWorker.java:53)
	at org.testng.SuiteRunnerWorker.run(SuiteRunnerWorker.java:96)
	at org.testng.TestNG.runSuitesSequentially(TestNG.java:1187)
	at org.testng.TestNG.runSuitesLocally(TestNG.java:1109)
	at org.testng.TestNG.runSuites(TestNG.java:1039)
	at org.testng.TestNG.run(TestNG.java:1007)
	at org.apache.maven.surefire.testng.TestNGExecutor.run(TestNGExecutor.java:283)
	at org.apache.maven.surefire.testng.TestNGXmlTestSuite.execute(TestNGXmlTestSuite.java:75)
	at org.apache.maven.surefire.testng.TestNGProvider.invoke(TestNGProvider.java:120)
	at org.apache.maven.surefire.booter.ForkedBooter.runSuitesInProcess(ForkedBooter.java:377)
	at org.apache.maven.surefire.booter.ForkedBooter.execute(ForkedBooter.java:138)
	at org.apache.maven.surefire.booter.ForkedBooter.run(ForkedBooter.java:465)
	at org.apache.maven.surefire.booter.ForkedBooter.main(ForkedBooter.java:451)
</pre></div></td>
<td>0</td>
<td>com.natasha.applitools.traditionalTests.traditionalTestV2.ShoppingExperienceTest@78dd667e</td></tr>
<tr>
<td title='com.natasha.applitools.traditionalTests.traditionalTestV2.ShoppingExperienceTest.checkTwoBlackShoesAreDisplayedWhenFilteredByColourBlack()'><b>checkTwoBlackShoesAreDisplayedWhenFilteredByColourBlack</b><br>Test class: com.natasha.applitools.traditionalTests.traditionalTestV2.ShoppingExperienceTest</td>
<td><div><pre>java.lang.AssertionError: expected [true] but found [false]
	at com.natasha.applitools.traditionalTests.BaseTest.checkNumberOfElementsDisplayed(BaseTest.kt:142)
	at com.natasha.applitools.traditionalTests.traditionalTestV2.ShoppingExperienceTest.checkTwoBlackShoesAreDisplayedWhenFilteredByColourBlack(ShoppingExperienceTest.kt:14)
	at java.base/java.util.ArrayList.forEach(ArrayList.java:1507)
... Removed 35 stack frames</pre></div><a href='#' onClick='toggleBox("stack-trace1207282520", this, "Click to show all stack frames", "Click to hide stack frames")'>Click to show all stack frames</a>
<div class='stack-trace' id='stack-trace1207282520'><pre>java.lang.AssertionError: expected [true] but found [false]
	at org.testng.Assert.fail(Assert.java:97)
	at org.testng.Assert.failNotEquals(Assert.java:969)
	at org.testng.Assert.assertTrue(Assert.java:43)
	at org.testng.Assert.assertTrue(Assert.java:53)
	at com.natasha.applitools.traditionalTests.BaseTest.checkNumberOfElementsDisplayed(BaseTest.kt:142)
	at com.natasha.applitools.traditionalTests.traditionalTestV2.ShoppingExperienceTest.checkTwoBlackShoesAreDisplayedWhenFilteredByColourBlack(ShoppingExperienceTest.kt:14)
	at java.base/jdk.internal.reflect.NativeMethodAccessorImpl.invoke0(Native Method)
	at java.base/jdk.internal.reflect.NativeMethodAccessorImpl.invoke(NativeMethodAccessorImpl.java:62)
	at java.base/jdk.internal.reflect.DelegatingMethodAccessorImpl.invoke(DelegatingMethodAccessorImpl.java:43)
	at java.base/java.lang.reflect.Method.invoke(Method.java:567)
	at org.testng.internal.MethodInvocationHelper.invokeMethod(MethodInvocationHelper.java:134)
	at org.testng.internal.TestInvoker.invokeMethod(TestInvoker.java:597)
	at org.testng.internal.TestInvoker.invokeTestMethod(TestInvoker.java:173)
	at org.testng.internal.MethodRunner.runInSequence(MethodRunner.java:46)
	at org.testng.internal.TestInvoker$MethodInvocationAgent.invoke(TestInvoker.java:816)
	at org.testng.internal.TestInvoker.invokeTestMethods(TestInvoker.java:146)
	at org.testng.internal.TestMethodWorker.invokeTestMethods(TestMethodWorker.java:146)
	at org.testng.internal.TestMethodWorker.run(TestMethodWorker.java:128)
	at java.base/java.util.ArrayList.forEach(ArrayList.java:1507)
	at org.testng.TestRunner.privateRun(TestRunner.java:766)
	at org.testng.TestRunner.run(TestRunner.java:587)
	at org.testng.SuiteRunner.runTest(SuiteRunner.java:384)
	at org.testng.SuiteRunner.runSequentially(SuiteRunner.java:378)
	at org.testng.SuiteRunner.privateRun(SuiteRunner.java:337)
	at org.testng.SuiteRunner.run(SuiteRunner.java:286)
	at org.testng.SuiteRunnerWorker.runSuite(SuiteRunnerWorker.java:53)
	at org.testng.SuiteRunnerWorker.run(SuiteRunnerWorker.java:96)
	at org.testng.TestNG.runSuitesSequentially(TestNG.java:1187)
	at org.testng.TestNG.runSuitesLocally(TestNG.java:1109)
	at org.testng.TestNG.runSuites(TestNG.java:1039)
	at org.testng.TestNG.run(TestNG.java:1007)
	at org.apache.maven.surefire.testng.TestNGExecutor.run(TestNGExecutor.java:283)
	at org.apache.maven.surefire.testng.TestNGXmlTestSuite.execute(TestNGXmlTestSuite.java:75)
	at org.apache.maven.surefire.testng.TestNGProvider.invoke(TestNGProvider.java:120)
	at org.apache.maven.surefire.booter.ForkedBooter.runSuitesInProcess(ForkedBooter.java:377)
	at org.apache.maven.surefire.booter.ForkedBooter.execute(ForkedBooter.java:138)
	at org.apache.maven.surefire.booter.ForkedBooter.run(ForkedBooter.java:465)
	at org.apache.maven.surefire.booter.ForkedBooter.main(ForkedBooter.java:451)
</pre></div></td>
<td>0</td>
<td>com.natasha.applitools.traditionalTests.traditionalTestV2.ShoppingExperienceTest@79ad8b2f</td></tr>
<tr>
<td title='com.natasha.applitools.traditionalTests.traditionalTestV2.ShoppingExperienceTest.checkTwoBlackShoesAreDisplayedWhenFilteredByColourBlack()'><b>checkTwoBlackShoesAreDisplayedWhenFilteredByColourBlack</b><br>Test class: com.natasha.applitools.traditionalTests.traditionalTestV2.ShoppingExperienceTest</td>
<td><div><pre>java.lang.AssertionError: expected [true] but found [false]
	at com.natasha.applitools.traditionalTests.BaseTest.checkNumberOfElementsDisplayed(BaseTest.kt:142)
	at com.natasha.applitools.traditionalTests.traditionalTestV2.ShoppingExperienceTest.checkTwoBlackShoesAreDisplayedWhenFilteredByColourBlack(ShoppingExperienceTest.kt:14)
	at java.base/java.util.ArrayList.forEach(ArrayList.java:1507)
... Removed 35 stack frames</pre></div><a href='#' onClick='toggleBox("stack-trace481610448", this, "Click to show all stack frames", "Click to hide stack frames")'>Click to show all stack frames</a>
<div class='stack-trace' id='stack-trace481610448'><pre>java.lang.AssertionError: expected [true] but found [false]
	at org.testng.Assert.fail(Assert.java:97)
	at org.testng.Assert.failNotEquals(Assert.java:969)
	at org.testng.Assert.assertTrue(Assert.java:43)
	at org.testng.Assert.assertTrue(Assert.java:53)
	at com.natasha.applitools.traditionalTests.BaseTest.checkNumberOfElementsDisplayed(BaseTest.kt:142)
	at com.natasha.applitools.traditionalTests.traditionalTestV2.ShoppingExperienceTest.checkTwoBlackShoesAreDisplayedWhenFilteredByColourBlack(ShoppingExperienceTest.kt:14)
	at java.base/jdk.internal.reflect.NativeMethodAccessorImpl.invoke0(Native Method)
	at java.base/jdk.internal.reflect.NativeMethodAccessorImpl.invoke(NativeMethodAccessorImpl.java:62)
	at java.base/jdk.internal.reflect.DelegatingMethodAccessorImpl.invoke(DelegatingMethodAccessorImpl.java:43)
	at java.base/java.lang.reflect.Method.invoke(Method.java:567)
	at org.testng.internal.MethodInvocationHelper.invokeMethod(MethodInvocationHelper.java:134)
	at org.testng.internal.TestInvoker.invokeMethod(TestInvoker.java:597)
	at org.testng.internal.TestInvoker.invokeTestMethod(TestInvoker.java:173)
	at org.testng.internal.MethodRunner.runInSequence(MethodRunner.java:46)
	at org.testng.internal.TestInvoker$MethodInvocationAgent.invoke(TestInvoker.java:816)
	at org.testng.internal.TestInvoker.invokeTestMethods(TestInvoker.java:146)
	at org.testng.internal.TestMethodWorker.invokeTestMethods(TestMethodWorker.java:146)
	at org.testng.internal.TestMethodWorker.run(TestMethodWorker.java:128)
	at java.base/java.util.ArrayList.forEach(ArrayList.java:1507)
	at org.testng.TestRunner.privateRun(TestRunner.java:766)
	at org.testng.TestRunner.run(TestRunner.java:587)
	at org.testng.SuiteRunner.runTest(SuiteRunner.java:384)
	at org.testng.SuiteRunner.runSequentially(SuiteRunner.java:378)
	at org.testng.SuiteRunner.privateRun(SuiteRunner.java:337)
	at org.testng.SuiteRunner.run(SuiteRunner.java:286)
	at org.testng.SuiteRunnerWorker.runSuite(SuiteRunnerWorker.java:53)
	at org.testng.SuiteRunnerWorker.run(SuiteRunnerWorker.java:96)
	at org.testng.TestNG.runSuitesSequentially(TestNG.java:1187)
	at org.testng.TestNG.runSuitesLocally(TestNG.java:1109)
	at org.testng.TestNG.runSuites(TestNG.java:1039)
	at org.testng.TestNG.run(TestNG.java:1007)
	at org.apache.maven.surefire.testng.TestNGExecutor.run(TestNGExecutor.java:283)
	at org.apache.maven.surefire.testng.TestNGXmlTestSuite.execute(TestNGXmlTestSuite.java:75)
	at org.apache.maven.surefire.testng.TestNGProvider.invoke(TestNGProvider.java:120)
	at org.apache.maven.surefire.booter.ForkedBooter.runSuitesInProcess(ForkedBooter.java:377)
	at org.apache.maven.surefire.booter.ForkedBooter.execute(ForkedBooter.java:138)
	at org.apache.maven.surefire.booter.ForkedBooter.run(ForkedBooter.java:465)
	at org.apache.maven.surefire.booter.ForkedBooter.main(ForkedBooter.java:451)
</pre></div></td>
<td>0</td>
<td>com.natasha.applitools.traditionalTests.traditionalTestV2.ShoppingExperienceTest@7fc2413d</td></tr>
<tr>
<td title='com.natasha.applitools.traditionalTests.traditionalTestV2.ShoppingExperienceTest.checkTwoBlackShoesAreDisplayedWhenFilteredByColourBlack()'><b>checkTwoBlackShoesAreDisplayedWhenFilteredByColourBlack</b><br>Test class: com.natasha.applitools.traditionalTests.traditionalTestV2.ShoppingExperienceTest</td>
<td><div><pre>java.lang.AssertionError: expected [true] but found [false]
	at com.natasha.applitools.traditionalTests.BaseTest.checkNumberOfElementsDisplayed(BaseTest.kt:142)
	at com.natasha.applitools.traditionalTests.traditionalTestV2.ShoppingExperienceTest.checkTwoBlackShoesAreDisplayedWhenFilteredByColourBlack(ShoppingExperienceTest.kt:14)
	at java.base/java.util.ArrayList.forEach(ArrayList.java:1507)
... Removed 35 stack frames</pre></div><a href='#' onClick='toggleBox("stack-trace54214215", this, "Click to show all stack frames", "Click to hide stack frames")'>Click to show all stack frames</a>
<div class='stack-trace' id='stack-trace54214215'><pre>java.lang.AssertionError: expected [true] but found [false]
	at org.testng.Assert.fail(Assert.java:97)
	at org.testng.Assert.failNotEquals(Assert.java:969)
	at org.testng.Assert.assertTrue(Assert.java:43)
	at org.testng.Assert.assertTrue(Assert.java:53)
	at com.natasha.applitools.traditionalTests.BaseTest.checkNumberOfElementsDisplayed(BaseTest.kt:142)
	at com.natasha.applitools.traditionalTests.traditionalTestV2.ShoppingExperienceTest.checkTwoBlackShoesAreDisplayedWhenFilteredByColourBlack(ShoppingExperienceTest.kt:14)
	at java.base/jdk.internal.reflect.NativeMethodAccessorImpl.invoke0(Native Method)
	at java.base/jdk.internal.reflect.NativeMethodAccessorImpl.invoke(NativeMethodAccessorImpl.java:62)
	at java.base/jdk.internal.reflect.DelegatingMethodAccessorImpl.invoke(DelegatingMethodAccessorImpl.java:43)
	at java.base/java.lang.reflect.Method.invoke(Method.java:567)
	at org.testng.internal.MethodInvocationHelper.invokeMethod(MethodInvocationHelper.java:134)
	at org.testng.internal.TestInvoker.invokeMethod(TestInvoker.java:597)
	at org.testng.internal.TestInvoker.invokeTestMethod(TestInvoker.java:173)
	at org.testng.internal.MethodRunner.runInSequence(MethodRunner.java:46)
	at org.testng.internal.TestInvoker$MethodInvocationAgent.invoke(TestInvoker.java:816)
	at org.testng.internal.TestInvoker.invokeTestMethods(TestInvoker.java:146)
	at org.testng.internal.TestMethodWorker.invokeTestMethods(TestMethodWorker.java:146)
	at org.testng.internal.TestMethodWorker.run(TestMethodWorker.java:128)
	at java.base/java.util.ArrayList.forEach(ArrayList.java:1507)
	at org.testng.TestRunner.privateRun(TestRunner.java:766)
	at org.testng.TestRunner.run(TestRunner.java:587)
	at org.testng.SuiteRunner.runTest(SuiteRunner.java:384)
	at org.testng.SuiteRunner.runSequentially(SuiteRunner.java:378)
	at org.testng.SuiteRunner.privateRun(SuiteRunner.java:337)
	at org.testng.SuiteRunner.run(SuiteRunner.java:286)
	at org.testng.SuiteRunnerWorker.runSuite(SuiteRunnerWorker.java:53)
	at org.testng.SuiteRunnerWorker.run(SuiteRunnerWorker.java:96)
	at org.testng.TestNG.runSuitesSequentially(TestNG.java:1187)
	at org.testng.TestNG.runSuitesLocally(TestNG.java:1109)
	at org.testng.TestNG.runSuites(TestNG.java:1039)
	at org.testng.TestNG.run(TestNG.java:1007)
	at org.apache.maven.surefire.testng.TestNGExecutor.run(TestNGExecutor.java:283)
	at org.apache.maven.surefire.testng.TestNGXmlTestSuite.execute(TestNGXmlTestSuite.java:75)
	at org.apache.maven.surefire.testng.TestNGProvider.invoke(TestNGProvider.java:120)
	at org.apache.maven.surefire.booter.ForkedBooter.runSuitesInProcess(ForkedBooter.java:377)
	at org.apache.maven.surefire.booter.ForkedBooter.execute(ForkedBooter.java:138)
	at org.apache.maven.surefire.booter.ForkedBooter.run(ForkedBooter.java:465)
	at org.apache.maven.surefire.booter.ForkedBooter.main(ForkedBooter.java:451)
</pre></div></td>
<td>1</td>
<td>com.natasha.applitools.traditionalTests.traditionalTestV2.ShoppingExperienceTest@7d3a22a9</td></tr>
<tr>
<td title='com.natasha.applitools.traditionalTests.traditionalTestV2.ShoppingExperienceTest.checkTwoBlackShoesAreDisplayedWhenFilteredByColourBlack()'><b>checkTwoBlackShoesAreDisplayedWhenFilteredByColourBlack</b><br>Test class: com.natasha.applitools.traditionalTests.traditionalTestV2.ShoppingExperienceTest</td>
<td><div><pre>java.lang.AssertionError: expected [true] but found [false]
	at com.natasha.applitools.traditionalTests.BaseTest.checkNumberOfElementsDisplayed(BaseTest.kt:142)
	at com.natasha.applitools.traditionalTests.traditionalTestV2.ShoppingExperienceTest.checkTwoBlackShoesAreDisplayedWhenFilteredByColourBlack(ShoppingExperienceTest.kt:14)
	at java.base/java.util.ArrayList.forEach(ArrayList.java:1507)
... Removed 35 stack frames</pre></div><a href='#' onClick='toggleBox("stack-trace1396472402", this, "Click to show all stack frames", "Click to hide stack frames")'>Click to show all stack frames</a>
<div class='stack-trace' id='stack-trace1396472402'><pre>java.lang.AssertionError: expected [true] but found [false]
	at org.testng.Assert.fail(Assert.java:97)
	at org.testng.Assert.failNotEquals(Assert.java:969)
	at org.testng.Assert.assertTrue(Assert.java:43)
	at org.testng.Assert.assertTrue(Assert.java:53)
	at com.natasha.applitools.traditionalTests.BaseTest.checkNumberOfElementsDisplayed(BaseTest.kt:142)
	at com.natasha.applitools.traditionalTests.traditionalTestV2.ShoppingExperienceTest.checkTwoBlackShoesAreDisplayedWhenFilteredByColourBlack(ShoppingExperienceTest.kt:14)
	at java.base/jdk.internal.reflect.NativeMethodAccessorImpl.invoke0(Native Method)
	at java.base/jdk.internal.reflect.NativeMethodAccessorImpl.invoke(NativeMethodAccessorImpl.java:62)
	at java.base/jdk.internal.reflect.DelegatingMethodAccessorImpl.invoke(DelegatingMethodAccessorImpl.java:43)
	at java.base/java.lang.reflect.Method.invoke(Method.java:567)
	at org.testng.internal.MethodInvocationHelper.invokeMethod(MethodInvocationHelper.java:134)
	at org.testng.internal.TestInvoker.invokeMethod(TestInvoker.java:597)
	at org.testng.internal.TestInvoker.invokeTestMethod(TestInvoker.java:173)
	at org.testng.internal.MethodRunner.runInSequence(MethodRunner.java:46)
	at org.testng.internal.TestInvoker$MethodInvocationAgent.invoke(TestInvoker.java:816)
	at org.testng.internal.TestInvoker.invokeTestMethods(TestInvoker.java:146)
	at org.testng.internal.TestMethodWorker.invokeTestMethods(TestMethodWorker.java:146)
	at org.testng.internal.TestMethodWorker.run(TestMethodWorker.java:128)
	at java.base/java.util.ArrayList.forEach(ArrayList.java:1507)
	at org.testng.TestRunner.privateRun(TestRunner.java:766)
	at org.testng.TestRunner.run(TestRunner.java:587)
	at org.testng.SuiteRunner.runTest(SuiteRunner.java:384)
	at org.testng.SuiteRunner.runSequentially(SuiteRunner.java:378)
	at org.testng.SuiteRunner.privateRun(SuiteRunner.java:337)
	at org.testng.SuiteRunner.run(SuiteRunner.java:286)
	at org.testng.SuiteRunnerWorker.runSuite(SuiteRunnerWorker.java:53)
	at org.testng.SuiteRunnerWorker.run(SuiteRunnerWorker.java:96)
	at org.testng.TestNG.runSuitesSequentially(TestNG.java:1187)
	at org.testng.TestNG.runSuitesLocally(TestNG.java:1109)
	at org.testng.TestNG.runSuites(TestNG.java:1039)
	at org.testng.TestNG.run(TestNG.java:1007)
	at org.apache.maven.surefire.testng.TestNGExecutor.run(TestNGExecutor.java:283)
	at org.apache.maven.surefire.testng.TestNGXmlTestSuite.execute(TestNGXmlTestSuite.java:75)
	at org.apache.maven.surefire.testng.TestNGProvider.invoke(TestNGProvider.java:120)
	at org.apache.maven.surefire.booter.ForkedBooter.runSuitesInProcess(ForkedBooter.java:377)
	at org.apache.maven.surefire.booter.ForkedBooter.execute(ForkedBooter.java:138)
	at org.apache.maven.surefire.booter.ForkedBooter.run(ForkedBooter.java:465)
	at org.apache.maven.surefire.booter.ForkedBooter.main(ForkedBooter.java:451)
</pre></div></td>
<td>0</td>
<td>com.natasha.applitools.traditionalTests.traditionalTestV2.ShoppingExperienceTest@43ee72e6</td></tr>
<tr>
<td title='com.natasha.applitools.traditionalTests.traditionalTestV2.CrossDeviceElementTest.checkViewByGridButtonIsDisplayedOnDesktop()'><b>checkViewByGridButtonIsDisplayedOnDesktop</b><br>Test class: com.natasha.applitools.traditionalTests.traditionalTestV2.CrossDeviceElementTest</td>
<td><div><pre>java.lang.AssertionError: expected [true] but found [false]
	at com.natasha.applitools.traditionalTests.BaseTest.checkIsNotDisplayed(BaseTest.kt:132)
	at com.natasha.applitools.traditionalTests.traditionalTestV2.CrossDeviceElementTest.checkViewByGridButtonIsDisplayedOnDesktop(CrossDeviceElementTest.kt:121)
	at java.base/java.util.ArrayList.forEach(ArrayList.java:1507)
... Removed 35 stack frames</pre></div><a href='#' onClick='toggleBox("stack-trace72521703", this, "Click to show all stack frames", "Click to hide stack frames")'>Click to show all stack frames</a>
<div class='stack-trace' id='stack-trace72521703'><pre>java.lang.AssertionError: expected [true] but found [false]
	at org.testng.Assert.fail(Assert.java:97)
	at org.testng.Assert.failNotEquals(Assert.java:969)
	at org.testng.Assert.assertTrue(Assert.java:43)
	at org.testng.Assert.assertTrue(Assert.java:53)
	at com.natasha.applitools.traditionalTests.BaseTest.checkIsNotDisplayed(BaseTest.kt:132)
	at com.natasha.applitools.traditionalTests.traditionalTestV2.CrossDeviceElementTest.checkViewByGridButtonIsDisplayedOnDesktop(CrossDeviceElementTest.kt:121)
	at java.base/jdk.internal.reflect.NativeMethodAccessorImpl.invoke0(Native Method)
	at java.base/jdk.internal.reflect.NativeMethodAccessorImpl.invoke(NativeMethodAccessorImpl.java:62)
	at java.base/jdk.internal.reflect.DelegatingMethodAccessorImpl.invoke(DelegatingMethodAccessorImpl.java:43)
	at java.base/java.lang.reflect.Method.invoke(Method.java:567)
	at org.testng.internal.MethodInvocationHelper.invokeMethod(MethodInvocationHelper.java:134)
	at org.testng.internal.TestInvoker.invokeMethod(TestInvoker.java:597)
	at org.testng.internal.TestInvoker.invokeTestMethod(TestInvoker.java:173)
	at org.testng.internal.MethodRunner.runInSequence(MethodRunner.java:46)
	at org.testng.internal.TestInvoker$MethodInvocationAgent.invoke(TestInvoker.java:816)
	at org.testng.internal.TestInvoker.invokeTestMethods(TestInvoker.java:146)
	at org.testng.internal.TestMethodWorker.invokeTestMethods(TestMethodWorker.java:146)
	at org.testng.internal.TestMethodWorker.run(TestMethodWorker.java:128)
	at java.base/java.util.ArrayList.forEach(ArrayList.java:1507)
	at org.testng.TestRunner.privateRun(TestRunner.java:766)
	at org.testng.TestRunner.run(TestRunner.java:587)
	at org.testng.SuiteRunner.runTest(SuiteRunner.java:384)
	at org.testng.SuiteRunner.runSequentially(SuiteRunner.java:378)
	at org.testng.SuiteRunner.privateRun(SuiteRunner.java:337)
	at org.testng.SuiteRunner.run(SuiteRunner.java:286)
	at org.testng.SuiteRunnerWorker.runSuite(SuiteRunnerWorker.java:53)
	at org.testng.SuiteRunnerWorker.run(SuiteRunnerWorker.java:96)
	at org.testng.TestNG.runSuitesSequentially(TestNG.java:1187)
	at org.testng.TestNG.runSuitesLocally(TestNG.java:1109)
	at org.testng.TestNG.runSuites(TestNG.java:1039)
	at org.testng.TestNG.run(TestNG.java:1007)
	at org.apache.maven.surefire.testng.TestNGExecutor.run(TestNGExecutor.java:283)
	at org.apache.maven.surefire.testng.TestNGXmlTestSuite.execute(TestNGXmlTestSuite.java:75)
	at org.apache.maven.surefire.testng.TestNGProvider.invoke(TestNGProvider.java:120)
	at org.apache.maven.surefire.booter.ForkedBooter.runSuitesInProcess(ForkedBooter.java:377)
	at org.apache.maven.surefire.booter.ForkedBooter.execute(ForkedBooter.java:138)
	at org.apache.maven.surefire.booter.ForkedBooter.run(ForkedBooter.java:465)
	at org.apache.maven.surefire.booter.ForkedBooter.main(ForkedBooter.java:451)
</pre></div></td>
<td>0</td>
<td>com.natasha.applitools.traditionalTests.traditionalTestV2.CrossDeviceElementTest@1d76aeea</td></tr>
<tr>
<td title='com.natasha.applitools.traditionalTests.traditionalTestV2.CrossDeviceElementTest.checkViewByGridButtonIsDisplayedOnDesktop()'><b>checkViewByGridButtonIsDisplayedOnDesktop</b><br>Test class: com.natasha.applitools.traditionalTests.traditionalTestV2.CrossDeviceElementTest</td>
<td><div><pre>java.lang.AssertionError: expected [true] but found [false]
	at com.natasha.applitools.traditionalTests.BaseTest.checkIsNotDisplayed(BaseTest.kt:132)
	at com.natasha.applitools.traditionalTests.traditionalTestV2.CrossDeviceElementTest.checkViewByGridButtonIsDisplayedOnDesktop(CrossDeviceElementTest.kt:121)
	at java.base/java.util.ArrayList.forEach(ArrayList.java:1507)
... Removed 35 stack frames</pre></div><a href='#' onClick='toggleBox("stack-trace386284594", this, "Click to show all stack frames", "Click to hide stack frames")'>Click to show all stack frames</a>
<div class='stack-trace' id='stack-trace386284594'><pre>java.lang.AssertionError: expected [true] but found [false]
	at org.testng.Assert.fail(Assert.java:97)
	at org.testng.Assert.failNotEquals(Assert.java:969)
	at org.testng.Assert.assertTrue(Assert.java:43)
	at org.testng.Assert.assertTrue(Assert.java:53)
	at com.natasha.applitools.traditionalTests.BaseTest.checkIsNotDisplayed(BaseTest.kt:132)
	at com.natasha.applitools.traditionalTests.traditionalTestV2.CrossDeviceElementTest.checkViewByGridButtonIsDisplayedOnDesktop(CrossDeviceElementTest.kt:121)
	at java.base/jdk.internal.reflect.NativeMethodAccessorImpl.invoke0(Native Method)
	at java.base/jdk.internal.reflect.NativeMethodAccessorImpl.invoke(NativeMethodAccessorImpl.java:62)
	at java.base/jdk.internal.reflect.DelegatingMethodAccessorImpl.invoke(DelegatingMethodAccessorImpl.java:43)
	at java.base/java.lang.reflect.Method.invoke(Method.java:567)
	at org.testng.internal.MethodInvocationHelper.invokeMethod(MethodInvocationHelper.java:134)
	at org.testng.internal.TestInvoker.invokeMethod(TestInvoker.java:597)
	at org.testng.internal.TestInvoker.invokeTestMethod(TestInvoker.java:173)
	at org.testng.internal.MethodRunner.runInSequence(MethodRunner.java:46)
	at org.testng.internal.TestInvoker$MethodInvocationAgent.invoke(TestInvoker.java:816)
	at org.testng.internal.TestInvoker.invokeTestMethods(TestInvoker.java:146)
	at org.testng.internal.TestMethodWorker.invokeTestMethods(TestMethodWorker.java:146)
	at org.testng.internal.TestMethodWorker.run(TestMethodWorker.java:128)
	at java.base/java.util.ArrayList.forEach(ArrayList.java:1507)
	at org.testng.TestRunner.privateRun(TestRunner.java:766)
	at org.testng.TestRunner.run(TestRunner.java:587)
	at org.testng.SuiteRunner.runTest(SuiteRunner.java:384)
	at org.testng.SuiteRunner.runSequentially(SuiteRunner.java:378)
	at org.testng.SuiteRunner.privateRun(SuiteRunner.java:337)
	at org.testng.SuiteRunner.run(SuiteRunner.java:286)
	at org.testng.SuiteRunnerWorker.runSuite(SuiteRunnerWorker.java:53)
	at org.testng.SuiteRunnerWorker.run(SuiteRunnerWorker.java:96)
	at org.testng.TestNG.runSuitesSequentially(TestNG.java:1187)
	at org.testng.TestNG.runSuitesLocally(TestNG.java:1109)
	at org.testng.TestNG.runSuites(TestNG.java:1039)
	at org.testng.TestNG.run(TestNG.java:1007)
	at org.apache.maven.surefire.testng.TestNGExecutor.run(TestNGExecutor.java:283)
	at org.apache.maven.surefire.testng.TestNGXmlTestSuite.execute(TestNGXmlTestSuite.java:75)
	at org.apache.maven.surefire.testng.TestNGProvider.invoke(TestNGProvider.java:120)
	at org.apache.maven.surefire.booter.ForkedBooter.runSuitesInProcess(ForkedBooter.java:377)
	at org.apache.maven.surefire.booter.ForkedBooter.execute(ForkedBooter.java:138)
	at org.apache.maven.surefire.booter.ForkedBooter.run(ForkedBooter.java:465)
	at org.apache.maven.surefire.booter.ForkedBooter.main(ForkedBooter.java:451)
</pre></div></td>
<td>0</td>
<td>com.natasha.applitools.traditionalTests.traditionalTestV2.CrossDeviceElementTest@402e37bc</td></tr>
<tr>
<td title='com.natasha.applitools.traditionalTests.traditionalTestV2.CrossDeviceElementTest.checkViewByGridButtonIsDisplayedOnDesktop()'><b>checkViewByGridButtonIsDisplayedOnDesktop</b><br>Test class: com.natasha.applitools.traditionalTests.traditionalTestV2.CrossDeviceElementTest</td>
<td><div><pre>java.lang.AssertionError: expected [true] but found [false]
	at com.natasha.applitools.traditionalTests.BaseTest.checkIsNotDisplayed(BaseTest.kt:132)
	at com.natasha.applitools.traditionalTests.traditionalTestV2.CrossDeviceElementTest.checkViewByGridButtonIsDisplayedOnDesktop(CrossDeviceElementTest.kt:121)
	at java.base/java.util.ArrayList.forEach(ArrayList.java:1507)
... Removed 35 stack frames</pre></div><a href='#' onClick='toggleBox("stack-trace221458108", this, "Click to show all stack frames", "Click to hide stack frames")'>Click to show all stack frames</a>
<div class='stack-trace' id='stack-trace221458108'><pre>java.lang.AssertionError: expected [true] but found [false]
	at org.testng.Assert.fail(Assert.java:97)
	at org.testng.Assert.failNotEquals(Assert.java:969)
	at org.testng.Assert.assertTrue(Assert.java:43)
	at org.testng.Assert.assertTrue(Assert.java:53)
	at com.natasha.applitools.traditionalTests.BaseTest.checkIsNotDisplayed(BaseTest.kt:132)
	at com.natasha.applitools.traditionalTests.traditionalTestV2.CrossDeviceElementTest.checkViewByGridButtonIsDisplayedOnDesktop(CrossDeviceElementTest.kt:121)
	at java.base/jdk.internal.reflect.NativeMethodAccessorImpl.invoke0(Native Method)
	at java.base/jdk.internal.reflect.NativeMethodAccessorImpl.invoke(NativeMethodAccessorImpl.java:62)
	at java.base/jdk.internal.reflect.DelegatingMethodAccessorImpl.invoke(DelegatingMethodAccessorImpl.java:43)
	at java.base/java.lang.reflect.Method.invoke(Method.java:567)
	at org.testng.internal.MethodInvocationHelper.invokeMethod(MethodInvocationHelper.java:134)
	at org.testng.internal.TestInvoker.invokeMethod(TestInvoker.java:597)
	at org.testng.internal.TestInvoker.invokeTestMethod(TestInvoker.java:173)
	at org.testng.internal.MethodRunner.runInSequence(MethodRunner.java:46)
	at org.testng.internal.TestInvoker$MethodInvocationAgent.invoke(TestInvoker.java:816)
	at org.testng.internal.TestInvoker.invokeTestMethods(TestInvoker.java:146)
	at org.testng.internal.TestMethodWorker.invokeTestMethods(TestMethodWorker.java:146)
	at org.testng.internal.TestMethodWorker.run(TestMethodWorker.java:128)
	at java.base/java.util.ArrayList.forEach(ArrayList.java:1507)
	at org.testng.TestRunner.privateRun(TestRunner.java:766)
	at org.testng.TestRunner.run(TestRunner.java:587)
	at org.testng.SuiteRunner.runTest(SuiteRunner.java:384)
	at org.testng.SuiteRunner.runSequentially(SuiteRunner.java:378)
	at org.testng.SuiteRunner.privateRun(SuiteRunner.java:337)
	at org.testng.SuiteRunner.run(SuiteRunner.java:286)
	at org.testng.SuiteRunnerWorker.runSuite(SuiteRunnerWorker.java:53)
	at org.testng.SuiteRunnerWorker.run(SuiteRunnerWorker.java:96)
	at org.testng.TestNG.runSuitesSequentially(TestNG.java:1187)
	at org.testng.TestNG.runSuitesLocally(TestNG.java:1109)
	at org.testng.TestNG.runSuites(TestNG.java:1039)
	at org.testng.TestNG.run(TestNG.java:1007)
	at org.apache.maven.surefire.testng.TestNGExecutor.run(TestNGExecutor.java:283)
	at org.apache.maven.surefire.testng.TestNGXmlTestSuite.execute(TestNGXmlTestSuite.java:75)
	at org.apache.maven.surefire.testng.TestNGProvider.invoke(TestNGProvider.java:120)
	at org.apache.maven.surefire.booter.ForkedBooter.runSuitesInProcess(ForkedBooter.java:377)
	at org.apache.maven.surefire.booter.ForkedBooter.execute(ForkedBooter.java:138)
	at org.apache.maven.surefire.booter.ForkedBooter.run(ForkedBooter.java:465)
	at org.apache.maven.surefire.booter.ForkedBooter.main(ForkedBooter.java:451)
</pre></div></td>
<td>0</td>
<td>com.natasha.applitools.traditionalTests.traditionalTestV2.CrossDeviceElementTest@1e730495</td></tr>
<tr>
<td title='com.natasha.applitools.traditionalTests.traditionalTestV2.CrossDeviceElementTest.checkViewByListButtonIsDisplayedOnDesktop()'><b>checkViewByListButtonIsDisplayedOnDesktop</b><br>Test class: com.natasha.applitools.traditionalTests.traditionalTestV2.CrossDeviceElementTest</td>
<td><div><pre>java.lang.AssertionError: expected [true] but found [false]
	at com.natasha.applitools.traditionalTests.BaseTest.checkIsNotDisplayed(BaseTest.kt:132)
	at com.natasha.applitools.traditionalTests.traditionalTestV2.CrossDeviceElementTest.checkViewByListButtonIsDisplayedOnDesktop(CrossDeviceElementTest.kt:134)
	at java.base/java.util.ArrayList.forEach(ArrayList.java:1507)
... Removed 35 stack frames</pre></div><a href='#' onClick='toggleBox("stack-trace614716436", this, "Click to show all stack frames", "Click to hide stack frames")'>Click to show all stack frames</a>
<div class='stack-trace' id='stack-trace614716436'><pre>java.lang.AssertionError: expected [true] but found [false]
	at org.testng.Assert.fail(Assert.java:97)
	at org.testng.Assert.failNotEquals(Assert.java:969)
	at org.testng.Assert.assertTrue(Assert.java:43)
	at org.testng.Assert.assertTrue(Assert.java:53)
	at com.natasha.applitools.traditionalTests.BaseTest.checkIsNotDisplayed(BaseTest.kt:132)
	at com.natasha.applitools.traditionalTests.traditionalTestV2.CrossDeviceElementTest.checkViewByListButtonIsDisplayedOnDesktop(CrossDeviceElementTest.kt:134)
	at java.base/jdk.internal.reflect.NativeMethodAccessorImpl.invoke0(Native Method)
	at java.base/jdk.internal.reflect.NativeMethodAccessorImpl.invoke(NativeMethodAccessorImpl.java:62)
	at java.base/jdk.internal.reflect.DelegatingMethodAccessorImpl.invoke(DelegatingMethodAccessorImpl.java:43)
	at java.base/java.lang.reflect.Method.invoke(Method.java:567)
	at org.testng.internal.MethodInvocationHelper.invokeMethod(MethodInvocationHelper.java:134)
	at org.testng.internal.TestInvoker.invokeMethod(TestInvoker.java:597)
	at org.testng.internal.TestInvoker.invokeTestMethod(TestInvoker.java:173)
	at org.testng.internal.MethodRunner.runInSequence(MethodRunner.java:46)
	at org.testng.internal.TestInvoker$MethodInvocationAgent.invoke(TestInvoker.java:816)
	at org.testng.internal.TestInvoker.invokeTestMethods(TestInvoker.java:146)
	at org.testng.internal.TestMethodWorker.invokeTestMethods(TestMethodWorker.java:146)
	at org.testng.internal.TestMethodWorker.run(TestMethodWorker.java:128)
	at java.base/java.util.ArrayList.forEach(ArrayList.java:1507)
	at org.testng.TestRunner.privateRun(TestRunner.java:766)
	at org.testng.TestRunner.run(TestRunner.java:587)
	at org.testng.SuiteRunner.runTest(SuiteRunner.java:384)
	at org.testng.SuiteRunner.runSequentially(SuiteRunner.java:378)
	at org.testng.SuiteRunner.privateRun(SuiteRunner.java:337)
	at org.testng.SuiteRunner.run(SuiteRunner.java:286)
	at org.testng.SuiteRunnerWorker.runSuite(SuiteRunnerWorker.java:53)
	at org.testng.SuiteRunnerWorker.run(SuiteRunnerWorker.java:96)
	at org.testng.TestNG.runSuitesSequentially(TestNG.java:1187)
	at org.testng.TestNG.runSuitesLocally(TestNG.java:1109)
	at org.testng.TestNG.runSuites(TestNG.java:1039)
	at org.testng.TestNG.run(TestNG.java:1007)
	at org.apache.maven.surefire.testng.TestNGExecutor.run(TestNGExecutor.java:283)
	at org.apache.maven.surefire.testng.TestNGXmlTestSuite.execute(TestNGXmlTestSuite.java:75)
	at org.apache.maven.surefire.testng.TestNGProvider.invoke(TestNGProvider.java:120)
	at org.apache.maven.surefire.booter.ForkedBooter.runSuitesInProcess(ForkedBooter.java:377)
	at org.apache.maven.surefire.booter.ForkedBooter.execute(ForkedBooter.java:138)
	at org.apache.maven.surefire.booter.ForkedBooter.run(ForkedBooter.java:465)
	at org.apache.maven.surefire.booter.ForkedBooter.main(ForkedBooter.java:451)
</pre></div></td>
<td>0</td>
<td>com.natasha.applitools.traditionalTests.traditionalTestV2.CrossDeviceElementTest@1d76aeea</td></tr>
<tr>
<td title='com.natasha.applitools.traditionalTests.traditionalTestV2.CrossDeviceElementTest.checkViewByListButtonIsDisplayedOnDesktop()'><b>checkViewByListButtonIsDisplayedOnDesktop</b><br>Test class: com.natasha.applitools.traditionalTests.traditionalTestV2.CrossDeviceElementTest</td>
<td><div><pre>java.lang.AssertionError: expected [true] but found [false]
	at com.natasha.applitools.traditionalTests.BaseTest.checkIsNotDisplayed(BaseTest.kt:132)
	at com.natasha.applitools.traditionalTests.traditionalTestV2.CrossDeviceElementTest.checkViewByListButtonIsDisplayedOnDesktop(CrossDeviceElementTest.kt:134)
	at java.base/java.util.ArrayList.forEach(ArrayList.java:1507)
... Removed 35 stack frames</pre></div><a href='#' onClick='toggleBox("stack-trace888980963", this, "Click to show all stack frames", "Click to hide stack frames")'>Click to show all stack frames</a>
<div class='stack-trace' id='stack-trace888980963'><pre>java.lang.AssertionError: expected [true] but found [false]
	at org.testng.Assert.fail(Assert.java:97)
	at org.testng.Assert.failNotEquals(Assert.java:969)
	at org.testng.Assert.assertTrue(Assert.java:43)
	at org.testng.Assert.assertTrue(Assert.java:53)
	at com.natasha.applitools.traditionalTests.BaseTest.checkIsNotDisplayed(BaseTest.kt:132)
	at com.natasha.applitools.traditionalTests.traditionalTestV2.CrossDeviceElementTest.checkViewByListButtonIsDisplayedOnDesktop(CrossDeviceElementTest.kt:134)
	at java.base/jdk.internal.reflect.NativeMethodAccessorImpl.invoke0(Native Method)
	at java.base/jdk.internal.reflect.NativeMethodAccessorImpl.invoke(NativeMethodAccessorImpl.java:62)
	at java.base/jdk.internal.reflect.DelegatingMethodAccessorImpl.invoke(DelegatingMethodAccessorImpl.java:43)
	at java.base/java.lang.reflect.Method.invoke(Method.java:567)
	at org.testng.internal.MethodInvocationHelper.invokeMethod(MethodInvocationHelper.java:134)
	at org.testng.internal.TestInvoker.invokeMethod(TestInvoker.java:597)
	at org.testng.internal.TestInvoker.invokeTestMethod(TestInvoker.java:173)
	at org.testng.internal.MethodRunner.runInSequence(MethodRunner.java:46)
	at org.testng.internal.TestInvoker$MethodInvocationAgent.invoke(TestInvoker.java:816)
	at org.testng.internal.TestInvoker.invokeTestMethods(TestInvoker.java:146)
	at org.testng.internal.TestMethodWorker.invokeTestMethods(TestMethodWorker.java:146)
	at org.testng.internal.TestMethodWorker.run(TestMethodWorker.java:128)
	at java.base/java.util.ArrayList.forEach(ArrayList.java:1507)
	at org.testng.TestRunner.privateRun(TestRunner.java:766)
	at org.testng.TestRunner.run(TestRunner.java:587)
	at org.testng.SuiteRunner.runTest(SuiteRunner.java:384)
	at org.testng.SuiteRunner.runSequentially(SuiteRunner.java:378)
	at org.testng.SuiteRunner.privateRun(SuiteRunner.java:337)
	at org.testng.SuiteRunner.run(SuiteRunner.java:286)
	at org.testng.SuiteRunnerWorker.runSuite(SuiteRunnerWorker.java:53)
	at org.testng.SuiteRunnerWorker.run(SuiteRunnerWorker.java:96)
	at org.testng.TestNG.runSuitesSequentially(TestNG.java:1187)
	at org.testng.TestNG.runSuitesLocally(TestNG.java:1109)
	at org.testng.TestNG.runSuites(TestNG.java:1039)
	at org.testng.TestNG.run(TestNG.java:1007)
	at org.apache.maven.surefire.testng.TestNGExecutor.run(TestNGExecutor.java:283)
	at org.apache.maven.surefire.testng.TestNGXmlTestSuite.execute(TestNGXmlTestSuite.java:75)
	at org.apache.maven.surefire.testng.TestNGProvider.invoke(TestNGProvider.java:120)
	at org.apache.maven.surefire.booter.ForkedBooter.runSuitesInProcess(ForkedBooter.java:377)
	at org.apache.maven.surefire.booter.ForkedBooter.execute(ForkedBooter.java:138)
	at org.apache.maven.surefire.booter.ForkedBooter.run(ForkedBooter.java:465)
	at org.apache.maven.surefire.booter.ForkedBooter.main(ForkedBooter.java:451)
</pre></div></td>
<td>0</td>
<td>com.natasha.applitools.traditionalTests.traditionalTestV2.CrossDeviceElementTest@402e37bc</td></tr>
<tr>
<td title='com.natasha.applitools.traditionalTests.traditionalTestV2.CrossDeviceElementTest.checkViewByListButtonIsDisplayedOnDesktop()'><b>checkViewByListButtonIsDisplayedOnDesktop</b><br>Test class: com.natasha.applitools.traditionalTests.traditionalTestV2.CrossDeviceElementTest</td>
<td><div><pre>java.lang.AssertionError: expected [true] but found [false]
	at com.natasha.applitools.traditionalTests.BaseTest.checkIsNotDisplayed(BaseTest.kt:132)
	at com.natasha.applitools.traditionalTests.traditionalTestV2.CrossDeviceElementTest.checkViewByListButtonIsDisplayedOnDesktop(CrossDeviceElementTest.kt:134)
	at java.base/java.util.ArrayList.forEach(ArrayList.java:1507)
... Removed 35 stack frames</pre></div><a href='#' onClick='toggleBox("stack-trace44870879", this, "Click to show all stack frames", "Click to hide stack frames")'>Click to show all stack frames</a>
<div class='stack-trace' id='stack-trace44870879'><pre>java.lang.AssertionError: expected [true] but found [false]
	at org.testng.Assert.fail(Assert.java:97)
	at org.testng.Assert.failNotEquals(Assert.java:969)
	at org.testng.Assert.assertTrue(Assert.java:43)
	at org.testng.Assert.assertTrue(Assert.java:53)
	at com.natasha.applitools.traditionalTests.BaseTest.checkIsNotDisplayed(BaseTest.kt:132)
	at com.natasha.applitools.traditionalTests.traditionalTestV2.CrossDeviceElementTest.checkViewByListButtonIsDisplayedOnDesktop(CrossDeviceElementTest.kt:134)
	at java.base/jdk.internal.reflect.NativeMethodAccessorImpl.invoke0(Native Method)
	at java.base/jdk.internal.reflect.NativeMethodAccessorImpl.invoke(NativeMethodAccessorImpl.java:62)
	at java.base/jdk.internal.reflect.DelegatingMethodAccessorImpl.invoke(DelegatingMethodAccessorImpl.java:43)
	at java.base/java.lang.reflect.Method.invoke(Method.java:567)
	at org.testng.internal.MethodInvocationHelper.invokeMethod(MethodInvocationHelper.java:134)
	at org.testng.internal.TestInvoker.invokeMethod(TestInvoker.java:597)
	at org.testng.internal.TestInvoker.invokeTestMethod(TestInvoker.java:173)
	at org.testng.internal.MethodRunner.runInSequence(MethodRunner.java:46)
	at org.testng.internal.TestInvoker$MethodInvocationAgent.invoke(TestInvoker.java:816)
	at org.testng.internal.TestInvoker.invokeTestMethods(TestInvoker.java:146)
	at org.testng.internal.TestMethodWorker.invokeTestMethods(TestMethodWorker.java:146)
	at org.testng.internal.TestMethodWorker.run(TestMethodWorker.java:128)
	at java.base/java.util.ArrayList.forEach(ArrayList.java:1507)
	at org.testng.TestRunner.privateRun(TestRunner.java:766)
	at org.testng.TestRunner.run(TestRunner.java:587)
	at org.testng.SuiteRunner.runTest(SuiteRunner.java:384)
	at org.testng.SuiteRunner.runSequentially(SuiteRunner.java:378)
	at org.testng.SuiteRunner.privateRun(SuiteRunner.java:337)
	at org.testng.SuiteRunner.run(SuiteRunner.java:286)
	at org.testng.SuiteRunnerWorker.runSuite(SuiteRunnerWorker.java:53)
	at org.testng.SuiteRunnerWorker.run(SuiteRunnerWorker.java:96)
	at org.testng.TestNG.runSuitesSequentially(TestNG.java:1187)
	at org.testng.TestNG.runSuitesLocally(TestNG.java:1109)
	at org.testng.TestNG.runSuites(TestNG.java:1039)
	at org.testng.TestNG.run(TestNG.java:1007)
	at org.apache.maven.surefire.testng.TestNGExecutor.run(TestNGExecutor.java:283)
	at org.apache.maven.surefire.testng.TestNGXmlTestSuite.execute(TestNGXmlTestSuite.java:75)
	at org.apache.maven.surefire.testng.TestNGProvider.invoke(TestNGProvider.java:120)
	at org.apache.maven.surefire.booter.ForkedBooter.runSuitesInProcess(ForkedBooter.java:377)
	at org.apache.maven.surefire.booter.ForkedBooter.execute(ForkedBooter.java:138)
	at org.apache.maven.surefire.booter.ForkedBooter.run(ForkedBooter.java:465)
	at org.apache.maven.surefire.booter.ForkedBooter.main(ForkedBooter.java:451)
</pre></div></td>
<td>0</td>
<td>com.natasha.applitools.traditionalTests.traditionalTestV2.CrossDeviceElementTest@1e730495</td></tr>
<tr>
<td title='com.natasha.applitools.traditionalTests.traditionalTestV2.CrossDeviceElementTest.checkWishlistButtonIsDisplayedOnDesktop()'><b>checkWishlistButtonIsDisplayedOnDesktop</b><br>Test class: com.natasha.applitools.traditionalTests.traditionalTestV2.CrossDeviceElementTest</td>
<td><div><pre>java.lang.AssertionError: expected [true] but found [false]
	at com.natasha.applitools.traditionalTests.BaseTest.checkIsNotDisplayed(BaseTest.kt:132)
	at com.natasha.applitools.traditionalTests.traditionalTestV2.CrossDeviceElementTest.checkWishlistButtonIsDisplayedOnDesktop(CrossDeviceElementTest.kt:56)
	at java.base/java.util.ArrayList.forEach(ArrayList.java:1507)
... Removed 35 stack frames</pre></div><a href='#' onClick='toggleBox("stack-trace1560391896", this, "Click to show all stack frames", "Click to hide stack frames")'>Click to show all stack frames</a>
<div class='stack-trace' id='stack-trace1560391896'><pre>java.lang.AssertionError: expected [true] but found [false]
	at org.testng.Assert.fail(Assert.java:97)
	at org.testng.Assert.failNotEquals(Assert.java:969)
	at org.testng.Assert.assertTrue(Assert.java:43)
	at org.testng.Assert.assertTrue(Assert.java:53)
	at com.natasha.applitools.traditionalTests.BaseTest.checkIsNotDisplayed(BaseTest.kt:132)
	at com.natasha.applitools.traditionalTests.traditionalTestV2.CrossDeviceElementTest.checkWishlistButtonIsDisplayedOnDesktop(CrossDeviceElementTest.kt:56)
	at java.base/jdk.internal.reflect.NativeMethodAccessorImpl.invoke0(Native Method)
	at java.base/jdk.internal.reflect.NativeMethodAccessorImpl.invoke(NativeMethodAccessorImpl.java:62)
	at java.base/jdk.internal.reflect.DelegatingMethodAccessorImpl.invoke(DelegatingMethodAccessorImpl.java:43)
	at java.base/java.lang.reflect.Method.invoke(Method.java:567)
	at org.testng.internal.MethodInvocationHelper.invokeMethod(MethodInvocationHelper.java:134)
	at org.testng.internal.TestInvoker.invokeMethod(TestInvoker.java:597)
	at org.testng.internal.TestInvoker.invokeTestMethod(TestInvoker.java:173)
	at org.testng.internal.MethodRunner.runInSequence(MethodRunner.java:46)
	at org.testng.internal.TestInvoker$MethodInvocationAgent.invoke(TestInvoker.java:816)
	at org.testng.internal.TestInvoker.invokeTestMethods(TestInvoker.java:146)
	at org.testng.internal.TestMethodWorker.invokeTestMethods(TestMethodWorker.java:146)
	at org.testng.internal.TestMethodWorker.run(TestMethodWorker.java:128)
	at java.base/java.util.ArrayList.forEach(ArrayList.java:1507)
	at org.testng.TestRunner.privateRun(TestRunner.java:766)
	at org.testng.TestRunner.run(TestRunner.java:587)
	at org.testng.SuiteRunner.runTest(SuiteRunner.java:384)
	at org.testng.SuiteRunner.runSequentially(SuiteRunner.java:378)
	at org.testng.SuiteRunner.privateRun(SuiteRunner.java:337)
	at org.testng.SuiteRunner.run(SuiteRunner.java:286)
	at org.testng.SuiteRunnerWorker.runSuite(SuiteRunnerWorker.java:53)
	at org.testng.SuiteRunnerWorker.run(SuiteRunnerWorker.java:96)
	at org.testng.TestNG.runSuitesSequentially(TestNG.java:1187)
	at org.testng.TestNG.runSuitesLocally(TestNG.java:1109)
	at org.testng.TestNG.runSuites(TestNG.java:1039)
	at org.testng.TestNG.run(TestNG.java:1007)
	at org.apache.maven.surefire.testng.TestNGExecutor.run(TestNGExecutor.java:283)
	at org.apache.maven.surefire.testng.TestNGXmlTestSuite.execute(TestNGXmlTestSuite.java:75)
	at org.apache.maven.surefire.testng.TestNGProvider.invoke(TestNGProvider.java:120)
	at org.apache.maven.surefire.booter.ForkedBooter.runSuitesInProcess(ForkedBooter.java:377)
	at org.apache.maven.surefire.booter.ForkedBooter.execute(ForkedBooter.java:138)
	at org.apache.maven.surefire.booter.ForkedBooter.run(ForkedBooter.java:465)
	at org.apache.maven.surefire.booter.ForkedBooter.main(ForkedBooter.java:451)
</pre></div></td>
<td>0</td>
<td>com.natasha.applitools.traditionalTests.traditionalTestV2.CrossDeviceElementTest@1d76aeea</td></tr>
<tr>
<td title='com.natasha.applitools.traditionalTests.traditionalTestV2.CrossDeviceElementTest.checkWishlistButtonIsDisplayedOnDesktop()'><b>checkWishlistButtonIsDisplayedOnDesktop</b><br>Test class: com.natasha.applitools.traditionalTests.traditionalTestV2.CrossDeviceElementTest</td>
<td><div><pre>java.lang.AssertionError: expected [true] but found [false]
	at com.natasha.applitools.traditionalTests.BaseTest.checkIsNotDisplayed(BaseTest.kt:132)
	at com.natasha.applitools.traditionalTests.traditionalTestV2.CrossDeviceElementTest.checkWishlistButtonIsDisplayedOnDesktop(CrossDeviceElementTest.kt:56)
	at java.base/java.util.ArrayList.forEach(ArrayList.java:1507)
... Removed 35 stack frames</pre></div><a href='#' onClick='toggleBox("stack-trace1877161893", this, "Click to show all stack frames", "Click to hide stack frames")'>Click to show all stack frames</a>
<div class='stack-trace' id='stack-trace1877161893'><pre>java.lang.AssertionError: expected [true] but found [false]
	at org.testng.Assert.fail(Assert.java:97)
	at org.testng.Assert.failNotEquals(Assert.java:969)
	at org.testng.Assert.assertTrue(Assert.java:43)
	at org.testng.Assert.assertTrue(Assert.java:53)
	at com.natasha.applitools.traditionalTests.BaseTest.checkIsNotDisplayed(BaseTest.kt:132)
	at com.natasha.applitools.traditionalTests.traditionalTestV2.CrossDeviceElementTest.checkWishlistButtonIsDisplayedOnDesktop(CrossDeviceElementTest.kt:56)
	at java.base/jdk.internal.reflect.NativeMethodAccessorImpl.invoke0(Native Method)
	at java.base/jdk.internal.reflect.NativeMethodAccessorImpl.invoke(NativeMethodAccessorImpl.java:62)
	at java.base/jdk.internal.reflect.DelegatingMethodAccessorImpl.invoke(DelegatingMethodAccessorImpl.java:43)
	at java.base/java.lang.reflect.Method.invoke(Method.java:567)
	at org.testng.internal.MethodInvocationHelper.invokeMethod(MethodInvocationHelper.java:134)
	at org.testng.internal.TestInvoker.invokeMethod(TestInvoker.java:597)
	at org.testng.internal.TestInvoker.invokeTestMethod(TestInvoker.java:173)
	at org.testng.internal.MethodRunner.runInSequence(MethodRunner.java:46)
	at org.testng.internal.TestInvoker$MethodInvocationAgent.invoke(TestInvoker.java:816)
	at org.testng.internal.TestInvoker.invokeTestMethods(TestInvoker.java:146)
	at org.testng.internal.TestMethodWorker.invokeTestMethods(TestMethodWorker.java:146)
	at org.testng.internal.TestMethodWorker.run(TestMethodWorker.java:128)
	at java.base/java.util.ArrayList.forEach(ArrayList.java:1507)
	at org.testng.TestRunner.privateRun(TestRunner.java:766)
	at org.testng.TestRunner.run(TestRunner.java:587)
	at org.testng.SuiteRunner.runTest(SuiteRunner.java:384)
	at org.testng.SuiteRunner.runSequentially(SuiteRunner.java:378)
	at org.testng.SuiteRunner.privateRun(SuiteRunner.java:337)
	at org.testng.SuiteRunner.run(SuiteRunner.java:286)
	at org.testng.SuiteRunnerWorker.runSuite(SuiteRunnerWorker.java:53)
	at org.testng.SuiteRunnerWorker.run(SuiteRunnerWorker.java:96)
	at org.testng.TestNG.runSuitesSequentially(TestNG.java:1187)
	at org.testng.TestNG.runSuitesLocally(TestNG.java:1109)
	at org.testng.TestNG.runSuites(TestNG.java:1039)
	at org.testng.TestNG.run(TestNG.java:1007)
	at org.apache.maven.surefire.testng.TestNGExecutor.run(TestNGExecutor.java:283)
	at org.apache.maven.surefire.testng.TestNGXmlTestSuite.execute(TestNGXmlTestSuite.java:75)
	at org.apache.maven.surefire.testng.TestNGProvider.invoke(TestNGProvider.java:120)
	at org.apache.maven.surefire.booter.ForkedBooter.runSuitesInProcess(ForkedBooter.java:377)
	at org.apache.maven.surefire.booter.ForkedBooter.execute(ForkedBooter.java:138)
	at org.apache.maven.surefire.booter.ForkedBooter.run(ForkedBooter.java:465)
	at org.apache.maven.surefire.booter.ForkedBooter.main(ForkedBooter.java:451)
</pre></div></td>
<td>0</td>
<td>com.natasha.applitools.traditionalTests.traditionalTestV2.CrossDeviceElementTest@402e37bc</td></tr>
<tr>
<td title='com.natasha.applitools.traditionalTests.traditionalTestV2.CrossDeviceElementTest.checkWishlistButtonIsDisplayedOnDesktop()'><b>checkWishlistButtonIsDisplayedOnDesktop</b><br>Test class: com.natasha.applitools.traditionalTests.traditionalTestV2.CrossDeviceElementTest</td>
<td><div><pre>java.lang.AssertionError: expected [true] but found [false]
	at com.natasha.applitools.traditionalTests.BaseTest.checkIsNotDisplayed(BaseTest.kt:132)
	at com.natasha.applitools.traditionalTests.traditionalTestV2.CrossDeviceElementTest.checkWishlistButtonIsDisplayedOnDesktop(CrossDeviceElementTest.kt:56)
	at java.base/java.util.ArrayList.forEach(ArrayList.java:1507)
... Removed 35 stack frames</pre></div><a href='#' onClick='toggleBox("stack-trace640145996", this, "Click to show all stack frames", "Click to hide stack frames")'>Click to show all stack frames</a>
<div class='stack-trace' id='stack-trace640145996'><pre>java.lang.AssertionError: expected [true] but found [false]
	at org.testng.Assert.fail(Assert.java:97)
	at org.testng.Assert.failNotEquals(Assert.java:969)
	at org.testng.Assert.assertTrue(Assert.java:43)
	at org.testng.Assert.assertTrue(Assert.java:53)
	at com.natasha.applitools.traditionalTests.BaseTest.checkIsNotDisplayed(BaseTest.kt:132)
	at com.natasha.applitools.traditionalTests.traditionalTestV2.CrossDeviceElementTest.checkWishlistButtonIsDisplayedOnDesktop(CrossDeviceElementTest.kt:56)
	at java.base/jdk.internal.reflect.NativeMethodAccessorImpl.invoke0(Native Method)
	at java.base/jdk.internal.reflect.NativeMethodAccessorImpl.invoke(NativeMethodAccessorImpl.java:62)
	at java.base/jdk.internal.reflect.DelegatingMethodAccessorImpl.invoke(DelegatingMethodAccessorImpl.java:43)
	at java.base/java.lang.reflect.Method.invoke(Method.java:567)
	at org.testng.internal.MethodInvocationHelper.invokeMethod(MethodInvocationHelper.java:134)
	at org.testng.internal.TestInvoker.invokeMethod(TestInvoker.java:597)
	at org.testng.internal.TestInvoker.invokeTestMethod(TestInvoker.java:173)
	at org.testng.internal.MethodRunner.runInSequence(MethodRunner.java:46)
	at org.testng.internal.TestInvoker$MethodInvocationAgent.invoke(TestInvoker.java:816)
	at org.testng.internal.TestInvoker.invokeTestMethods(TestInvoker.java:146)
	at org.testng.internal.TestMethodWorker.invokeTestMethods(TestMethodWorker.java:146)
	at org.testng.internal.TestMethodWorker.run(TestMethodWorker.java:128)
	at java.base/java.util.ArrayList.forEach(ArrayList.java:1507)
	at org.testng.TestRunner.privateRun(TestRunner.java:766)
	at org.testng.TestRunner.run(TestRunner.java:587)
	at org.testng.SuiteRunner.runTest(SuiteRunner.java:384)
	at org.testng.SuiteRunner.runSequentially(SuiteRunner.java:378)
	at org.testng.SuiteRunner.privateRun(SuiteRunner.java:337)
	at org.testng.SuiteRunner.run(SuiteRunner.java:286)
	at org.testng.SuiteRunnerWorker.runSuite(SuiteRunnerWorker.java:53)
	at org.testng.SuiteRunnerWorker.run(SuiteRunnerWorker.java:96)
	at org.testng.TestNG.runSuitesSequentially(TestNG.java:1187)
	at org.testng.TestNG.runSuitesLocally(TestNG.java:1109)
	at org.testng.TestNG.runSuites(TestNG.java:1039)
	at org.testng.TestNG.run(TestNG.java:1007)
	at org.apache.maven.surefire.testng.TestNGExecutor.run(TestNGExecutor.java:283)
	at org.apache.maven.surefire.testng.TestNGXmlTestSuite.execute(TestNGXmlTestSuite.java:75)
	at org.apache.maven.surefire.testng.TestNGProvider.invoke(TestNGProvider.java:120)
	at org.apache.maven.surefire.booter.ForkedBooter.runSuitesInProcess(ForkedBooter.java:377)
	at org.apache.maven.surefire.booter.ForkedBooter.execute(ForkedBooter.java:138)
	at org.apache.maven.surefire.booter.ForkedBooter.run(ForkedBooter.java:465)
	at org.apache.maven.surefire.booter.ForkedBooter.main(ForkedBooter.java:451)
</pre></div></td>
<td>0</td>
<td>com.natasha.applitools.traditionalTests.traditionalTestV2.CrossDeviceElementTest@1e730495</td></tr>
</table><p>
<table width='100%' border='1' class='invocation-passed'>
<tr><td colspan='4' align='center'><b>PASSED TESTS</b></td></tr>
<tr><td><b>Test method</b></td>
<td width="30%"><b>Exception</b></td>
<td width="10%"><b>Time (seconds)</b></td>
<td><b>Instance</b></td>
</tr>
<tr>
<td title='com.natasha.applitools.traditionalTests.traditionalTestV2.CrossDeviceElementTest.checkCartDisplaysTwoItemsOnlyOnMobileScreens()'><b>checkCartDisplaysTwoItemsOnlyOnMobileScreens</b><br>Test class: com.natasha.applitools.traditionalTests.traditionalTestV2.CrossDeviceElementTest</td>
<td></td>
<td>0</td>
<td>com.natasha.applitools.traditionalTests.traditionalTestV2.CrossDeviceElementTest@2aa5fe93</td></tr>
<tr>
<td title='com.natasha.applitools.traditionalTests.traditionalTestV2.CrossDeviceElementTest.checkCartDisplaysTwoItemsOnlyOnMobileScreens()'><b>checkCartDisplaysTwoItemsOnlyOnMobileScreens</b><br>Test class: com.natasha.applitools.traditionalTests.traditionalTestV2.CrossDeviceElementTest</td>
<td></td>
<td>0</td>
<td>com.natasha.applitools.traditionalTests.traditionalTestV2.CrossDeviceElementTest@1d76aeea</td></tr>
<tr>
<td title='com.natasha.applitools.traditionalTests.traditionalTestV2.CrossDeviceElementTest.checkCartDisplaysTwoItemsOnlyOnMobileScreens()'><b>checkCartDisplaysTwoItemsOnlyOnMobileScreens</b><br>Test class: com.natasha.applitools.traditionalTests.traditionalTestV2.CrossDeviceElementTest</td>
<td></td>
<td>0</td>
<td>com.natasha.applitools.traditionalTests.traditionalTestV2.CrossDeviceElementTest@402e37bc</td></tr>
<tr>
<td title='com.natasha.applitools.traditionalTests.traditionalTestV2.CrossDeviceElementTest.checkCartDisplaysTwoItemsOnlyOnMobileScreens()'><b>checkCartDisplaysTwoItemsOnlyOnMobileScreens</b><br>Test class: com.natasha.applitools.traditionalTests.traditionalTestV2.CrossDeviceElementTest</td>
<td></td>
<td>0</td>
<td>com.natasha.applitools.traditionalTests.traditionalTestV2.CrossDeviceElementTest@7995092a</td></tr>
<tr>
<td title='com.natasha.applitools.traditionalTests.traditionalTestV2.CrossDeviceElementTest.checkCartDisplaysTwoItemsOnlyOnMobileScreens()'><b>checkCartDisplaysTwoItemsOnlyOnMobileScreens</b><br>Test class: com.natasha.applitools.traditionalTests.traditionalTestV2.CrossDeviceElementTest</td>
<td></td>
<td>0</td>
<td>com.natasha.applitools.traditionalTests.traditionalTestV2.CrossDeviceElementTest@1e730495</td></tr>
<tr>
<td title='com.natasha.applitools.traditionalTests.traditionalTestV2.CrossDeviceElementTest.checkCartDisplaysTwoItemsOnlyOnMobileScreens()'><b>checkCartDisplaysTwoItemsOnlyOnMobileScreens</b><br>Test class: com.natasha.applitools.traditionalTests.traditionalTestV2.CrossDeviceElementTest</td>
<td></td>
<td>0</td>
<td>com.natasha.applitools.traditionalTests.traditionalTestV2.CrossDeviceElementTest@7f1302d6</td></tr>
<tr>
<td title='com.natasha.applitools.traditionalTests.traditionalTestV2.CrossDeviceElementTest.checkContactsSectionIsMinimisedOnMobile()'><b>checkContactsSectionIsMinimisedOnMobile</b><br>Test class: com.natasha.applitools.traditionalTests.traditionalTestV2.CrossDeviceElementTest</td>
<td></td>
<td>0</td>
<td>com.natasha.applitools.traditionalTests.traditionalTestV2.CrossDeviceElementTest@2aa5fe93</td></tr>
<tr>
<td title='com.natasha.applitools.traditionalTests.traditionalTestV2.CrossDeviceElementTest.checkContactsSectionIsMinimisedOnMobile()'><b>checkContactsSectionIsMinimisedOnMobile</b><br>Test class: com.natasha.applitools.traditionalTests.traditionalTestV2.CrossDeviceElementTest</td>
<td></td>
<td>0</td>
<td>com.natasha.applitools.traditionalTests.traditionalTestV2.CrossDeviceElementTest@1d76aeea</td></tr>
<tr>
<td title='com.natasha.applitools.traditionalTests.traditionalTestV2.CrossDeviceElementTest.checkContactsSectionIsMinimisedOnMobile()'><b>checkContactsSectionIsMinimisedOnMobile</b><br>Test class: com.natasha.applitools.traditionalTests.traditionalTestV2.CrossDeviceElementTest</td>
<td></td>
<td>0</td>
<td>com.natasha.applitools.traditionalTests.traditionalTestV2.CrossDeviceElementTest@402e37bc</td></tr>
<tr>
<td title='com.natasha.applitools.traditionalTests.traditionalTestV2.CrossDeviceElementTest.checkContactsSectionIsMinimisedOnMobile()'><b>checkContactsSectionIsMinimisedOnMobile</b><br>Test class: com.natasha.applitools.traditionalTests.traditionalTestV2.CrossDeviceElementTest</td>
<td></td>
<td>0</td>
<td>com.natasha.applitools.traditionalTests.traditionalTestV2.CrossDeviceElementTest@7995092a</td></tr>
<tr>
<td title='com.natasha.applitools.traditionalTests.traditionalTestV2.CrossDeviceElementTest.checkContactsSectionIsMinimisedOnMobile()'><b>checkContactsSectionIsMinimisedOnMobile</b><br>Test class: com.natasha.applitools.traditionalTests.traditionalTestV2.CrossDeviceElementTest</td>
<td></td>
<td>0</td>
<td>com.natasha.applitools.traditionalTests.traditionalTestV2.CrossDeviceElementTest@1e730495</td></tr>
<tr>
<td title='com.natasha.applitools.traditionalTests.traditionalTestV2.CrossDeviceElementTest.checkContactsSectionIsMinimisedOnMobile()'><b>checkContactsSectionIsMinimisedOnMobile</b><br>Test class: com.natasha.applitools.traditionalTests.traditionalTestV2.CrossDeviceElementTest</td>
<td></td>
<td>0</td>
<td>com.natasha.applitools.traditionalTests.traditionalTestV2.CrossDeviceElementTest@7f1302d6</td></tr>
<tr>
<td title='com.natasha.applitools.traditionalTests.traditionalTestV2.CrossDeviceElementTest.checkFilterButtonIsDisplayedOnTabletAndMobile()'><b>checkFilterButtonIsDisplayedOnTabletAndMobile</b><br>Test class: com.natasha.applitools.traditionalTests.traditionalTestV2.CrossDeviceElementTest</td>
<td></td>
<td>0</td>
<td>com.natasha.applitools.traditionalTests.traditionalTestV2.CrossDeviceElementTest@1d76aeea</td></tr>
<tr>
<td title='com.natasha.applitools.traditionalTests.traditionalTestV2.CrossDeviceElementTest.checkFilterButtonIsDisplayedOnTabletAndMobile()'><b>checkFilterButtonIsDisplayedOnTabletAndMobile</b><br>Test class: com.natasha.applitools.traditionalTests.traditionalTestV2.CrossDeviceElementTest</td>
<td></td>
<td>0</td>
<td>com.natasha.applitools.traditionalTests.traditionalTestV2.CrossDeviceElementTest@402e37bc</td></tr>
<tr>
<td title='com.natasha.applitools.traditionalTests.traditionalTestV2.CrossDeviceElementTest.checkFilterButtonIsDisplayedOnTabletAndMobile()'><b>checkFilterButtonIsDisplayedOnTabletAndMobile</b><br>Test class: com.natasha.applitools.traditionalTests.traditionalTestV2.CrossDeviceElementTest</td>
<td></td>
<td>0</td>
<td>com.natasha.applitools.traditionalTests.traditionalTestV2.CrossDeviceElementTest@1e730495</td></tr>
<tr>
<td title='com.natasha.applitools.traditionalTests.traditionalTestV2.CrossDeviceElementTest.checkFilterButtonLabelIsDisplayedOnTablet()'><b>checkFilterButtonLabelIsDisplayedOnTablet</b><br>Test class: com.natasha.applitools.traditionalTests.traditionalTestV2.CrossDeviceElementTest</td>
<td></td>
<td>0</td>
<td>com.natasha.applitools.traditionalTests.traditionalTestV2.CrossDeviceElementTest@1d76aeea</td></tr>
<tr>
<td title='com.natasha.applitools.traditionalTests.traditionalTestV2.CrossDeviceElementTest.checkFilterButtonLabelIsDisplayedOnTablet()'><b>checkFilterButtonLabelIsDisplayedOnTablet</b><br>Test class: com.natasha.applitools.traditionalTests.traditionalTestV2.CrossDeviceElementTest</td>
<td></td>
<td>0</td>
<td>com.natasha.applitools.traditionalTests.traditionalTestV2.CrossDeviceElementTest@402e37bc</td></tr>
<tr>
<td title='com.natasha.applitools.traditionalTests.traditionalTestV2.CrossDeviceElementTest.checkFilterButtonLabelIsDisplayedOnTablet()'><b>checkFilterButtonLabelIsDisplayedOnTablet</b><br>Test class: com.natasha.applitools.traditionalTests.traditionalTestV2.CrossDeviceElementTest</td>
<td></td>
<td>0</td>
<td>com.natasha.applitools.traditionalTests.traditionalTestV2.CrossDeviceElementTest@1e730495</td></tr>
<tr>
<td title='com.natasha.applitools.traditionalTests.traditionalTestV2.CrossDeviceElementTest.checkFilterSideBarIsDisplayedOnDesktop()'><b>checkFilterSideBarIsDisplayedOnDesktop</b><br>Test class: com.natasha.applitools.traditionalTests.traditionalTestV2.CrossDeviceElementTest</td>
<td></td>
<td>0</td>
<td>com.natasha.applitools.traditionalTests.traditionalTestV2.CrossDeviceElementTest@2aa5fe93</td></tr>
<tr>
<td title='com.natasha.applitools.traditionalTests.traditionalTestV2.CrossDeviceElementTest.checkFilterSideBarIsDisplayedOnDesktop()'><b>checkFilterSideBarIsDisplayedOnDesktop</b><br>Test class: com.natasha.applitools.traditionalTests.traditionalTestV2.CrossDeviceElementTest</td>
<td></td>
<td>0</td>
<td>com.natasha.applitools.traditionalTests.traditionalTestV2.CrossDeviceElementTest@1d76aeea</td></tr>
<tr>
<td title='com.natasha.applitools.traditionalTests.traditionalTestV2.CrossDeviceElementTest.checkFilterSideBarIsDisplayedOnDesktop()'><b>checkFilterSideBarIsDisplayedOnDesktop</b><br>Test class: com.natasha.applitools.traditionalTests.traditionalTestV2.CrossDeviceElementTest</td>
<td></td>
<td>0</td>
<td>com.natasha.applitools.traditionalTests.traditionalTestV2.CrossDeviceElementTest@402e37bc</td></tr>
<tr>
<td title='com.natasha.applitools.traditionalTests.traditionalTestV2.CrossDeviceElementTest.checkFilterSideBarIsDisplayedOnDesktop()'><b>checkFilterSideBarIsDisplayedOnDesktop</b><br>Test class: com.natasha.applitools.traditionalTests.traditionalTestV2.CrossDeviceElementTest</td>
<td></td>
<td>0</td>
<td>com.natasha.applitools.traditionalTests.traditionalTestV2.CrossDeviceElementTest@7995092a</td></tr>
<tr>
<td title='com.natasha.applitools.traditionalTests.traditionalTestV2.CrossDeviceElementTest.checkFilterSideBarIsDisplayedOnDesktop()'><b>checkFilterSideBarIsDisplayedOnDesktop</b><br>Test class: com.natasha.applitools.traditionalTests.traditionalTestV2.CrossDeviceElementTest</td>
<td></td>
<td>0</td>
<td>com.natasha.applitools.traditionalTests.traditionalTestV2.CrossDeviceElementTest@1e730495</td></tr>
<tr>
<td title='com.natasha.applitools.traditionalTests.traditionalTestV2.CrossDeviceElementTest.checkFilterSideBarIsDisplayedOnDesktop()'><b>checkFilterSideBarIsDisplayedOnDesktop</b><br>Test class: com.natasha.applitools.traditionalTests.traditionalTestV2.CrossDeviceElementTest</td>
<td></td>
<td>0</td>
<td>com.natasha.applitools.traditionalTests.traditionalTestV2.CrossDeviceElementTest@7f1302d6</td></tr>
<tr>
<td title='com.natasha.applitools.traditionalTests.traditionalTestV2.ProductDetailsTest.checkItemModelValueIsDisplayed()'><b>checkItemModelValueIsDisplayed</b><br>Test class: com.natasha.applitools.traditionalTests.traditionalTestV2.ProductDetailsTest</td>
<td></td>
<td>1</td>
<td>com.natasha.applitools.traditionalTests.traditionalTestV2.ProductDetailsTest@5ad851c9</td></tr>
<tr>
<td title='com.natasha.applitools.traditionalTests.traditionalTestV2.ProductDetailsTest.checkItemModelValueIsDisplayed()'><b>checkItemModelValueIsDisplayed</b><br>Test class: com.natasha.applitools.traditionalTests.traditionalTestV2.ProductDetailsTest</td>
<td></td>
<td>1</td>
<td>com.natasha.applitools.traditionalTests.traditionalTestV2.ProductDetailsTest@10db82ae</td></tr>
<tr>
<td title='com.natasha.applitools.traditionalTests.traditionalTestV2.ProductDetailsTest.checkItemModelValueIsDisplayed()'><b>checkItemModelValueIsDisplayed</b><br>Test class: com.natasha.applitools.traditionalTests.traditionalTestV2.ProductDetailsTest</td>
<td></td>
<td>1</td>
<td>com.natasha.applitools.traditionalTests.traditionalTestV2.ProductDetailsTest@1df82230</td></tr>
<tr>
<td title='com.natasha.applitools.traditionalTests.traditionalTestV2.ProductDetailsTest.checkItemModelValueIsDisplayed()'><b>checkItemModelValueIsDisplayed</b><br>Test class: com.natasha.applitools.traditionalTests.traditionalTestV2.ProductDetailsTest</td>
<td></td>
<td>0</td>
<td>com.natasha.applitools.traditionalTests.traditionalTestV2.ProductDetailsTest@f8c1ddd</td></tr>
<tr>
<td title='com.natasha.applitools.traditionalTests.traditionalTestV2.ProductDetailsTest.checkItemModelValueIsDisplayed()'><b>checkItemModelValueIsDisplayed</b><br>Test class: com.natasha.applitools.traditionalTests.traditionalTestV2.ProductDetailsTest</td>
<td></td>
<td>1</td>
<td>com.natasha.applitools.traditionalTests.traditionalTestV2.ProductDetailsTest@1d082e88</td></tr>
<tr>
<td title='com.natasha.applitools.traditionalTests.traditionalTestV2.ProductDetailsTest.checkItemModelValueIsDisplayed()'><b>checkItemModelValueIsDisplayed</b><br>Test class: com.natasha.applitools.traditionalTests.traditionalTestV2.ProductDetailsTest</td>
<td></td>
<td>0</td>
<td>com.natasha.applitools.traditionalTests.traditionalTestV2.ProductDetailsTest@23529fee</td></tr>
<tr>
<td title='com.natasha.applitools.traditionalTests.traditionalTestV2.CrossDeviceElementTest.checkKeepInTouchSectionIsMinimisedOnMobile()'><b>checkKeepInTouchSectionIsMinimisedOnMobile</b><br>Test class: com.natasha.applitools.traditionalTests.traditionalTestV2.CrossDeviceElementTest</td>
<td></td>
<td>0</td>
<td>com.natasha.applitools.traditionalTests.traditionalTestV2.CrossDeviceElementTest@2aa5fe93</td></tr>
<tr>
<td title='com.natasha.applitools.traditionalTests.traditionalTestV2.CrossDeviceElementTest.checkKeepInTouchSectionIsMinimisedOnMobile()'><b>checkKeepInTouchSectionIsMinimisedOnMobile</b><br>Test class: com.natasha.applitools.traditionalTests.traditionalTestV2.CrossDeviceElementTest</td>
<td></td>
<td>0</td>
<td>com.natasha.applitools.traditionalTests.traditionalTestV2.CrossDeviceElementTest@1d76aeea</td></tr>
<tr>
<td title='com.natasha.applitools.traditionalTests.traditionalTestV2.CrossDeviceElementTest.checkKeepInTouchSectionIsMinimisedOnMobile()'><b>checkKeepInTouchSectionIsMinimisedOnMobile</b><br>Test class: com.natasha.applitools.traditionalTests.traditionalTestV2.CrossDeviceElementTest</td>
<td></td>
<td>0</td>
<td>com.natasha.applitools.traditionalTests.traditionalTestV2.CrossDeviceElementTest@402e37bc</td></tr>
<tr>
<td title='com.natasha.applitools.traditionalTests.traditionalTestV2.CrossDeviceElementTest.checkKeepInTouchSectionIsMinimisedOnMobile()'><b>checkKeepInTouchSectionIsMinimisedOnMobile</b><br>Test class: com.natasha.applitools.traditionalTests.traditionalTestV2.CrossDeviceElementTest</td>
<td></td>
<td>0</td>
<td>com.natasha.applitools.traditionalTests.traditionalTestV2.CrossDeviceElementTest@7995092a</td></tr>
<tr>
<td title='com.natasha.applitools.traditionalTests.traditionalTestV2.CrossDeviceElementTest.checkKeepInTouchSectionIsMinimisedOnMobile()'><b>checkKeepInTouchSectionIsMinimisedOnMobile</b><br>Test class: com.natasha.applitools.traditionalTests.traditionalTestV2.CrossDeviceElementTest</td>
<td></td>
<td>0</td>
<td>com.natasha.applitools.traditionalTests.traditionalTestV2.CrossDeviceElementTest@1e730495</td></tr>
<tr>
<td title='com.natasha.applitools.traditionalTests.traditionalTestV2.CrossDeviceElementTest.checkKeepInTouchSectionIsMinimisedOnMobile()'><b>checkKeepInTouchSectionIsMinimisedOnMobile</b><br>Test class: com.natasha.applitools.traditionalTests.traditionalTestV2.CrossDeviceElementTest</td>
<td></td>
<td>0</td>
<td>com.natasha.applitools.traditionalTests.traditionalTestV2.CrossDeviceElementTest@7f1302d6</td></tr>
<tr>
<td title='com.natasha.applitools.traditionalTests.traditionalTestV2.CrossDeviceElementTest.checkMainMenuIsDisplayedOnDesktop()'><b>checkMainMenuIsDisplayedOnDesktop</b><br>Test class: com.natasha.applitools.traditionalTests.traditionalTestV2.CrossDeviceElementTest</td>
<td></td>
<td>0</td>
<td>com.natasha.applitools.traditionalTests.traditionalTestV2.CrossDeviceElementTest@2aa5fe93</td></tr>
<tr>
<td title='com.natasha.applitools.traditionalTests.traditionalTestV2.CrossDeviceElementTest.checkMainMenuIsDisplayedOnDesktop()'><b>checkMainMenuIsDisplayedOnDesktop</b><br>Test class: com.natasha.applitools.traditionalTests.traditionalTestV2.CrossDeviceElementTest</td>
<td></td>
<td>0</td>
<td>com.natasha.applitools.traditionalTests.traditionalTestV2.CrossDeviceElementTest@1d76aeea</td></tr>
<tr>
<td title='com.natasha.applitools.traditionalTests.traditionalTestV2.CrossDeviceElementTest.checkMainMenuIsDisplayedOnDesktop()'><b>checkMainMenuIsDisplayedOnDesktop</b><br>Test class: com.natasha.applitools.traditionalTests.traditionalTestV2.CrossDeviceElementTest</td>
<td></td>
<td>0</td>
<td>com.natasha.applitools.traditionalTests.traditionalTestV2.CrossDeviceElementTest@402e37bc</td></tr>
<tr>
<td title='com.natasha.applitools.traditionalTests.traditionalTestV2.CrossDeviceElementTest.checkMainMenuIsDisplayedOnDesktop()'><b>checkMainMenuIsDisplayedOnDesktop</b><br>Test class: com.natasha.applitools.traditionalTests.traditionalTestV2.CrossDeviceElementTest</td>
<td></td>
<td>0</td>
<td>com.natasha.applitools.traditionalTests.traditionalTestV2.CrossDeviceElementTest@7995092a</td></tr>
<tr>
<td title='com.natasha.applitools.traditionalTests.traditionalTestV2.CrossDeviceElementTest.checkMainMenuIsDisplayedOnDesktop()'><b>checkMainMenuIsDisplayedOnDesktop</b><br>Test class: com.natasha.applitools.traditionalTests.traditionalTestV2.CrossDeviceElementTest</td>
<td></td>
<td>0</td>
<td>com.natasha.applitools.traditionalTests.traditionalTestV2.CrossDeviceElementTest@1e730495</td></tr>
<tr>
<td title='com.natasha.applitools.traditionalTests.traditionalTestV2.CrossDeviceElementTest.checkMainMenuIsDisplayedOnDesktop()'><b>checkMainMenuIsDisplayedOnDesktop</b><br>Test class: com.natasha.applitools.traditionalTests.traditionalTestV2.CrossDeviceElementTest</td>
<td></td>
<td>0</td>
<td>com.natasha.applitools.traditionalTests.traditionalTestV2.CrossDeviceElementTest@7f1302d6</td></tr>
<tr>
<td title='com.natasha.applitools.traditionalTests.traditionalTestV2.ProductDetailsTest.checkOldPriceHasCssValueLineThrough()'><b>checkOldPriceHasCssValueLineThrough</b><br>Test class: com.natasha.applitools.traditionalTests.traditionalTestV2.ProductDetailsTest</td>
<td></td>
<td>1</td>
<td>com.natasha.applitools.traditionalTests.traditionalTestV2.ProductDetailsTest@5ad851c9</td></tr>
<tr>
<td title='com.natasha.applitools.traditionalTests.traditionalTestV2.ProductDetailsTest.checkOldPriceHasCssValueLineThrough()'><b>checkOldPriceHasCssValueLineThrough</b><br>Test class: com.natasha.applitools.traditionalTests.traditionalTestV2.ProductDetailsTest</td>
<td></td>
<td>1</td>
<td>com.natasha.applitools.traditionalTests.traditionalTestV2.ProductDetailsTest@10db82ae</td></tr>
<tr>
<td title='com.natasha.applitools.traditionalTests.traditionalTestV2.ProductDetailsTest.checkOldPriceHasCssValueLineThrough()'><b>checkOldPriceHasCssValueLineThrough</b><br>Test class: com.natasha.applitools.traditionalTests.traditionalTestV2.ProductDetailsTest</td>
<td></td>
<td>0</td>
<td>com.natasha.applitools.traditionalTests.traditionalTestV2.ProductDetailsTest@f8c1ddd</td></tr>
<tr>
<td title='com.natasha.applitools.traditionalTests.traditionalTestV2.ProductDetailsTest.checkOldPriceHasCssValueLineThrough()'><b>checkOldPriceHasCssValueLineThrough</b><br>Test class: com.natasha.applitools.traditionalTests.traditionalTestV2.ProductDetailsTest</td>
<td></td>
<td>1</td>
<td>com.natasha.applitools.traditionalTests.traditionalTestV2.ProductDetailsTest@1d082e88</td></tr>
<tr>
<td title='com.natasha.applitools.traditionalTests.traditionalTestV2.ProductDetailsTest.checkOldPriceHasCssValueLineThrough()'><b>checkOldPriceHasCssValueLineThrough</b><br>Test class: com.natasha.applitools.traditionalTests.traditionalTestV2.ProductDetailsTest</td>
<td></td>
<td>0</td>
<td>com.natasha.applitools.traditionalTests.traditionalTestV2.ProductDetailsTest@23529fee</td></tr>
<tr>
<td title='com.natasha.applitools.traditionalTests.traditionalTestV2.CrossDeviceElementTest.checkQuickLinksSectionIsMinimisedOnMobileScreen()'><b>checkQuickLinksSectionIsMinimisedOnMobileScreen</b><br>Test class: com.natasha.applitools.traditionalTests.traditionalTestV2.CrossDeviceElementTest</td>
<td></td>
<td>0</td>
<td>com.natasha.applitools.traditionalTests.traditionalTestV2.CrossDeviceElementTest@2aa5fe93</td></tr>
<tr>
<td title='com.natasha.applitools.traditionalTests.traditionalTestV2.CrossDeviceElementTest.checkQuickLinksSectionIsMinimisedOnMobileScreen()'><b>checkQuickLinksSectionIsMinimisedOnMobileScreen</b><br>Test class: com.natasha.applitools.traditionalTests.traditionalTestV2.CrossDeviceElementTest</td>
<td></td>
<td>0</td>
<td>com.natasha.applitools.traditionalTests.traditionalTestV2.CrossDeviceElementTest@1d76aeea</td></tr>
<tr>
<td title='com.natasha.applitools.traditionalTests.traditionalTestV2.CrossDeviceElementTest.checkQuickLinksSectionIsMinimisedOnMobileScreen()'><b>checkQuickLinksSectionIsMinimisedOnMobileScreen</b><br>Test class: com.natasha.applitools.traditionalTests.traditionalTestV2.CrossDeviceElementTest</td>
<td></td>
<td>0</td>
<td>com.natasha.applitools.traditionalTests.traditionalTestV2.CrossDeviceElementTest@402e37bc</td></tr>
<tr>
<td title='com.natasha.applitools.traditionalTests.traditionalTestV2.CrossDeviceElementTest.checkQuickLinksSectionIsMinimisedOnMobileScreen()'><b>checkQuickLinksSectionIsMinimisedOnMobileScreen</b><br>Test class: com.natasha.applitools.traditionalTests.traditionalTestV2.CrossDeviceElementTest</td>
<td></td>
<td>0</td>
<td>com.natasha.applitools.traditionalTests.traditionalTestV2.CrossDeviceElementTest@7995092a</td></tr>
<tr>
<td title='com.natasha.applitools.traditionalTests.traditionalTestV2.CrossDeviceElementTest.checkQuickLinksSectionIsMinimisedOnMobileScreen()'><b>checkQuickLinksSectionIsMinimisedOnMobileScreen</b><br>Test class: com.natasha.applitools.traditionalTests.traditionalTestV2.CrossDeviceElementTest</td>
<td></td>
<td>0</td>
<td>com.natasha.applitools.traditionalTests.traditionalTestV2.CrossDeviceElementTest@1e730495</td></tr>
<tr>
<td title='com.natasha.applitools.traditionalTests.traditionalTestV2.CrossDeviceElementTest.checkQuickLinksSectionIsMinimisedOnMobileScreen()'><b>checkQuickLinksSectionIsMinimisedOnMobileScreen</b><br>Test class: com.natasha.applitools.traditionalTests.traditionalTestV2.CrossDeviceElementTest</td>
<td></td>
<td>0</td>
<td>com.natasha.applitools.traditionalTests.traditionalTestV2.CrossDeviceElementTest@7f1302d6</td></tr>
<tr>
<td title='com.natasha.applitools.traditionalTests.traditionalTestV2.CrossDeviceElementTest.checkSearchBarIsDisplayedOnDesktopAndTablet()'><b>checkSearchBarIsDisplayedOnDesktopAndTablet</b><br>Test class: com.natasha.applitools.traditionalTests.traditionalTestV2.CrossDeviceElementTest</td>
<td></td>
<td>0</td>
<td>com.natasha.applitools.traditionalTests.traditionalTestV2.CrossDeviceElementTest@2aa5fe93</td></tr>
<tr>
<td title='com.natasha.applitools.traditionalTests.traditionalTestV2.CrossDeviceElementTest.checkSearchBarIsDisplayedOnDesktopAndTablet()'><b>checkSearchBarIsDisplayedOnDesktopAndTablet</b><br>Test class: com.natasha.applitools.traditionalTests.traditionalTestV2.CrossDeviceElementTest</td>
<td></td>
<td>0</td>
<td>com.natasha.applitools.traditionalTests.traditionalTestV2.CrossDeviceElementTest@1d76aeea</td></tr>
<tr>
<td title='com.natasha.applitools.traditionalTests.traditionalTestV2.CrossDeviceElementTest.checkSearchBarIsDisplayedOnDesktopAndTablet()'><b>checkSearchBarIsDisplayedOnDesktopAndTablet</b><br>Test class: com.natasha.applitools.traditionalTests.traditionalTestV2.CrossDeviceElementTest</td>
<td></td>
<td>0</td>
<td>com.natasha.applitools.traditionalTests.traditionalTestV2.CrossDeviceElementTest@7995092a</td></tr>
<tr>
<td title='com.natasha.applitools.traditionalTests.traditionalTestV2.CrossDeviceElementTest.checkSearchBarIsDisplayedOnDesktopAndTablet()'><b>checkSearchBarIsDisplayedOnDesktopAndTablet</b><br>Test class: com.natasha.applitools.traditionalTests.traditionalTestV2.CrossDeviceElementTest</td>
<td></td>
<td>0</td>
<td>com.natasha.applitools.traditionalTests.traditionalTestV2.CrossDeviceElementTest@1e730495</td></tr>
<tr>
<td title='com.natasha.applitools.traditionalTests.traditionalTestV2.CrossDeviceElementTest.checkSearchBarIsDisplayedOnDesktopAndTablet()'><b>checkSearchBarIsDisplayedOnDesktopAndTablet</b><br>Test class: com.natasha.applitools.traditionalTests.traditionalTestV2.CrossDeviceElementTest</td>
<td></td>
<td>0</td>
<td>com.natasha.applitools.traditionalTests.traditionalTestV2.CrossDeviceElementTest@7f1302d6</td></tr>
<tr>
<td title='com.natasha.applitools.traditionalTests.traditionalTestV2.CrossDeviceElementTest.checkSearchButtonIsDisplayedOnTabletAndMobile()'><b>checkSearchButtonIsDisplayedOnTabletAndMobile</b><br>Test class: com.natasha.applitools.traditionalTests.traditionalTestV2.CrossDeviceElementTest</td>
<td></td>
<td>0</td>
<td>com.natasha.applitools.traditionalTests.traditionalTestV2.CrossDeviceElementTest@2aa5fe93</td></tr>
<tr>
<td title='com.natasha.applitools.traditionalTests.traditionalTestV2.CrossDeviceElementTest.checkSearchButtonIsDisplayedOnTabletAndMobile()'><b>checkSearchButtonIsDisplayedOnTabletAndMobile</b><br>Test class: com.natasha.applitools.traditionalTests.traditionalTestV2.CrossDeviceElementTest</td>
<td></td>
<td>0</td>
<td>com.natasha.applitools.traditionalTests.traditionalTestV2.CrossDeviceElementTest@1d76aeea</td></tr>
<tr>
<td title='com.natasha.applitools.traditionalTests.traditionalTestV2.CrossDeviceElementTest.checkSearchButtonIsDisplayedOnTabletAndMobile()'><b>checkSearchButtonIsDisplayedOnTabletAndMobile</b><br>Test class: com.natasha.applitools.traditionalTests.traditionalTestV2.CrossDeviceElementTest</td>
<td></td>
<td>0</td>
<td>com.natasha.applitools.traditionalTests.traditionalTestV2.CrossDeviceElementTest@402e37bc</td></tr>
<tr>
<td title='com.natasha.applitools.traditionalTests.traditionalTestV2.CrossDeviceElementTest.checkSearchButtonIsDisplayedOnTabletAndMobile()'><b>checkSearchButtonIsDisplayedOnTabletAndMobile</b><br>Test class: com.natasha.applitools.traditionalTests.traditionalTestV2.CrossDeviceElementTest</td>
<td></td>
<td>0</td>
<td>com.natasha.applitools.traditionalTests.traditionalTestV2.CrossDeviceElementTest@7995092a</td></tr>
<tr>
<td title='com.natasha.applitools.traditionalTests.traditionalTestV2.CrossDeviceElementTest.checkSearchButtonIsDisplayedOnTabletAndMobile()'><b>checkSearchButtonIsDisplayedOnTabletAndMobile</b><br>Test class: com.natasha.applitools.traditionalTests.traditionalTestV2.CrossDeviceElementTest</td>
<td></td>
<td>0</td>
<td>com.natasha.applitools.traditionalTests.traditionalTestV2.CrossDeviceElementTest@1e730495</td></tr>
<tr>
<td title='com.natasha.applitools.traditionalTests.traditionalTestV2.CrossDeviceElementTest.checkSearchButtonIsDisplayedOnTabletAndMobile()'><b>checkSearchButtonIsDisplayedOnTabletAndMobile</b><br>Test class: com.natasha.applitools.traditionalTests.traditionalTestV2.CrossDeviceElementTest</td>
<td></td>
<td>0</td>
<td>com.natasha.applitools.traditionalTests.traditionalTestV2.CrossDeviceElementTest@7f1302d6</td></tr>
<tr>
<td title='com.natasha.applitools.traditionalTests.traditionalTestV2.CrossDeviceElementTest.checkViewByGridButtonIsDisplayedOnDesktop()'><b>checkViewByGridButtonIsDisplayedOnDesktop</b><br>Test class: com.natasha.applitools.traditionalTests.traditionalTestV2.CrossDeviceElementTest</td>
<td></td>
<td>0</td>
<td>com.natasha.applitools.traditionalTests.traditionalTestV2.CrossDeviceElementTest@2aa5fe93</td></tr>
<tr>
<td title='com.natasha.applitools.traditionalTests.traditionalTestV2.CrossDeviceElementTest.checkViewByGridButtonIsDisplayedOnDesktop()'><b>checkViewByGridButtonIsDisplayedOnDesktop</b><br>Test class: com.natasha.applitools.traditionalTests.traditionalTestV2.CrossDeviceElementTest</td>
<td></td>
<td>0</td>
<td>com.natasha.applitools.traditionalTests.traditionalTestV2.CrossDeviceElementTest@7995092a</td></tr>
<tr>
<td title='com.natasha.applitools.traditionalTests.traditionalTestV2.CrossDeviceElementTest.checkViewByGridButtonIsDisplayedOnDesktop()'><b>checkViewByGridButtonIsDisplayedOnDesktop</b><br>Test class: com.natasha.applitools.traditionalTests.traditionalTestV2.CrossDeviceElementTest</td>
<td></td>
<td>0</td>
<td>com.natasha.applitools.traditionalTests.traditionalTestV2.CrossDeviceElementTest@7f1302d6</td></tr>
<tr>
<td title='com.natasha.applitools.traditionalTests.traditionalTestV2.CrossDeviceElementTest.checkViewByListButtonIsDisplayedOnDesktop()'><b>checkViewByListButtonIsDisplayedOnDesktop</b><br>Test class: com.natasha.applitools.traditionalTests.traditionalTestV2.CrossDeviceElementTest</td>
<td></td>
<td>0</td>
<td>com.natasha.applitools.traditionalTests.traditionalTestV2.CrossDeviceElementTest@2aa5fe93</td></tr>
<tr>
<td title='com.natasha.applitools.traditionalTests.traditionalTestV2.CrossDeviceElementTest.checkViewByListButtonIsDisplayedOnDesktop()'><b>checkViewByListButtonIsDisplayedOnDesktop</b><br>Test class: com.natasha.applitools.traditionalTests.traditionalTestV2.CrossDeviceElementTest</td>
<td></td>
<td>0</td>
<td>com.natasha.applitools.traditionalTests.traditionalTestV2.CrossDeviceElementTest@7995092a</td></tr>
<tr>
<td title='com.natasha.applitools.traditionalTests.traditionalTestV2.CrossDeviceElementTest.checkViewByListButtonIsDisplayedOnDesktop()'><b>checkViewByListButtonIsDisplayedOnDesktop</b><br>Test class: com.natasha.applitools.traditionalTests.traditionalTestV2.CrossDeviceElementTest</td>
<td></td>
<td>0</td>
<td>com.natasha.applitools.traditionalTests.traditionalTestV2.CrossDeviceElementTest@7f1302d6</td></tr>
<tr>
<td title='com.natasha.applitools.traditionalTests.traditionalTestV2.CrossDeviceElementTest.checkWishlistButtonIsDisplayedOnDesktop()'><b>checkWishlistButtonIsDisplayedOnDesktop</b><br>Test class: com.natasha.applitools.traditionalTests.traditionalTestV2.CrossDeviceElementTest</td>
<td></td>
<td>0</td>
<td>com.natasha.applitools.traditionalTests.traditionalTestV2.CrossDeviceElementTest@2aa5fe93</td></tr>
<tr>
<td title='com.natasha.applitools.traditionalTests.traditionalTestV2.CrossDeviceElementTest.checkWishlistButtonIsDisplayedOnDesktop()'><b>checkWishlistButtonIsDisplayedOnDesktop</b><br>Test class: com.natasha.applitools.traditionalTests.traditionalTestV2.CrossDeviceElementTest</td>
<td></td>
<td>0</td>
<td>com.natasha.applitools.traditionalTests.traditionalTestV2.CrossDeviceElementTest@7995092a</td></tr>
<tr>
<td title='com.natasha.applitools.traditionalTests.traditionalTestV2.CrossDeviceElementTest.checkWishlistButtonIsDisplayedOnDesktop()'><b>checkWishlistButtonIsDisplayedOnDesktop</b><br>Test class: com.natasha.applitools.traditionalTests.traditionalTestV2.CrossDeviceElementTest</td>
<td></td>
<td>0</td>
<td>com.natasha.applitools.traditionalTests.traditionalTestV2.CrossDeviceElementTest@7f1302d6</td></tr>
</table><p>
</body>
</html>