<?xml version="1.0" encoding="UTF-8"?>
<!-- Generated by org.testng.reporters.JUnitReportReporter -->
<testsuite hostname="bridgeusersMBP2.lan" failures="0" tests="1" name="com.natasha.applitools.modernTests.modernTestV1.ShoppingExperienceTest" time="3.290" errors="1" timestamp="2020-07-04T11:57:45 BST" skipped="0">
  <testcase classname="com.natasha.applitools.modernTests.modernTestV1.ShoppingExperienceTest" name="checkOnlyBlackShoesDisplayedWhenFilterByColorBlack" time="3.290">
    <error message="API key is missing! Please set it using setApiKey()" type="com.applitools.eyes.EyesException">
      <![CDATA[com.applitools.eyes.EyesException: API key is missing! Please set it using setApiKey()
at com.applitools.eyes.EyesBase.validateApiKey(EyesBase.java:1087)
at com.applitools.eyes.EyesBase.openBase(EyesBase.java:1011)
at com.applitools.eyes.selenium.SeleniumEyes.open(SeleniumEyes.java:282)
at com.applitools.eyes.selenium.SeleniumEyes.open(SeleniumEyes.java:245)
at com.applitools.eyes.selenium.Eyes.open(Eyes.java:1161)
at com.natasha.applitools.modernTests.modernTestV1.ShoppingExperienceTest.checkOnlyBlackShoesDisplayedWhenFilterByColorBlack(ShoppingExperienceTest.kt:11)
at java.base/jdk.internal.reflect.NativeMethodAccessorImpl.invoke0(Native Method)
at java.base/jdk.internal.reflect.NativeMethodAccessorImpl.invoke(NativeMethodAccessorImpl.java:62)
at java.base/jdk.internal.reflect.DelegatingMethodAccessorImpl.invoke(DelegatingMethodAccessorImpl.java:43)
at java.base/java.lang.reflect.Method.invoke(Method.java:567)
at org.testng.internal.MethodInvocationHelper.invokeMethod(MethodInvocationHelper.java:134)
at org.testng.internal.TestInvoker.invokeMethod(TestInvoker.java:597)
at org.testng.internal.TestInvoker.invokeTestMethod(TestInvoker.java:173)
at org.testng.internal.MethodRunner.runInSequence(MethodRunner.java:46)
at org.testng.internal.TestInvoker$MethodInvocationAgent.invoke(TestInvoker.java:816)
at org.testng.internal.TestInvoker.invokeTestMethods(TestInvoker.java:146)
at org.testng.internal.TestMethodWorker.invokeTestMethods(TestMethodWorker.java:146)
at org.testng.internal.TestMethodWorker.run(TestMethodWorker.java:128)
at java.base/java.util.ArrayList.forEach(ArrayList.java:1507)
at org.testng.TestRunner.privateRun(TestRunner.java:766)
at org.testng.TestRunner.run(TestRunner.java:587)
at org.testng.SuiteRunner.runTest(SuiteRunner.java:384)
at org.testng.SuiteRunner.runSequentially(SuiteRunner.java:378)
at org.testng.SuiteRunner.privateRun(SuiteRunner.java:337)
at org.testng.SuiteRunner.run(SuiteRunner.java:286)
at org.testng.SuiteRunnerWorker.runSuite(SuiteRunnerWorker.java:53)
at org.testng.SuiteRunnerWorker.run(SuiteRunnerWorker.java:96)
at org.testng.TestNG.runSuitesSequentially(TestNG.java:1187)
at org.testng.TestNG.runSuitesLocally(TestNG.java:1109)
at org.testng.TestNG.runSuites(TestNG.java:1039)
at org.testng.TestNG.run(TestNG.java:1007)
at org.apache.maven.surefire.testng.TestNGExecutor.run(TestNGExecutor.java:283)
at org.apache.maven.surefire.testng.TestNGXmlTestSuite.execute(TestNGXmlTestSuite.java:75)
at org.apache.maven.surefire.testng.TestNGProvider.invoke(TestNGProvider.java:120)
at org.apache.maven.surefire.booter.ForkedBooter.runSuitesInProcess(ForkedBooter.java:377)
at org.apache.maven.surefire.booter.ForkedBooter.execute(ForkedBooter.java:138)
at org.apache.maven.surefire.booter.ForkedBooter.run(ForkedBooter.java:465)
at org.apache.maven.surefire.booter.ForkedBooter.main(ForkedBooter.java:451)
]]>
    </error>
  </testcase> <!-- checkOnlyBlackShoesDisplayedWhenFilterByColorBlack -->
  <system-out/>
</testsuite> <!-- com.natasha.applitools.modernTests.modernTestV1.ShoppingExperienceTest -->
